#
# There is insufficient memory for the Java Runtime Environment to continue.
# Native memory allocation (malloc) failed to allocate 270336 bytes for Chunk::new
# Possible reasons:
#   The system is out of physical RAM or swap space
#   The process is running with CompressedOops enabled, and the Java Heap may be blocking the growth of the native heap
# Possible solutions:
#   Reduce memory load on the system
#   Increase physical memory or swap space
#   Check if swap backing store is full
#   Decrease Java heap size (-Xmx/-Xms)
#   Decrease number of Java threads
#   Decrease Java thread stack sizes (-Xss)
#   Set larger code cache with -XX:ReservedCodeCacheSize=
#   JVM is running with Unscaled Compressed Oops mode in which the Java heap is
#     placed in the first 4GB address space. The Java Heap base address is the
#     maximum limit for the native heap growth. Please use -XX:HeapBaseMinAddress
#     to set the Java Heap base and to place the Java Heap above 4GB virtual address.
# This output file may be truncated or incomplete.
#
#  Out of Memory Error (arena.cpp:189), pid=19328, tid=4340
#
# JRE version: OpenJDK Runtime Environment (17.0.6) (build 17.0.6+0-b2043.56-10027231)
# Java VM: OpenJDK 64-Bit Server VM (17.0.6+0-b2043.56-10027231, mixed mode, tiered, compressed oops, compressed class ptrs, g1 gc, windows-amd64)
# No core dump will be written. Minidumps are not enabled by default on client versions of Windows
#

---------------  S U M M A R Y ------------

Command Line: --add-opens=java.base/java.util=ALL-UNNAMED --add-opens=java.base/java.lang=ALL-UNNAMED --add-opens=java.base/java.lang.invoke=ALL-UNNAMED --add-opens=java.prefs/java.util.prefs=ALL-UNNAMED --add-opens=java.base/java.nio.charset=ALL-UNNAMED --add-opens=java.base/java.net=ALL-UNNAMED --add-opens=java.base/java.util.concurrent.atomic=ALL-UNNAMED -Xmx2048m -Dfile.encoding=UTF-8 -Duser.country=US -Duser.language=en -Duser.variant org.gradle.launcher.daemon.bootstrap.GradleDaemon 8.0

Host: 11th Gen Intel(R) Core(TM) i5-1135G7 @ 2.40GHz, 8 cores, 15G,  Windows 11 , 64 bit Build 22621 (10.0.22621.2506)
Time: Wed Nov 29 16:07:06 2023 SE Asia Standard Time elapsed time: 3.402303 seconds (0d 0h 0m 3s)

---------------  T H R E A D  ---------------

Current thread (0x0000018d5f9c7270):  JavaThread "C2 CompilerThread1" daemon [_thread_in_native, id=4340, stack(0x0000008324500000,0x0000008324600000)]


Current CompileTask:
C2:   3402 3877       4       java.security.CodeSource::<init> (52 bytes)

Stack: [0x0000008324500000,0x0000008324600000]
Native frames: (J=compiled Java code, j=interpreted, Vv=VM code, C=native code)
V  [jvm.dll+0x683c9a]
V  [jvm.dll+0x8427a4]
V  [jvm.dll+0x843f9e]
V  [jvm.dll+0x844603]
V  [jvm.dll+0x249b75]
V  [jvm.dll+0xabcac]
V  [jvm.dll+0xac27c]
V  [jvm.dll+0x2b0eef]
V  [jvm.dll+0x58a267]
V  [jvm.dll+0x2243b2]
V  [jvm.dll+0x21dd02]
V  [jvm.dll+0x21b51b]
V  [jvm.dll+0x1a4fdd]
V  [jvm.dll+0x22b098]
V  [jvm.dll+0x229159]
V  [jvm.dll+0x7f81ec]
V  [jvm.dll+0x7f274a]
V  [jvm.dll+0x682ad5]
C  [ucrtbase.dll+0x29363]
C  [KERNEL32.DLL+0x1257d]
C  [ntdll.dll+0x5aa58]


---------------  P R O C E S S  ---------------

Threads class SMR info:
_java_thread_list=0x0000018d653825a0, length=39, elements={
0x0000018d42d59460, 0x0000018d5f43f610, 0x0000018d5f4401c0, 0x0000018d5f4883c0,
0x0000018d5f488f70, 0x0000018d5f48ba30, 0x0000018d5f48c7f0, 0x0000018d5f48f990,
0x0000018d5f490430, 0x0000018d5f498e30, 0x0000018d5f603160, 0x0000018d5f605e60,
0x0000018d5f9c7270, 0x0000018d5f6e0400, 0x0000018d621637c0, 0x0000018d622b4a60,
0x0000018d60891cb0, 0x0000018d62501020, 0x0000018d60701c50, 0x0000018d61f0ce30,
0x0000018d61eba030, 0x0000018d60f19000, 0x0000018d60f19e70, 0x0000018d60f1b1b0,
0x0000018d60f1b680, 0x0000018d60f1bb50, 0x0000018d60f1c020, 0x0000018d60f1a810,
0x0000018d60f18660, 0x0000018d60f199a0, 0x0000018d60f18b30, 0x0000018d60f1a340,
0x0000018d60f194d0, 0x0000018d60f1ace0, 0x0000018d650e4ac0, 0x0000018d650e9c90,
0x0000018d650e5e00, 0x0000018d650e3780, 0x0000018d650e8e20
}

Java Threads: ( => current thread )
  0x0000018d42d59460 JavaThread "main" [_thread_blocked, id=15788, stack(0x0000008323200000,0x0000008323300000)]
  0x0000018d5f43f610 JavaThread "Reference Handler" daemon [_thread_blocked, id=5024, stack(0x0000008323900000,0x0000008323a00000)]
  0x0000018d5f4401c0 JavaThread "Finalizer" daemon [_thread_blocked, id=6528, stack(0x0000008323a00000,0x0000008323b00000)]
  0x0000018d5f4883c0 JavaThread "Signal Dispatcher" daemon [_thread_blocked, id=10724, stack(0x0000008323b00000,0x0000008323c00000)]
  0x0000018d5f488f70 JavaThread "Attach Listener" daemon [_thread_blocked, id=19064, stack(0x0000008323c00000,0x0000008323d00000)]
  0x0000018d5f48ba30 JavaThread "Service Thread" daemon [_thread_blocked, id=13060, stack(0x0000008323d00000,0x0000008323e00000)]
  0x0000018d5f48c7f0 JavaThread "Monitor Deflation Thread" daemon [_thread_blocked, id=18776, stack(0x0000008323e00000,0x0000008323f00000)]
  0x0000018d5f48f990 JavaThread "C2 CompilerThread0" daemon [_thread_in_native, id=11804, stack(0x0000008323f00000,0x0000008324000000)]
  0x0000018d5f490430 JavaThread "C1 CompilerThread0" daemon [_thread_in_native, id=13384, stack(0x0000008324000000,0x0000008324100000)]
  0x0000018d5f498e30 JavaThread "Sweeper thread" daemon [_thread_blocked, id=17724, stack(0x0000008324100000,0x0000008324200000)]
  0x0000018d5f603160 JavaThread "Common-Cleaner" daemon [_thread_blocked, id=5564, stack(0x0000008324200000,0x0000008324300000)]
  0x0000018d5f605e60 JavaThread "Notification Thread" daemon [_thread_blocked, id=7608, stack(0x0000008324300000,0x0000008324400000)]
=>0x0000018d5f9c7270 JavaThread "C2 CompilerThread1" daemon [_thread_in_native, id=4340, stack(0x0000008324500000,0x0000008324600000)]
  0x0000018d5f6e0400 JavaThread "C2 CompilerThread2" daemon [_thread_in_native, id=5216, stack(0x0000008324600000,0x0000008324700000)]
  0x0000018d621637c0 JavaThread "Daemon health stats" [_thread_blocked, id=15332, stack(0x0000008324c00000,0x0000008324d00000)]
  0x0000018d622b4a60 JavaThread "Incoming local TCP Connector on port 56049" [_thread_in_native, id=18464, stack(0x0000008324d00000,0x0000008324e00000)]
  0x0000018d60891cb0 JavaThread "Daemon periodic checks" [_thread_blocked, id=6656, stack(0x0000008324e00000,0x0000008324f00000)]
  0x0000018d62501020 JavaThread "Daemon" [_thread_blocked, id=11832, stack(0x0000008324f00000,0x0000008325000000)]
  0x0000018d60701c50 JavaThread "Handler for socket connection from /127.0.0.1:56049 to /127.0.0.1:56050" [_thread_in_native, id=11448, stack(0x0000008325000000,0x0000008325100000)]
  0x0000018d61f0ce30 JavaThread "Cancel handler" [_thread_blocked, id=18576, stack(0x0000008325100000,0x0000008325200000)]
  0x0000018d61eba030 JavaThread "Daemon worker" [_thread_in_Java, id=14536, stack(0x0000008325200000,0x0000008325300000)]
  0x0000018d60f19000 JavaThread "Asynchronous log dispatcher for DefaultDaemonConnection: socket connection from /127.0.0.1:56049 to /127.0.0.1:56050" [_thread_blocked, id=6648, stack(0x0000008325300000,0x0000008325400000)]
  0x0000018d60f19e70 JavaThread "Stdin handler" [_thread_blocked, id=11224, stack(0x0000008325400000,0x0000008325500000)]
  0x0000018d60f1b1b0 JavaThread "Daemon client event forwarder" [_thread_blocked, id=16152, stack(0x0000008325500000,0x0000008325600000)]
  0x0000018d60f1b680 JavaThread "Cache worker for journal cache (C:\Users\Acer\.gradle\caches\journal-1)" [_thread_blocked, id=12348, stack(0x0000008325900000,0x0000008325a00000)]
  0x0000018d60f1bb50 JavaThread "File lock request listener" [_thread_in_native, id=16608, stack(0x0000008325a00000,0x0000008325b00000)]
  0x0000018d60f1c020 JavaThread "Cache worker for file hash cache (C:\Users\Acer\.gradle\caches\8.0\fileHashes)" [_thread_blocked, id=15328, stack(0x0000008325b00000,0x0000008325c00000)]
  0x0000018d60f1a810 JavaThread "File watcher server" daemon [_thread_in_native, id=5764, stack(0x0000008325c00000,0x0000008325d00000)]
  0x0000018d60f18660 JavaThread "File watcher consumer" daemon [_thread_blocked, id=9860, stack(0x0000008325d00000,0x0000008325e00000)]
  0x0000018d60f199a0 JavaThread "Cache worker for checksums cache (D:\mon_hoc\mobile\Mob_Todo\client\.gradle\8.0\checksums)" [_thread_blocked, id=5280, stack(0x0000008325e00000,0x0000008325f00000)]
  0x0000018d60f18b30 JavaThread "Cache worker for cache directory md-rule (C:\Users\Acer\.gradle\caches\8.0\md-rule)" [_thread_blocked, id=5532, stack(0x0000008325f00000,0x0000008326000000)]
  0x0000018d60f1a340 JavaThread "Cache worker for file content cache (C:\Users\Acer\.gradle\caches\8.0\fileContent)" [_thread_blocked, id=12880, stack(0x0000008326000000,0x0000008326100000)]
  0x0000018d60f194d0 JavaThread "Cache worker for file hash cache (D:\mon_hoc\mobile\Mob_Todo\client\.gradle\8.0\fileHashes)" [_thread_blocked, id=12136, stack(0x0000008326100000,0x0000008326200000)]
  0x0000018d60f1ace0 JavaThread "Cache worker for cache directory md-supplier (C:\Users\Acer\.gradle\caches\8.0\md-supplier)" [_thread_blocked, id=19084, stack(0x0000008326200000,0x0000008326300000)]
  0x0000018d650e4ac0 JavaThread "Cache worker for execution history cache (C:\Users\Acer\.gradle\caches\8.0\executionHistory)" [_thread_blocked, id=13616, stack(0x0000008326300000,0x0000008326400000)]
  0x0000018d650e9c90 JavaThread "jar transforms" [_thread_blocked, id=16248, stack(0x0000008326400000,0x0000008326500000)]
  0x0000018d650e5e00 JavaThread "jar transforms Thread 2" [_thread_blocked, id=15568, stack(0x0000008326500000,0x0000008326600000)]
  0x0000018d650e3780 JavaThread "Cache worker for kotlin-dsl (C:\Users\Acer\.gradle\caches\8.0\kotlin-dsl)" [_thread_blocked, id=13100, stack(0x0000008326700000,0x0000008326800000)]
  0x0000018d650e8e20 JavaThread "jar transforms Thread 3" [_thread_blocked, id=328, stack(0x0000008326800000,0x0000008326900000)]

Other Threads:
  0x0000018d5eb59900 VMThread "VM Thread" [stack: 0x0000008323800000,0x0000008323900000] [id=18908]
  0x0000018d42dd2710 WatcherThread [stack: 0x0000008324400000,0x0000008324500000] [id=11160]
  0x0000018d42db4330 GCTaskThread "GC Thread#0" [stack: 0x0000008323300000,0x0000008323400000] [id=18048]
  0x0000018d5fd56a30 GCTaskThread "GC Thread#1" [stack: 0x0000008324700000,0x0000008324800000] [id=10064]
  0x0000018d5fd56ce0 GCTaskThread "GC Thread#2" [stack: 0x0000008324800000,0x0000008324900000] [id=18508]
  0x0000018d5fd56f90 GCTaskThread "GC Thread#3" [stack: 0x0000008324900000,0x0000008324a00000] [id=15712]
  0x0000018d5fd57240 GCTaskThread "GC Thread#4" [stack: 0x0000008324a00000,0x0000008324b00000] [id=9508]
  0x0000018d5fd574f0 GCTaskThread "GC Thread#5" [stack: 0x0000008324b00000,0x0000008324c00000] [id=12036]
  0x0000018d625440b0 GCTaskThread "GC Thread#6" [stack: 0x0000008325600000,0x0000008325700000] [id=19428]
  0x0000018d62544b70 GCTaskThread "GC Thread#7" [stack: 0x0000008325700000,0x0000008325800000] [id=7864]
  0x0000018d42dc7280 ConcurrentGCThread "G1 Main Marker" [stack: 0x0000008323400000,0x0000008323500000] [id=5300]
  0x0000018d42dc7c90 ConcurrentGCThread "G1 Conc#0" [stack: 0x0000008323500000,0x0000008323600000] [id=8784]
  0x0000018d62544e20 ConcurrentGCThread "G1 Conc#1" [stack: 0x0000008325800000,0x0000008325900000] [id=15624]
  0x0000018d5ea0a5b0 ConcurrentGCThread "G1 Refine#0" [stack: 0x0000008323600000,0x0000008323700000] [id=6360]
  0x0000018d603ad340 ConcurrentGCThread "G1 Refine#1" [stack: 0x0000008326600000,0x0000008326700000] [id=16464]
  0x0000018d5ea0afd0 ConcurrentGCThread "G1 Service" [stack: 0x0000008323700000,0x0000008323800000] [id=15080]

Threads with active compile tasks:
C2 CompilerThread0     3415 3891       4       java.net.URLStreamHandler::toExternalForm (156 bytes)
C2 CompilerThread1     3415 3877       4       java.security.CodeSource::<init> (52 bytes)
C2 CompilerThread2     3415 3895       4       java.util.regex.Pattern$Start::match (90 bytes)

VM state: not at safepoint (normal execution)

VM Mutex/Monitor currently owned by a thread: None

Heap address: 0x0000000080000000, size: 2048 MB, Compressed Oops mode: 32-bit

CDS archive(s) not mapped
Compressed class space mapped at: 0x0000000100000000-0x0000000140000000, reserved size: 1073741824
Narrow klass base: 0x0000000000000000, Narrow klass shift: 3, Narrow klass range: 0x140000000

GC Precious Log:
 CPUs: 8 total, 8 available
 Memory: 16179M
 Large Page Support: Disabled
 NUMA Support: Disabled
 Compressed Oops: Enabled (32-bit)
 Heap Region Size: 1M
 Heap Min Capacity: 8M
 Heap Initial Capacity: 254M
 Heap Max Capacity: 2G
 Pre-touch: Disabled
 Parallel Workers: 8
 Concurrent Workers: 2
 Concurrent Refinement Workers: 8
 Periodic GC: Disabled

Heap:
 garbage-first heap   total 82944K, used 49603K [0x0000000080000000, 0x0000000100000000)
  region size 1024K, 23 young (23552K), 3 survivors (3072K)
 Metaspace       used 44767K, committed 45184K, reserved 1089536K
  class space    used 5822K, committed 6016K, reserved 1048576K

Heap Regions: E=young(eden), S=young(survivor), O=old, HS=humongous(starts), HC=humongous(continues), CS=collection set, F=free, OA=open archive, CA=closed archive, TAMS=top-at-mark-start (previous, next)
|   0|0x0000000080000000, 0x0000000080100000, 0x0000000080100000|100%|HS|  |TAMS 0x0000000080100000, 0x0000000080000000| Complete 
|   1|0x0000000080100000, 0x0000000080200000, 0x0000000080200000|100%|HC|  |TAMS 0x0000000080200000, 0x0000000080100000| Complete 
|   2|0x0000000080200000, 0x0000000080300000, 0x0000000080300000|100%|HC|  |TAMS 0x0000000080300000, 0x0000000080200000| Complete 
|   3|0x0000000080300000, 0x0000000080400000, 0x0000000080400000|100%|HC|  |TAMS 0x0000000080400000, 0x0000000080300000| Complete 
|   4|0x0000000080400000, 0x0000000080500000, 0x0000000080500000|100%| O|  |TAMS 0x0000000080500000, 0x0000000080400000| Untracked 
|   5|0x0000000080500000, 0x0000000080600000, 0x0000000080600000|100%| O|  |TAMS 0x0000000080600000, 0x0000000080500000| Untracked 
|   6|0x0000000080600000, 0x0000000080700000, 0x0000000080700000|100%| O|  |TAMS 0x0000000080700000, 0x0000000080600000| Untracked 
|   7|0x0000000080700000, 0x0000000080800000, 0x0000000080800000|100%| O|  |TAMS 0x0000000080800000, 0x0000000080700000| Untracked 
|   8|0x0000000080800000, 0x0000000080900000, 0x0000000080900000|100%| O|  |TAMS 0x0000000080900000, 0x0000000080800000| Untracked 
|   9|0x0000000080900000, 0x0000000080a00000, 0x0000000080a00000|100%| O|  |TAMS 0x0000000080a00000, 0x0000000080900000| Untracked 
|  10|0x0000000080a00000, 0x0000000080b00000, 0x0000000080b00000|100%| O|  |TAMS 0x0000000080b00000, 0x0000000080a00000| Untracked 
|  11|0x0000000080b00000, 0x0000000080b8d800, 0x0000000080c00000| 55%| O|  |TAMS 0x0000000080b8d800, 0x0000000080b00000| Untracked 
|  12|0x0000000080c00000, 0x0000000080d00000, 0x0000000080d00000|100%| O|  |TAMS 0x0000000080d00000, 0x0000000080c00000| Untracked 
|  13|0x0000000080d00000, 0x0000000080e00000, 0x0000000080e00000|100%| O|  |TAMS 0x0000000080e00000, 0x0000000080d00000| Untracked 
|  14|0x0000000080e00000, 0x0000000080f00000, 0x0000000080f00000|100%| O|  |TAMS 0x0000000080f00000, 0x0000000080e00000| Untracked 
|  15|0x0000000080f00000, 0x0000000081000000, 0x0000000081000000|100%| O|  |TAMS 0x0000000081000000, 0x0000000080f00000| Untracked 
|  16|0x0000000081000000, 0x0000000081100000, 0x0000000081100000|100%| O|  |TAMS 0x0000000081100000, 0x0000000081000000| Untracked 
|  17|0x0000000081100000, 0x0000000081200000, 0x0000000081200000|100%| O|  |TAMS 0x0000000081200000, 0x0000000081100000| Untracked 
|  18|0x0000000081200000, 0x0000000081300000, 0x0000000081300000|100%| O|  |TAMS 0x0000000081300000, 0x0000000081200000| Untracked 
|  19|0x0000000081300000, 0x0000000081400000, 0x0000000081400000|100%| O|  |TAMS 0x0000000081400000, 0x0000000081300000| Untracked 
|  20|0x0000000081400000, 0x0000000081500000, 0x0000000081500000|100%| O|  |TAMS 0x000000008147fa00, 0x0000000081400000| Untracked 
|  21|0x0000000081500000, 0x0000000081600000, 0x0000000081600000|100%| O|  |TAMS 0x0000000081500000, 0x0000000081500000| Untracked 
|  22|0x0000000081600000, 0x0000000081700000, 0x0000000081700000|100%| O|  |TAMS 0x0000000081600000, 0x0000000081600000| Untracked 
|  23|0x0000000081700000, 0x0000000081800000, 0x0000000081800000|100%| O|  |TAMS 0x0000000081700000, 0x0000000081700000| Untracked 
|  24|0x0000000081800000, 0x0000000081900000, 0x0000000081900000|100%| O|  |TAMS 0x0000000081800000, 0x0000000081800000| Untracked 
|  25|0x0000000081900000, 0x0000000081a00000, 0x0000000081a00000|100%|HS|  |TAMS 0x0000000081900000, 0x0000000081900000| Complete 
|  26|0x0000000081a00000, 0x0000000081a00000, 0x0000000081b00000|  0%| F|  |TAMS 0x0000000081a00000, 0x0000000081a00000| Untracked 
|  27|0x0000000081b00000, 0x0000000081b00000, 0x0000000081c00000|  0%| F|  |TAMS 0x0000000081b00000, 0x0000000081b00000| Untracked 
|  28|0x0000000081c00000, 0x0000000081d00000, 0x0000000081d00000|100%| O|  |TAMS 0x0000000081c00000, 0x0000000081c00000| Untracked 
|  29|0x0000000081d00000, 0x0000000081e00000, 0x0000000081e00000|100%| O|  |TAMS 0x0000000081d00000, 0x0000000081d00000| Untracked 
|  30|0x0000000081e00000, 0x0000000081e91e00, 0x0000000081f00000| 56%| O|  |TAMS 0x0000000081e00000, 0x0000000081e00000| Untracked 
|  31|0x0000000081f00000, 0x0000000081f00000, 0x0000000082000000|  0%| F|  |TAMS 0x0000000081f00000, 0x0000000081f00000| Untracked 
|  32|0x0000000082000000, 0x0000000082000000, 0x0000000082100000|  0%| F|  |TAMS 0x0000000082000000, 0x0000000082000000| Untracked 
|  33|0x0000000082100000, 0x0000000082100000, 0x0000000082200000|  0%| F|  |TAMS 0x0000000082100000, 0x0000000082100000| Untracked 
|  34|0x0000000082200000, 0x0000000082200000, 0x0000000082300000|  0%| F|  |TAMS 0x0000000082200000, 0x0000000082200000| Untracked 
|  35|0x0000000082300000, 0x0000000082300000, 0x0000000082400000|  0%| F|  |TAMS 0x0000000082300000, 0x0000000082300000| Untracked 
|  36|0x0000000082400000, 0x0000000082400000, 0x0000000082500000|  0%| F|  |TAMS 0x0000000082400000, 0x0000000082400000| Untracked 
|  37|0x0000000082500000, 0x0000000082500000, 0x0000000082600000|  0%| F|  |TAMS 0x0000000082500000, 0x0000000082500000| Untracked 
|  38|0x0000000082600000, 0x0000000082600000, 0x0000000082700000|  0%| F|  |TAMS 0x0000000082600000, 0x0000000082600000| Untracked 
|  39|0x0000000082700000, 0x0000000082700000, 0x0000000082800000|  0%| F|  |TAMS 0x0000000082700000, 0x0000000082700000| Untracked 
|  40|0x0000000082800000, 0x0000000082800000, 0x0000000082900000|  0%| F|  |TAMS 0x0000000082800000, 0x0000000082800000| Untracked 
|  41|0x0000000082900000, 0x0000000082900000, 0x0000000082a00000|  0%| F|  |TAMS 0x0000000082900000, 0x0000000082900000| Untracked 
|  42|0x0000000082a00000, 0x0000000082a51760, 0x0000000082b00000| 31%| S|CS|TAMS 0x0000000082a00000, 0x0000000082a00000| Complete 
|  43|0x0000000082b00000, 0x0000000082c00000, 0x0000000082c00000|100%| S|CS|TAMS 0x0000000082b00000, 0x0000000082b00000| Complete 
|  44|0x0000000082c00000, 0x0000000082d00000, 0x0000000082d00000|100%| S|CS|TAMS 0x0000000082c00000, 0x0000000082c00000| Complete 
|  45|0x0000000082d00000, 0x0000000082d00000, 0x0000000082e00000|  0%| F|  |TAMS 0x0000000082d00000, 0x0000000082d00000| Untracked 
|  46|0x0000000082e00000, 0x0000000082e00000, 0x0000000082f00000|  0%| F|  |TAMS 0x0000000082e00000, 0x0000000082e00000| Untracked 
|  47|0x0000000082f00000, 0x0000000082f00000, 0x0000000083000000|  0%| F|  |TAMS 0x0000000082f00000, 0x0000000082f00000| Untracked 
|  48|0x0000000083000000, 0x0000000083000000, 0x0000000083100000|  0%| F|  |TAMS 0x0000000083000000, 0x0000000083000000| Untracked 
|  49|0x0000000083100000, 0x0000000083100000, 0x0000000083200000|  0%| F|  |TAMS 0x0000000083100000, 0x0000000083100000| Untracked 
|  50|0x0000000083200000, 0x0000000083200000, 0x0000000083300000|  0%| F|  |TAMS 0x0000000083200000, 0x0000000083200000| Untracked 
|  51|0x0000000083300000, 0x0000000083300000, 0x0000000083400000|  0%| F|  |TAMS 0x0000000083300000, 0x0000000083300000| Untracked 
|  52|0x0000000083400000, 0x0000000083400000, 0x0000000083500000|  0%| F|  |TAMS 0x0000000083400000, 0x0000000083400000| Untracked 
|  53|0x0000000083500000, 0x0000000083500000, 0x0000000083600000|  0%| F|  |TAMS 0x0000000083500000, 0x0000000083500000| Untracked 
|  54|0x0000000083600000, 0x0000000083600000, 0x0000000083700000|  0%| F|  |TAMS 0x0000000083600000, 0x0000000083600000| Untracked 
|  55|0x0000000083700000, 0x0000000083700000, 0x0000000083800000|  0%| F|  |TAMS 0x0000000083700000, 0x0000000083700000| Untracked 
|  56|0x0000000083800000, 0x0000000083800000, 0x0000000083900000|  0%| F|  |TAMS 0x0000000083800000, 0x0000000083800000| Untracked 
|  57|0x0000000083900000, 0x0000000083900000, 0x0000000083a00000|  0%| F|  |TAMS 0x0000000083900000, 0x0000000083900000| Untracked 
|  58|0x0000000083a00000, 0x0000000083a00000, 0x0000000083b00000|  0%| F|  |TAMS 0x0000000083a00000, 0x0000000083a00000| Untracked 
|  59|0x0000000083b00000, 0x0000000083b00000, 0x0000000083c00000|  0%| F|  |TAMS 0x0000000083b00000, 0x0000000083b00000| Untracked 
|  60|0x0000000083c00000, 0x0000000083c00000, 0x0000000083d00000|  0%| F|  |TAMS 0x0000000083c00000, 0x0000000083c00000| Untracked 
|  61|0x0000000083d00000, 0x0000000083da9a80, 0x0000000083e00000| 66%| E|  |TAMS 0x0000000083d00000, 0x0000000083d00000| Complete 
|  62|0x0000000083e00000, 0x0000000083f00000, 0x0000000083f00000|100%| E|CS|TAMS 0x0000000083e00000, 0x0000000083e00000| Complete 
|  63|0x0000000083f00000, 0x0000000084000000, 0x0000000084000000|100%| E|CS|TAMS 0x0000000083f00000, 0x0000000083f00000| Complete 
|  64|0x0000000084000000, 0x0000000084100000, 0x0000000084100000|100%| E|CS|TAMS 0x0000000084000000, 0x0000000084000000| Complete 
|  65|0x0000000084100000, 0x0000000084200000, 0x0000000084200000|100%| E|CS|TAMS 0x0000000084100000, 0x0000000084100000| Complete 
|  66|0x0000000084200000, 0x0000000084300000, 0x0000000084300000|100%| E|  |TAMS 0x0000000084200000, 0x0000000084200000| Complete 
|  67|0x0000000084300000, 0x0000000084400000, 0x0000000084400000|100%| E|CS|TAMS 0x0000000084300000, 0x0000000084300000| Complete 
|  68|0x0000000084400000, 0x0000000084500000, 0x0000000084500000|100%| E|CS|TAMS 0x0000000084400000, 0x0000000084400000| Complete 
|  69|0x0000000084500000, 0x0000000084600000, 0x0000000084600000|100%| E|CS|TAMS 0x0000000084500000, 0x0000000084500000| Complete 
|  70|0x0000000084600000, 0x0000000084700000, 0x0000000084700000|100%| E|CS|TAMS 0x0000000084600000, 0x0000000084600000| Complete 
|  71|0x0000000084700000, 0x0000000084800000, 0x0000000084800000|100%| E|CS|TAMS 0x0000000084700000, 0x0000000084700000| Complete 
| 205|0x000000008cd00000, 0x000000008ce00000, 0x000000008ce00000|100%| E|CS|TAMS 0x000000008cd00000, 0x000000008cd00000| Complete 
| 206|0x000000008ce00000, 0x000000008cf00000, 0x000000008cf00000|100%| E|CS|TAMS 0x000000008ce00000, 0x000000008ce00000| Complete 
| 207|0x000000008cf00000, 0x000000008d000000, 0x000000008d000000|100%| E|CS|TAMS 0x000000008cf00000, 0x000000008cf00000| Complete 
| 208|0x000000008d000000, 0x000000008d100000, 0x000000008d100000|100%| E|CS|TAMS 0x000000008d000000, 0x000000008d000000| Complete 
| 209|0x000000008d100000, 0x000000008d200000, 0x000000008d200000|100%| E|CS|TAMS 0x000000008d100000, 0x000000008d100000| Complete 
| 210|0x000000008d200000, 0x000000008d300000, 0x000000008d300000|100%| E|CS|TAMS 0x000000008d200000, 0x000000008d200000| Complete 
| 211|0x000000008d300000, 0x000000008d400000, 0x000000008d400000|100%| E|CS|TAMS 0x000000008d300000, 0x000000008d300000| Complete 
| 212|0x000000008d400000, 0x000000008d500000, 0x000000008d500000|100%| E|CS|TAMS 0x000000008d400000, 0x000000008d400000| Complete 
| 253|0x000000008fd00000, 0x000000008fe00000, 0x000000008fe00000|100%| E|CS|TAMS 0x000000008fd00000, 0x000000008fd00000| Complete 

Card table byte_map: [0x0000018d57860000,0x0000018d57c60000] _byte_map_base: 0x0000018d57460000

Marking Bits (Prev, Next): (CMBitMap*) 0x0000018d42db4940, (CMBitMap*) 0x0000018d42db4980
 Prev Bits: [0x0000018d58060000, 0x0000018d5a060000)
 Next Bits: [0x0000018d5a060000, 0x0000018d5c060000)

Polling page: 0x0000018d42e20000

Metaspace:

Usage:
  Non-class:     38.05 MB used.
      Class:      5.69 MB used.
       Both:     43.73 MB used.

Virtual space:
  Non-class space:       40.00 MB reserved,      38.31 MB ( 96%) committed,  5 nodes.
      Class space:        1.00 GB reserved,       5.88 MB ( <1%) committed,  1 nodes.
             Both:        1.04 GB reserved,      44.19 MB (  4%) committed. 

Chunk freelists:
   Non-Class:  1.17 MB
       Class:  2.07 MB
        Both:  3.24 MB

MaxMetaspaceSize: unlimited
CompressedClassSpaceSize: 1.00 GB
Initial GC threshold: 21.00 MB
Current GC threshold: 58.88 MB
CDS: off
MetaspaceReclaimPolicy: balanced
 - commit_granule_bytes: 65536.
 - commit_granule_words: 8192.
 - virtual_space_node_default_size: 1048576.
 - enlarge_chunks_in_place: 1.
 - new_chunks_are_fully_committed: 0.
 - uncommit_free_chunks: 1.
 - use_allocation_guard: 0.
 - handle_deallocations: 1.


Internal statistics:

num_allocs_failed_limit: 6.
num_arena_births: 464.
num_arena_deaths: 0.
num_vsnodes_births: 6.
num_vsnodes_deaths: 0.
num_space_committed: 707.
num_space_uncommitted: 0.
num_chunks_returned_to_freelist: 6.
num_chunks_taken_from_freelist: 1746.
num_chunk_merges: 6.
num_chunk_splits: 1182.
num_chunks_enlarged: 849.
num_purges: 0.
num_inconsistent_stats: 0.

CodeHeap 'non-profiled nmethods': size=120000Kb used=2247Kb max_used=2247Kb free=117753Kb
 bounds [0x0000018d4f4d0000, 0x0000018d4f740000, 0x0000018d56a00000]
CodeHeap 'profiled nmethods': size=120000Kb used=8078Kb max_used=8078Kb free=111921Kb
 bounds [0x0000018d47a00000, 0x0000018d481f0000, 0x0000018d4ef30000]
CodeHeap 'non-nmethods': size=5760Kb used=2298Kb max_used=2344Kb free=3461Kb
 bounds [0x0000018d4ef30000, 0x0000018d4f1a0000, 0x0000018d4f4d0000]
 total_blobs=4686 nmethods=3892 adapters=706
 compilation: enabled
              stopped_count=0, restarted_count=0
 full_count=0

Compilation events (20 events):
Event: 3.395 Thread 0x0000018d5f490430 nmethod 3884 0x0000018d481d8990 code [0x0000018d481d8d20, 0x0000018d481da8a8]
Event: 3.395 Thread 0x0000018d5f490430 3885       3       java.lang.invoke.InnerClassLambdaMetafactory$ForwardingMethodGenerator::convertArgumentTypes (96 bytes)
Event: 3.395 Thread 0x0000018d5f490430 nmethod 3885 0x0000018d481db110 code [0x0000018d481db360, 0x0000018d481dbdb8]
Event: 3.395 Thread 0x0000018d5f490430 3889       3       java.lang.invoke.InnerClassLambdaMetafactory::spinInnerClass (118 bytes)
Event: 3.396 Thread 0x0000018d5f490430 nmethod 3889 0x0000018d481dc310 code [0x0000018d481dc4e0, 0x0000018d481dc7d8]
Event: 3.396 Thread 0x0000018d5f490430 3879       3       java.lang.invoke.LambdaProxyClassArchive::find (63 bytes)
Event: 3.396 Thread 0x0000018d5f490430 nmethod 3879 0x0000018d481dc890 code [0x0000018d481dcaa0, 0x0000018d481dd1d8]
Event: 3.396 Thread 0x0000018d5f490430 3880       3       java.lang.invoke.LambdaProxyClassArchive::loadedByBuiltinLoader (22 bytes)
Event: 3.396 Thread 0x0000018d5f490430 nmethod 3880 0x0000018d481dd410 code [0x0000018d481dd660, 0x0000018d481de1d8]
Event: 3.396 Thread 0x0000018d5f490430 3883       3       java.lang.invoke.InnerClassLambdaMetafactory$ForwardingMethodGenerator::<init> (11 bytes)
Event: 3.396 Thread 0x0000018d5f490430 nmethod 3883 0x0000018d481de590 code [0x0000018d481de740, 0x0000018d481de948]
Event: 3.396 Thread 0x0000018d5f490430 3886       3       java.lang.invoke.InnerClassLambdaMetafactory$ForwardingMethodGenerator::invocationOpcode (104 bytes)
Event: 3.397 Thread 0x0000018d5f490430 nmethod 3886 0x0000018d481dea10 code [0x0000018d481dec60, 0x0000018d481df498]
Event: 3.397 Thread 0x0000018d5f490430 3887       3       java.lang.invoke.InnerClassLambdaMetafactory::getReturnOpcode (20 bytes)
Event: 3.397 Thread 0x0000018d5f490430 nmethod 3887 0x0000018d481df790 code [0x0000018d481df940, 0x0000018d481dfac8]
Event: 3.397 Thread 0x0000018d5f490430 3888       1       org.gradle.launcher.daemon.server.exec.DaemonConnectionBackedEventConsumer::access$000 (5 bytes)
Event: 3.397 Thread 0x0000018d5f490430 nmethod 3888 0x0000018d4f701610 code [0x0000018d4f7017a0, 0x0000018d4f701858]
Event: 3.399 Thread 0x0000018d5f490430 3890       3       sun.invoke.util.VerifyAccess::isModuleAccessible (97 bytes)
Event: 3.400 Thread 0x0000018d5f490430 nmethod 3890 0x0000018d481dfb90 code [0x0000018d481dfe60, 0x0000018d481e0b48]
Event: 3.400 Thread 0x0000018d5f48f990 3891       4       java.net.URLStreamHandler::toExternalForm (156 bytes)

GC Heap History (18 events):
Event: 0.557 GC heap before
{Heap before GC invocations=0 (full 0):
 garbage-first heap   total 260096K, used 26624K [0x0000000080000000, 0x0000000100000000)
  region size 1024K, 23 young (23552K), 0 survivors (0K)
 Metaspace       used 10251K, committed 10432K, reserved 1064960K
  class space    used 1058K, committed 1152K, reserved 1048576K
}
Event: 0.560 GC heap after
{Heap after GC invocations=1 (full 0):
 garbage-first heap   total 260096K, used 10443K [0x0000000080000000, 0x0000000100000000)
  region size 1024K, 3 young (3072K), 3 survivors (3072K)
 Metaspace       used 10251K, committed 10432K, reserved 1064960K
  class space    used 1058K, committed 1152K, reserved 1048576K
}
Event: 0.815 GC heap before
{Heap before GC invocations=1 (full 0):
 garbage-first heap   total 260096K, used 41163K [0x0000000080000000, 0x0000000100000000)
  region size 1024K, 32 young (32768K), 3 survivors (3072K)
 Metaspace       used 11201K, committed 11456K, reserved 1064960K
  class space    used 1162K, committed 1280K, reserved 1048576K
}
Event: 0.820 GC heap after
{Heap after GC invocations=2 (full 0):
 garbage-first heap   total 260096K, used 14902K [0x0000000080000000, 0x0000000100000000)
  region size 1024K, 4 young (4096K), 4 survivors (4096K)
 Metaspace       used 11201K, committed 11456K, reserved 1064960K
  class space    used 1162K, committed 1280K, reserved 1048576K
}
Event: 1.615 GC heap before
{Heap before GC invocations=2 (full 0):
 garbage-first heap   total 260096K, used 51766K [0x0000000080000000, 0x0000000100000000)
  region size 1024K, 41 young (41984K), 4 survivors (4096K)
 Metaspace       used 21322K, committed 21504K, reserved 1073152K
  class space    used 2604K, committed 2688K, reserved 1048576K
}
Event: 1.621 GC heap after
{Heap after GC invocations=3 (full 0):
 garbage-first heap   total 260096K, used 18468K [0x0000000080000000, 0x0000000100000000)
  region size 1024K, 8 young (8192K), 8 survivors (8192K)
 Metaspace       used 21322K, committed 21504K, reserved 1073152K
  class space    used 2604K, committed 2688K, reserved 1048576K
}
Event: 2.100 GC heap before
{Heap before GC invocations=4 (full 0):
 garbage-first heap   total 68608K, used 51236K [0x0000000080000000, 0x0000000100000000)
  region size 1024K, 40 young (40960K), 8 survivors (8192K)
 Metaspace       used 26277K, committed 26560K, reserved 1073152K
  class space    used 3463K, committed 3584K, reserved 1048576K
}
Event: 2.106 GC heap after
{Heap after GC invocations=5 (full 0):
 garbage-first heap   total 68608K, used 20987K [0x0000000080000000, 0x0000000100000000)
  region size 1024K, 3 young (3072K), 3 survivors (3072K)
 Metaspace       used 26277K, committed 26560K, reserved 1073152K
  class space    used 3463K, committed 3584K, reserved 1048576K
}
Event: 2.389 GC heap before
{Heap before GC invocations=5 (full 0):
 garbage-first heap   total 68608K, used 45563K [0x0000000080000000, 0x0000000100000000)
  region size 1024K, 28 young (28672K), 3 survivors (3072K)
 Metaspace       used 30326K, committed 30592K, reserved 1081344K
  class space    used 4118K, committed 4224K, reserved 1048576K
}
Event: 2.392 GC heap after
{Heap after GC invocations=6 (full 0):
 garbage-first heap   total 68608K, used 22185K [0x0000000080000000, 0x0000000100000000)
  region size 1024K, 4 young (4096K), 4 survivors (4096K)
 Metaspace       used 30326K, committed 30592K, reserved 1081344K
  class space    used 4118K, committed 4224K, reserved 1048576K
}
Event: 2.690 GC heap before
{Heap before GC invocations=6 (full 0):
 garbage-first heap   total 68608K, used 48809K [0x0000000080000000, 0x0000000100000000)
  region size 1024K, 30 young (30720K), 4 survivors (4096K)
 Metaspace       used 34825K, committed 35136K, reserved 1081344K
  class space    used 4830K, committed 4992K, reserved 1048576K
}
Event: 2.694 GC heap after
{Heap after GC invocations=7 (full 0):
 garbage-first heap   total 68608K, used 23994K [0x0000000080000000, 0x0000000100000000)
  region size 1024K, 4 young (4096K), 4 survivors (4096K)
 Metaspace       used 34825K, committed 35136K, reserved 1081344K
  class space    used 4830K, committed 4992K, reserved 1048576K
}
Event: 2.739 GC heap before
{Heap before GC invocations=7 (full 0):
 garbage-first heap   total 68608K, used 26042K [0x0000000080000000, 0x0000000100000000)
  region size 1024K, 8 young (8192K), 4 survivors (4096K)
 Metaspace       used 35620K, committed 35968K, reserved 1081344K
  class space    used 4878K, committed 5056K, reserved 1048576K
}
Event: 2.742 GC heap after
{Heap after GC invocations=8 (full 0):
 garbage-first heap   total 68608K, used 24513K [0x0000000080000000, 0x0000000100000000)
  region size 1024K, 3 young (3072K), 3 survivors (3072K)
 Metaspace       used 35620K, committed 35968K, reserved 1081344K
  class space    used 4878K, committed 5056K, reserved 1048576K
}
Event: 2.983 GC heap before
{Heap before GC invocations=9 (full 0):
 garbage-first heap   total 68608K, used 49089K [0x0000000080000000, 0x0000000100000000)
  region size 1024K, 28 young (28672K), 3 survivors (3072K)
 Metaspace       used 40381K, committed 40704K, reserved 1089536K
  class space    used 5357K, committed 5504K, reserved 1048576K
}
Event: 2.986 GC heap after
{Heap after GC invocations=10 (full 0):
 garbage-first heap   total 68608K, used 28686K [0x0000000080000000, 0x0000000100000000)
  region size 1024K, 4 young (4096K), 4 survivors (4096K)
 Metaspace       used 40381K, committed 40704K, reserved 1089536K
  class space    used 5357K, committed 5504K, reserved 1048576K
}
Event: 3.251 GC heap before
{Heap before GC invocations=10 (full 0):
 garbage-first heap   total 68608K, used 54286K [0x0000000080000000, 0x0000000100000000)
  region size 1024K, 26 young (26624K), 4 survivors (4096K)
 Metaspace       used 42969K, committed 43392K, reserved 1089536K
  class space    used 5640K, committed 5824K, reserved 1048576K
}
Event: 3.255 GC heap after
{Heap after GC invocations=11 (full 0):
 garbage-first heap   total 82944K, used 30147K [0x0000000080000000, 0x0000000100000000)
  region size 1024K, 3 young (3072K), 3 survivors (3072K)
 Metaspace       used 42969K, committed 43392K, reserved 1089536K
  class space    used 5640K, committed 5824K, reserved 1048576K
}

Dll operation events (2 events):
Event: 0.006 Loaded shared library C:\Program Files\Android\Android Studio1\jbr\bin\java.dll
Event: 0.347 Loaded shared library C:\Program Files\Android\Android Studio1\jbr\bin\verify.dll

Deoptimization events (20 events):
Event: 3.273 Thread 0x0000018d61eba030 Uncommon trap: trap_request=0xffffffcc fr.pc=0x0000018d4f6cb7e8 relative=0x0000000000005088
Event: 3.273 Thread 0x0000018d61eba030 Uncommon trap: reason=intrinsic_or_type_checked_inlining action=make_not_entrant pc=0x0000018d4f6cb7e8 method=java.util.ArrayList$SubList.toArray([Ljava/lang/Object;)[Ljava/lang/Object; @ 58 c2
Event: 3.273 Thread 0x0000018d61eba030 DEOPT PACKING pc=0x0000018d4f6cb7e8 sp=0x00000083252f9230
Event: 3.273 Thread 0x0000018d61eba030 DEOPT UNPACKING pc=0x0000018d4ef8a1a3 sp=0x00000083252f9198 mode 2
Event: 3.329 Thread 0x0000018d61eba030 Uncommon trap: trap_request=0xffffffde fr.pc=0x0000018d4f6b4724 relative=0x0000000000000444
Event: 3.329 Thread 0x0000018d61eba030 Uncommon trap: reason=class_check action=maybe_recompile pc=0x0000018d4f6b4724 method=java.util.stream.ReferencePipeline.forEachWithCancel(Ljava/util/Spliterator;Ljava/util/stream/Sink;)Z @ 1 c2
Event: 3.329 Thread 0x0000018d61eba030 DEOPT PACKING pc=0x0000018d4f6b4724 sp=0x00000083252f85b0
Event: 3.329 Thread 0x0000018d61eba030 DEOPT UNPACKING pc=0x0000018d4ef8a1a3 sp=0x00000083252f8480 mode 2
Event: 3.330 Thread 0x0000018d61eba030 Uncommon trap: trap_request=0xffffffde fr.pc=0x0000018d4f6b4724 relative=0x0000000000000444
Event: 3.330 Thread 0x0000018d61eba030 Uncommon trap: reason=class_check action=maybe_recompile pc=0x0000018d4f6b4724 method=java.util.stream.ReferencePipeline.forEachWithCancel(Ljava/util/Spliterator;Ljava/util/stream/Sink;)Z @ 1 c2
Event: 3.330 Thread 0x0000018d61eba030 DEOPT PACKING pc=0x0000018d4f6b4724 sp=0x00000083252f85b0
Event: 3.330 Thread 0x0000018d61eba030 DEOPT UNPACKING pc=0x0000018d4ef8a1a3 sp=0x00000083252f8480 mode 2
Event: 3.333 Thread 0x0000018d61eba030 Uncommon trap: trap_request=0xffffffde fr.pc=0x0000018d4f6b4724 relative=0x0000000000000444
Event: 3.333 Thread 0x0000018d61eba030 Uncommon trap: reason=class_check action=maybe_recompile pc=0x0000018d4f6b4724 method=java.util.stream.ReferencePipeline.forEachWithCancel(Ljava/util/Spliterator;Ljava/util/stream/Sink;)Z @ 1 c2
Event: 3.333 Thread 0x0000018d61eba030 DEOPT PACKING pc=0x0000018d4f6b4724 sp=0x00000083252f8230
Event: 3.333 Thread 0x0000018d61eba030 DEOPT UNPACKING pc=0x0000018d4ef8a1a3 sp=0x00000083252f8100 mode 2
Event: 3.345 Thread 0x0000018d61eba030 Uncommon trap: trap_request=0xffffffde fr.pc=0x0000018d4f6b0af0 relative=0x0000000000000490
Event: 3.345 Thread 0x0000018d61eba030 Uncommon trap: reason=class_check action=maybe_recompile pc=0x0000018d4f6b0af0 method=java.util.stream.ReferencePipeline.forEachWithCancel(Ljava/util/Spliterator;Ljava/util/stream/Sink;)Z @ 1 c2
Event: 3.345 Thread 0x0000018d61eba030 DEOPT PACKING pc=0x0000018d4f6b0af0 sp=0x00000083252f7e00
Event: 3.345 Thread 0x0000018d61eba030 DEOPT UNPACKING pc=0x0000018d4ef8a1a3 sp=0x00000083252f7da0 mode 2

Classes unloaded (0 events):
No events

Classes redefined (0 events):
No events

Internal exceptions (20 events):
Event: 3.166 Thread 0x0000018d61eba030 Exception <a 'java/lang/ClassNotFoundException'{0x000000008326e018}: org/gradle/configuration/internal/DefaultListenerBuildOperationDecorator$BuildOperationEmittingClosureBeanInfo> (0x000000008326e018) 
thrown [s\src\hotspot\share\classfile\systemDictionary.cpp, line 256]
Event: 3.167 Thread 0x0000018d61eba030 Exception <a 'java/lang/ClassNotFoundException'{0x000000008327cf20}: org/gradle/configuration/internal/DefaultListenerBuildOperationDecorator$BuildOperationEmittingClosureCustomizer> (0x000000008327cf20) 
thrown [s\src\hotspot\share\classfile\systemDictionary.cpp, line 256]
Event: 3.190 Thread 0x0000018d61eba030 Exception <a 'java/lang/NoSuchMethodError'{0x0000000083196a20}: 'java.lang.Object java.lang.invoke.DirectMethodHandle$Holder.newInvokeSpecial(java.lang.Object, java.lang.Object, int, int)'> (0x0000000083196a20) 
thrown [s\src\hotspot\share\interpreter\linkResolver.cpp, line 771]
Event: 3.212 Thread 0x0000018d61eba030 Exception <a 'java/lang/NoSuchMethodError'{0x00000000830c4a30}: 'java.lang.Object java.lang.invoke.DirectMethodHandle$Holder.invokeSpecial(java.lang.Object, java.lang.Object, java.lang.Object, java.lang.Object, java.lang.Object, java.lang.Object, java.lang.Object, java.lang.Object, java.lang.Object, java.lang.Object)'> (0x00000000830c4a30) 
thrown [s\src\hotspot\share\interpreter\linkResolver.cpp, line 771]
Event: 3.212 Thread 0x0000018d61eba030 Exception <a 'java/lang/NoSuchMethodError'{0x00000000830cd608}: 'java.lang.Object java.lang.invoke.Invokers$Holder.invoker(java.lang.Object, java.lang.Object, java.lang.Object, java.lang.Object, java.lang.Object, java.lang.Object, java.lang.Object, java.lang.Object, java.lang.Object)'> (0x00000000830cd608) 
thrown [s\src\hotspot\share\interpreter\linkResolver.cpp, line 771]
Event: 3.220 Thread 0x0000018d61eba030 Exception <a 'java/lang/NoSuchMethodError'{0x0000000082f6fbc0}: 'java.lang.Object java.lang.invoke.Invokers$Holder.invoker(java.lang.Object, java.lang.Object, java.lang.Object, java.lang.Object)'> (0x0000000082f6fbc0) 
thrown [s\src\hotspot\share\interpreter\linkResolver.cpp, line 771]
Event: 3.231 Thread 0x0000018d61eba030 Exception <a 'java/lang/NoSuchMethodError'{0x0000000082e252a0}: 'java.lang.Object java.lang.invoke.DelegatingMethodHandle$Holder.reinvoke_L(java.lang.Object, java.lang.Object, java.lang.Object, java.lang.Object, java.lang.Object, java.lang.Object, java.lang.Object, java.lang.Object, java.lang.Object, java.lang.Object, java.lang.Object, java.lang.Object, java.lang.Object, java.lang.Object, java.lang.Object, java.lang.Object, java.lang.Object, java.lang.Object, java.lang.Object, java.lang.Object, java.lang.O
Event: 3.231 Thread 0x0000018d61eba030 Exception <a 'java/lang/NoSuchMethodError'{0x0000000082e30a70}: 'java.lang.Object java.lang.invoke.Invokers$Holder.invoker(java.lang.Object, java.lang.Object, java.lang.Object, java.lang.Object, java.lang.Object, java.lang.Object, java.lang.Object, java.lang.Object, java.lang.Object, java.lang.Object, java.lang.Object, java.lang.Object, java.lang.Object, java.lang.Object, java.lang.Object, java.lang.Object, java.lang.Object, java.lang.Object, java.lang.Object, java.lang.Object, java.lang.Object)'> (0x00000
Event: 3.231 Thread 0x0000018d61eba030 Exception <a 'java/lang/NoSuchMethodError'{0x0000000082e37428}: 'java.lang.Object java.lang.invoke.DelegatingMethodHandle$Holder.delegate(java.lang.Object, java.lang.Object, java.lang.Object, java.lang.Object, java.lang.Object, java.lang.Object, java.lang.Object, java.lang.Object, java.lang.Object, java.lang.Object, java.lang.Object, java.lang.Object, java.lang.Object, java.lang.Object, java.lang.Object, java.lang.Object, java.lang.Object, java.lang.Object, java.lang.Object, java.lang.Object, java.lang.Obj
Event: 3.236 Thread 0x0000018d61eba030 Exception <a 'java/lang/NoSuchMethodError'{0x0000000082ea6d80}: 'java.lang.Object java.lang.invoke.DirectMethodHandle$Holder.invokeStatic(java.lang.Object, java.lang.Object, java.lang.Object, java.lang.Object, java.lang.Object, java.lang.Object, java.lang.Object, java.lang.Object, java.lang.Object, java.lang.Object, java.lang.Object, java.lang.Object, java.lang.Object, java.lang.Object, java.lang.Object, java.lang.Object, java.lang.Object)'> (0x0000000082ea6d80) 
thrown [s\src\hotspot\share\interpreter\lin
Event: 3.237 Thread 0x0000018d61eba030 Exception <a 'java/lang/NoSuchMethodError'{0x0000000082ece6f8}: 'java.lang.Object java.lang.invoke.DirectMethodHandle$Holder.invokeStatic(java.lang.Object, java.lang.Object, java.lang.Object, java.lang.Object, java.lang.Object, java.lang.Object, java.lang.Object, java.lang.Object, java.lang.Object, java.lang.Object, java.lang.Object, java.lang.Object, java.lang.Object, java.lang.Object, java.lang.Object, java.lang.Object, java.lang.Object, java.lang.Object)'> (0x0000000082ece6f8) 
thrown [s\src\hotspot\sha
Event: 3.239 Thread 0x0000018d61eba030 Exception <a 'java/lang/NoSuchMethodError'{0x0000000082ef6d30}: 'java.lang.Object java.lang.invoke.DirectMethodHandle$Holder.invokeStatic(java.lang.Object, java.lang.Object, java.lang.Object, java.lang.Object, java.lang.Object, java.lang.Object, java.lang.Object, java.lang.Object, java.lang.Object, java.lang.Object, java.lang.Object, java.lang.Object, java.lang.Object, java.lang.Object, java.lang.Object, java.lang.Object, java.lang.Object, java.lang.Object, java.lang.Object)'> (0x0000000082ef6d30) 
thrown 
Event: 3.241 Thread 0x0000018d61eba030 Exception <a 'java/lang/NoSuchMethodError'{0x0000000082d20908}: 'java.lang.Object java.lang.invoke.DirectMethodHandle$Holder.invokeStatic(java.lang.Object, java.lang.Object, java.lang.Object, java.lang.Object, java.lang.Object, java.lang.Object, java.lang.Object, java.lang.Object, java.lang.Object, java.lang.Object, java.lang.Object, java.lang.Object, java.lang.Object, java.lang.Object, java.lang.Object, java.lang.Object, java.lang.Object, java.lang.Object, java.lang.Object, java.lang.Object)'> (0x00000000
Event: 3.243 Thread 0x0000018d61eba030 Exception <a 'java/lang/NoSuchMethodError'{0x0000000082d4afc8}: 'java.lang.Object java.lang.invoke.DirectMethodHandle$Holder.invokeStatic(java.lang.Object, java.lang.Object, java.lang.Object, java.lang.Object, java.lang.Object, java.lang.Object, java.lang.Object, java.lang.Object, java.lang.Object, java.lang.Object, java.lang.Object, java.lang.Object, java.lang.Object, java.lang.Object, java.lang.Object, java.lang.Object, java.lang.Object, java.lang.Object, java.lang.Object, java.lang.Object, java.lang.Obj
Event: 3.244 Thread 0x0000018d61eba030 Exception <a 'java/lang/NoSuchMethodError'{0x0000000082d763b8}: 'java.lang.Object java.lang.invoke.DirectMethodHandle$Holder.invokeStatic(java.lang.Object, java.lang.Object, java.lang.Object, java.lang.Object, java.lang.Object, java.lang.Object, java.lang.Object, java.lang.Object, java.lang.Object, java.lang.Object, java.lang.Object, java.lang.Object, java.lang.Object, java.lang.Object, java.lang.Object, java.lang.Object, java.lang.Object, java.lang.Object, java.lang.Object, java.lang.Object, java.lang.Obj
Event: 3.247 Thread 0x0000018d61eba030 Exception <a 'java/lang/NoSuchMethodError'{0x0000000082da2ee8}: 'java.lang.Object java.lang.invoke.DirectMethodHandle$Holder.invokeStatic(java.lang.Object, java.lang.Object, java.lang.Object, java.lang.Object, java.lang.Object, java.lang.Object, java.lang.Object, java.lang.Object, java.lang.Object, java.lang.Object, java.lang.Object, java.lang.Object, java.lang.Object, java.lang.Object, java.lang.Object, java.lang.Object, java.lang.Object, java.lang.Object, java.lang.Object, java.lang.Object, java.lang.Obj
Event: 3.249 Thread 0x0000018d61eba030 Exception <a 'java/lang/NoSuchMethodError'{0x0000000082dd15c0}: 'java.lang.Object java.lang.invoke.DirectMethodHandle$Holder.invokeStatic(java.lang.Object, java.lang.Object, java.lang.Object, java.lang.Object, java.lang.Object, java.lang.Object, java.lang.Object, java.lang.Object, java.lang.Object, java.lang.Object, java.lang.Object, java.lang.Object, java.lang.Object, java.lang.Object, java.lang.Object, java.lang.Object, java.lang.Object, java.lang.Object, java.lang.Object, java.lang.Object, java.lang.Obj
Event: 3.325 Thread 0x0000018d61eba030 Exception <a 'java/lang/IncompatibleClassChangeError'{0x00000000845f9388}: Found class java.lang.Object, but interface was expected> (0x00000000845f9388) 
thrown [s\src\hotspot\share\interpreter\linkResolver.cpp, line 838]
Event: 3.388 Thread 0x0000018d61eba030 Exception <a 'java/lang/IncompatibleClassChangeError'{0x0000000084095df8}: Found class java.lang.Object, but interface was expected> (0x0000000084095df8) 
thrown [s\src\hotspot\share\interpreter\linkResolver.cpp, line 838]
Event: 3.401 Thread 0x0000018d61eba030 Exception <a 'java/lang/NoSuchMethodError'{0x0000000083e05f78}: 'int java.lang.invoke.DirectMethodHandle$Holder.invokeStaticInit(java.lang.Object, java.lang.Object, java.lang.Object, java.lang.Object, java.lang.Object)'> (0x0000000083e05f78) 
thrown [s\src\hotspot\share\interpreter\linkResolver.cpp, line 771]

VM Operations (20 events):
Event: 2.896 Executing VM operation: HandshakeAllThreads
Event: 2.896 Executing VM operation: HandshakeAllThreads done
Event: 2.900 Executing VM operation: HandshakeAllThreads
Event: 2.900 Executing VM operation: HandshakeAllThreads done
Event: 2.906 Executing VM operation: HandshakeAllThreads
Event: 2.906 Executing VM operation: HandshakeAllThreads done
Event: 2.948 Executing VM operation: HandshakeAllThreads
Event: 2.948 Executing VM operation: HandshakeAllThreads done
Event: 2.983 Executing VM operation: G1CollectForAllocation
Event: 2.986 Executing VM operation: G1CollectForAllocation done
Event: 3.220 Executing VM operation: ICBufferFull
Event: 3.220 Executing VM operation: ICBufferFull done
Event: 3.251 Executing VM operation: G1CollectForAllocation
Event: 3.255 Executing VM operation: G1CollectForAllocation done
Event: 3.326 Executing VM operation: HandshakeAllThreads
Event: 3.326 Executing VM operation: HandshakeAllThreads done
Event: 3.361 Executing VM operation: HandshakeAllThreads
Event: 3.361 Executing VM operation: HandshakeAllThreads done
Event: 3.390 Executing VM operation: HandshakeAllThreads
Event: 3.391 Executing VM operation: HandshakeAllThreads done

Events (20 events):
Event: 3.240 loading class java/lang/invoke/BoundMethodHandle$Species_LLLLLLLLLLLLLLLLL
Event: 3.240 loading class java/lang/invoke/BoundMethodHandle$Species_LLLLLLLLLLLLLLLLL done
Event: 3.242 loading class java/lang/invoke/BoundMethodHandle$Species_LLLLLLLLLLLLLLLLLL
Event: 3.242 loading class java/lang/invoke/BoundMethodHandle$Species_LLLLLLLLLLLLLLLLLL done
Event: 3.244 loading class java/lang/invoke/BoundMethodHandle$Species_LLLLLLLLLLLLLLLLLLL
Event: 3.244 loading class java/lang/invoke/BoundMethodHandle$Species_LLLLLLLLLLLLLLLLLLL done
Event: 3.246 loading class java/lang/invoke/BoundMethodHandle$Species_LLLLLLLLLLLLLLLLLLLL
Event: 3.246 loading class java/lang/invoke/BoundMethodHandle$Species_LLLLLLLLLLLLLLLLLLLL done
Event: 3.248 loading class java/lang/invoke/BoundMethodHandle$Species_LLLLLLLLLLLLLLLLLLLLL
Event: 3.248 loading class java/lang/invoke/BoundMethodHandle$Species_LLLLLLLLLLLLLLLLLLLLL done
Event: 3.377 loading class java/util/stream/ReferencePipeline$4
Event: 3.377 loading class java/util/stream/ReferencePipeline$4 done
Event: 3.377 loading class java/util/function/IntBinaryOperator
Event: 3.377 loading class java/util/function/IntBinaryOperator done
Event: 3.378 loading class java/util/stream/ReduceOps$6
Event: 3.378 loading class java/util/stream/ReduceOps$6 done
Event: 3.378 loading class java/util/stream/ReduceOps$5ReducingSink
Event: 3.378 loading class java/util/stream/ReduceOps$5ReducingSink done
Event: 3.378 loading class java/util/stream/ReferencePipeline$4$1
Event: 3.378 loading class java/util/stream/ReferencePipeline$4$1 done


Dynamic libraries:
0x00007ff753d20000 - 0x00007ff753d2a000 	C:\Program Files\Android\Android Studio1\jbr\bin\java.exe
0x00007ffe194f0000 - 0x00007ffe19707000 	C:\WINDOWS\SYSTEM32\ntdll.dll
0x00007ffe18470000 - 0x00007ffe18534000 	C:\WINDOWS\System32\KERNEL32.DLL
0x00007ffe16ab0000 - 0x00007ffe16e55000 	C:\WINDOWS\System32\KERNELBASE.dll
0x00007ffe17120000 - 0x00007ffe17231000 	C:\WINDOWS\System32\ucrtbase.dll
0x00007ffdfff40000 - 0x00007ffdfff57000 	C:\Program Files\Android\Android Studio1\jbr\bin\jli.dll
0x00007ffe18ab0000 - 0x00007ffe18c5e000 	C:\WINDOWS\System32\USER32.dll
0x00007ffe16f00000 - 0x00007ffe16f26000 	C:\WINDOWS\System32\win32u.dll
0x00007ffddff60000 - 0x00007ffde01f3000 	C:\WINDOWS\WinSxS\amd64_microsoft.windows.common-controls_6595b64144ccf1df_6.0.22621.2506_none_270c5ae97388e100\COMCTL32.dll
0x00007ffe02d30000 - 0x00007ffe02d4b000 	C:\Program Files\Android\Android Studio1\jbr\bin\VCRUNTIME140.dll
0x00007ffe18c60000 - 0x00007ffe18c89000 	C:\WINDOWS\System32\GDI32.dll
0x00007ffe19310000 - 0x00007ffe193b7000 	C:\WINDOWS\System32\msvcrt.dll
0x00007ffe16990000 - 0x00007ffe16aa9000 	C:\WINDOWS\System32\gdi32full.dll
0x00007ffe16e60000 - 0x00007ffe16efa000 	C:\WINDOWS\System32\msvcp_win.dll
0x00007ffe19470000 - 0x00007ffe194a1000 	C:\WINDOWS\System32\IMM32.DLL
0x00007ffe11cd0000 - 0x00007ffe11cdc000 	C:\Program Files\Android\Android Studio1\jbr\bin\vcruntime140_1.dll
0x00007ffdd1590000 - 0x00007ffdd161d000 	C:\Program Files\Android\Android Studio1\jbr\bin\msvcp140.dll
0x00007ffd99690000 - 0x00007ffd9a2fe000 	C:\Program Files\Android\Android Studio1\jbr\bin\server\jvm.dll
0x00007ffe19230000 - 0x00007ffe192e1000 	C:\WINDOWS\System32\ADVAPI32.dll
0x00007ffe18ee0000 - 0x00007ffe18f86000 	C:\WINDOWS\System32\sechost.dll
0x00007ffe17aa0000 - 0x00007ffe17bb7000 	C:\WINDOWS\System32\RPCRT4.dll
0x00007ffde8b60000 - 0x00007ffde8b69000 	C:\WINDOWS\SYSTEM32\WSOCK32.dll
0x00007ffe0e980000 - 0x00007ffe0e9b4000 	C:\WINDOWS\SYSTEM32\WINMM.dll
0x00007ffe0f310000 - 0x00007ffe0f31a000 	C:\WINDOWS\SYSTEM32\VERSION.dll
0x00007ffe19150000 - 0x00007ffe191c1000 	C:\WINDOWS\System32\WS2_32.dll
0x00007ffe15860000 - 0x00007ffe15878000 	C:\WINDOWS\SYSTEM32\kernel.appcore.dll
0x00007ffe02d80000 - 0x00007ffe02d8a000 	C:\Program Files\Android\Android Studio1\jbr\bin\jimage.dll
0x00007ffe13a90000 - 0x00007ffe13cc3000 	C:\WINDOWS\SYSTEM32\DBGHELP.DLL
0x00007ffe18720000 - 0x00007ffe18aa9000 	C:\WINDOWS\System32\combase.dll
0x00007ffe18300000 - 0x00007ffe183d7000 	C:\WINDOWS\System32\OLEAUT32.dll
0x00007ffdef880000 - 0x00007ffdef8b2000 	C:\WINDOWS\SYSTEM32\dbgcore.DLL
0x00007ffe16f30000 - 0x00007ffe16faa000 	C:\WINDOWS\System32\bcryptPrimitives.dll
0x00007ffe02ca0000 - 0x00007ffe02cc5000 	C:\Program Files\Android\Android Studio1\jbr\bin\java.dll
0x00007ffe00470000 - 0x00007ffe00488000 	C:\Program Files\Android\Android Studio1\jbr\bin\zip.dll
0x00007ffe17240000 - 0x00007ffe17a99000 	C:\WINDOWS\System32\SHELL32.dll
0x00007ffe14780000 - 0x00007ffe15074000 	C:\WINDOWS\SYSTEM32\windows.storage.dll
0x00007ffe14640000 - 0x00007ffe1477e000 	C:\WINDOWS\SYSTEM32\wintypes.dll
0x00007ffe17bc0000 - 0x00007ffe17cb3000 	C:\WINDOWS\System32\SHCORE.dll
0x00007ffe191d0000 - 0x00007ffe1922e000 	C:\WINDOWS\System32\shlwapi.dll
0x00007ffe16790000 - 0x00007ffe167b6000 	C:\WINDOWS\SYSTEM32\profapi.dll
0x00007ffe00000000 - 0x00007ffe00019000 	C:\Program Files\Android\Android Studio1\jbr\bin\net.dll
0x00007ffe10d70000 - 0x00007ffe10ea7000 	C:\WINDOWS\SYSTEM32\WINHTTP.dll
0x00007ffe15ce0000 - 0x00007ffe15d49000 	C:\WINDOWS\system32\mswsock.dll
0x00007ffdfffe0000 - 0x00007ffdffff6000 	C:\Program Files\Android\Android Studio1\jbr\bin\nio.dll
0x00007ffe02c90000 - 0x00007ffe02ca0000 	C:\Program Files\Android\Android Studio1\jbr\bin\verify.dll
0x00007ffdc5390000 - 0x00007ffdc53b7000 	C:\Users\Acer\.gradle\native\68d5fa5c4cc2d200863cafc0d521ce42e7d3e7ee720ec0a83991735586a16f82\windows-amd64\native-platform.dll
0x00007ffdbdab0000 - 0x00007ffdbdbf4000 	C:\Users\Acer\.gradle\native\e376f236ea51e6404a007f0833ffe2c6e607c4080706a723a18a27aeea778392\windows-amd64\native-platform-file-events.dll
0x00007ffe02c20000 - 0x00007ffe02c29000 	C:\Program Files\Android\Android Studio1\jbr\bin\management.dll
0x00007ffe02960000 - 0x00007ffe0296b000 	C:\Program Files\Android\Android Studio1\jbr\bin\management_ext.dll
0x00007ffe17cd0000 - 0x00007ffe17cd8000 	C:\WINDOWS\System32\PSAPI.DLL
0x00007ffe15f30000 - 0x00007ffe15f4b000 	C:\WINDOWS\SYSTEM32\CRYPTSP.dll
0x00007ffe157c0000 - 0x00007ffe157f5000 	C:\WINDOWS\system32\rsaenh.dll
0x00007ffe15dd0000 - 0x00007ffe15dfc000 	C:\WINDOWS\SYSTEM32\USERENV.dll
0x00007ffe16170000 - 0x00007ffe16198000 	C:\WINDOWS\SYSTEM32\bcrypt.dll
0x00007ffe15f50000 - 0x00007ffe15f5c000 	C:\WINDOWS\SYSTEM32\CRYPTBASE.dll
0x00007ffe15320000 - 0x00007ffe1534d000 	C:\WINDOWS\SYSTEM32\IPHLPAPI.DLL
0x00007ffe183e0000 - 0x00007ffe183e9000 	C:\WINDOWS\System32\NSI.dll
0x00007ffe0ecb0000 - 0x00007ffe0ecc9000 	C:\WINDOWS\SYSTEM32\dhcpcsvc6.DLL
0x00007ffe0e960000 - 0x00007ffe0e97f000 	C:\WINDOWS\SYSTEM32\dhcpcsvc.DLL
0x00007ffe153a0000 - 0x00007ffe15499000 	C:\WINDOWS\SYSTEM32\DNSAPI.dll
0x00007ffde3bb0000 - 0x00007ffde3bb8000 	C:\WINDOWS\system32\wshunix.dll

dbghelp: loaded successfully - version: 4.0.5 - missing functions: none
symbol engine: initialized successfully - sym options: 0x614 - pdb path: .;C:\Program Files\Android\Android Studio1\jbr\bin;C:\WINDOWS\SYSTEM32;C:\WINDOWS\WinSxS\amd64_microsoft.windows.common-controls_6595b64144ccf1df_6.0.22621.2506_none_270c5ae97388e100;C:\Program Files\Android\Android Studio1\jbr\bin\server;C:\Users\Acer\.gradle\native\68d5fa5c4cc2d200863cafc0d521ce42e7d3e7ee720ec0a83991735586a16f82\windows-amd64;C:\Users\Acer\.gradle\native\e376f236ea51e6404a007f0833ffe2c6e607c4080706a723a18a27aeea778392\windows-amd64

VM Arguments:
jvm_args: --add-opens=java.base/java.util=ALL-UNNAMED --add-opens=java.base/java.lang=ALL-UNNAMED --add-opens=java.base/java.lang.invoke=ALL-UNNAMED --add-opens=java.prefs/java.util.prefs=ALL-UNNAMED --add-opens=java.base/java.nio.charset=ALL-UNNAMED --add-opens=java.base/java.net=ALL-UNNAMED --add-opens=java.base/java.util.concurrent.atomic=ALL-UNNAMED -Xmx2048m -Dfile.encoding=UTF-8 -Duser.country=US -Duser.language=en -Duser.variant 
java_command: org.gradle.launcher.daemon.bootstrap.GradleDaemon 8.0
java_class_path (initial): C:\Users\Acer\.gradle\wrapper\dists\gradle-8.0-bin\ca5e32bp14vu59qr306oxotwh\gradle-8.0\lib\gradle-launcher-8.0.jar
Launcher Type: SUN_STANDARD

[Global flags]
     intx CICompilerCount                          = 4                                         {product} {ergonomic}
     uint ConcGCThreads                            = 2                                         {product} {ergonomic}
     uint G1ConcRefinementThreads                  = 8                                         {product} {ergonomic}
   size_t G1HeapRegionSize                         = 1048576                                   {product} {ergonomic}
    uintx GCDrainStackTargetSize                   = 64                                        {product} {ergonomic}
   size_t InitialHeapSize                          = 266338304                                 {product} {ergonomic}
   size_t MarkStackSize                            = 4194304                                   {product} {ergonomic}
   size_t MaxHeapSize                              = 2147483648                                {product} {command line}
   size_t MaxNewSize                               = 1287651328                                {product} {ergonomic}
   size_t MinHeapDeltaBytes                        = 1048576                                   {product} {ergonomic}
   size_t MinHeapSize                              = 8388608                                   {product} {ergonomic}
    uintx NonNMethodCodeHeapSize                   = 5839372                                {pd product} {ergonomic}
    uintx NonProfiledCodeHeapSize                  = 122909434                              {pd product} {ergonomic}
    uintx ProfiledCodeHeapSize                     = 122909434                              {pd product} {ergonomic}
    uintx ReservedCodeCacheSize                    = 251658240                              {pd product} {ergonomic}
     bool SegmentedCodeCache                       = true                                      {product} {ergonomic}
   size_t SoftMaxHeapSize                          = 2147483648                             {manageable} {ergonomic}
     bool UseCompressedClassPointers               = true                           {product lp64_product} {ergonomic}
     bool UseCompressedOops                        = true                           {product lp64_product} {ergonomic}
     bool UseG1GC                                  = true                                      {product} {ergonomic}
     bool UseLargePagesIndividualAllocation        = false                                  {pd product} {ergonomic}

Logging:
Log output configuration:
 #0: stdout all=warning uptime,level,tags
 #1: stderr all=off uptime,level,tags

Environment Variables:
PATH=C:\Program Files\Common Files\Oracle\Java\javapath;C:\Program Files\Microsoft\jdk-11.0.16.101-hotspot\bin;C:\WINDOWS\system32;C:\WINDOWS;C:\WINDOWS\System32\Wbem;C:\WINDOWS\System32\WindowsPowerShell\v1.0\;C:\WINDOWS\System32\OpenSSH\;C:\Program Files\Git\cmd;C:\Users\Acer\AppData\Local\Programs\Python\Python39;C:\Users\Acer\AppData\Local\Programs\Python\Python39\Scripts;C:\Program Files\nodejs\;C:\Program Files\dotnet\;C:\Program Files\Microsoft SQL Server\150\Tools\Binn\;C:\Program Files\Microsoft SQL Server\Client SDK\ODBC\170\Tools\Binn\;C:\ProgramData\chocolatey\bin;C:\Program Files\Maven\apache-maven-3.9.5\bin;C:\Users\Acer\AppData\Local\Microsoft\WindowsApps;C:\Users\Acer\AppData\Local\Programs\Microsoft VS Code\bin;C:\Program Files\JetBrains\PyCharm Community Edition 2023.1\bin;;C:\Users\Acer\AppData\Local\GitHubDesktop\bin;C:\Users\Acer\AppData\Roaming\npm;C:\Users\Acer\.dotnet\tools;C:\Program Files\JetBrains\IntelliJ IDEA Community Edition 2023.2.5\bin;
USERNAME=Acer
OS=Windows_NT
PROCESSOR_IDENTIFIER=Intel64 Family 6 Model 140 Stepping 1, GenuineIntel
TMP=C:\Users\Acer\AppData\Local\Temp
TEMP=C:\Users\Acer\AppData\Local\Temp


JNI global refs:
JNI global refs: 24, weak refs: 6

JNI global refs memory usage: 843, weak refs: 841


---------------  S Y S T E M  ---------------

OS:
 Windows 11 , 64 bit Build 22621 (10.0.22621.2506)
OS uptime: 3 days 1:54 hours

CPU: total 8 (initial active 8) (4 cores per cpu, 2 threads per core) family 6 model 140 stepping 1 microcode 0xa4, cx8, cmov, fxsr, ht, mmx, 3dnowpref, sse, sse2, sse3, ssse3, sse4.1, sse4.2, popcnt, lzcnt, tsc, tscinvbit, avx, avx2, aes, erms, clmul, bmi1, bmi2, adx, avx512f, avx512dq, avx512cd, avx512bw, avx512vl, sha, fma, vzeroupper, avx512_vpopcntdq, avx512_vpclmulqdq, avx512_vaes, avx512_vnni, clflush, clflushopt, clwb, avx512_vbmi2, avx512_vbmi

Memory: 4k page, system-wide physical 16179M (701M free)
TotalPageFile size 19097M (AvailPageFile size 4M)
current process WorkingSet (physical memory assigned to process): 240M, peak: 240M
current process commit charge ("private bytes"): 278M, peak: 394M

vm_info: OpenJDK 64-Bit Server VM (17.0.6+0-b2043.56-10027231) for windows-amd64 JRE (17.0.6+0-b2043.56-10027231), built on Apr 28 2023 00:43:19 by "androidbuild" with MS VC++ 16.10 / 16.11 (VS2019)

END.
