#
# There is insufficient memory for the Java Runtime Environment to continue.
# Native memory allocation (malloc) failed to allocate 1937616 bytes for Chunk::new
# Possible reasons:
#   The system is out of physical RAM or swap space
#   The process is running with CompressedOops enabled, and the Java Heap may be blocking the growth of the native heap
# Possible solutions:
#   Reduce memory load on the system
#   Increase physical memory or swap space
#   Check if swap backing store is full
#   Decrease Java heap size (-Xmx/-Xms)
#   Decrease number of Java threads
#   Decrease Java thread stack sizes (-Xss)
#   Set larger code cache with -XX:ReservedCodeCacheSize=
#   JVM is running with Unscaled Compressed Oops mode in which the Java heap is
#     placed in the first 4GB address space. The Java Heap base address is the
#     maximum limit for the native heap growth. Please use -XX:HeapBaseMinAddress
#     to set the Java Heap base and to place the Java Heap above 4GB virtual address.
# This output file may be truncated or incomplete.
#
#  Out of Memory Error (arena.cpp:189), pid=16408, tid=18544
#
# JRE version: OpenJDK Runtime Environment (17.0.6) (build 17.0.6+0-b2043.56-10027231)
# Java VM: OpenJDK 64-Bit Server VM (17.0.6+0-b2043.56-10027231, mixed mode, tiered, compressed oops, compressed class ptrs, g1 gc, windows-amd64)
# No core dump will be written. Minidumps are not enabled by default on client versions of Windows
#

---------------  S U M M A R Y ------------

Command Line: --add-opens=java.base/java.util=ALL-UNNAMED --add-opens=java.base/java.lang=ALL-UNNAMED --add-opens=java.base/java.lang.invoke=ALL-UNNAMED --add-opens=java.prefs/java.util.prefs=ALL-UNNAMED --add-opens=java.base/java.nio.charset=ALL-UNNAMED --add-opens=java.base/java.net=ALL-UNNAMED --add-opens=java.base/java.util.concurrent.atomic=ALL-UNNAMED -Xmx2048m -Dfile.encoding=UTF-8 -Duser.country=US -Duser.language=en -Duser.variant org.gradle.launcher.daemon.bootstrap.GradleDaemon 8.0

Host: 11th Gen Intel(R) Core(TM) i5-1135G7 @ 2.40GHz, 8 cores, 15G,  Windows 11 , 64 bit Build 22621 (10.0.22621.2506)
Time: Wed Nov 29 16:07:51 2023 SE Asia Standard Time elapsed time: 4.346342 seconds (0d 0h 0m 4s)

---------------  T H R E A D  ---------------

Current thread (0x000001ffcb4898c0):  JavaThread "C2 CompilerThread0" daemon [_thread_in_native, id=18544, stack(0x000000c4b5e00000,0x000000c4b5f00000)]


Current CompileTask:
C2:   4346 5700   !   4       java.net.URLClassLoader::findClass (47 bytes)

Stack: [0x000000c4b5e00000,0x000000c4b5f00000]
Native frames: (J=compiled Java code, j=interpreted, Vv=VM code, C=native code)
V  [jvm.dll+0x683c9a]
V  [jvm.dll+0x8427a4]
V  [jvm.dll+0x843f9e]
V  [jvm.dll+0x844603]
V  [jvm.dll+0x249b75]
V  [jvm.dll+0xabcac]
V  [jvm.dll+0xac27c]
V  [jvm.dll+0x368802]
V  [jvm.dll+0x332f31]
V  [jvm.dll+0x3323da]
V  [jvm.dll+0x21c201]
V  [jvm.dll+0x21b621]
V  [jvm.dll+0x1a4fdd]
V  [jvm.dll+0x22b098]
V  [jvm.dll+0x229159]
V  [jvm.dll+0x7f81ec]
V  [jvm.dll+0x7f274a]
V  [jvm.dll+0x682ad5]
C  [ucrtbase.dll+0x29363]
C  [KERNEL32.DLL+0x1257d]
C  [ntdll.dll+0x5aa58]


---------------  P R O C E S S  ---------------

Threads class SMR info:
_java_thread_list=0x000001ffd26be500, length=126, elements={
0x000001ffb0c3ba10, 0x000001ffcb455250, 0x000001ffcb4563a0, 0x000001ffcb4423f0,
0x000001ffcb442cb0, 0x000001ffcb480400, 0x000001ffcb481870, 0x000001ffcb4898c0,
0x000001ffcb48a960, 0x000001ffcb48ba00, 0x000001ffcb6008c0, 0x000001ffcb6071b0,
0x000001ffcb7ece10, 0x000001ffcc9e54c0, 0x000001ffce34d300, 0x000001ffcdf42b50,
0x000001ffce634960, 0x000001ffcdbeb2a0, 0x000001ffcdbeb770, 0x000001ffcc01e0d0,
0x000001ffcc484300, 0x000001ffcc4b4b30, 0x000001ffcc4b5e70, 0x000001ffcc4b54d0,
0x000001ffcc4b5000, 0x000001ffcc4b4190, 0x000001ffcc4b3cc0, 0x000001ffcc4b59a0,
0x000001ffcc4b4660, 0x000001ffcc4b2e50, 0x000001ffcc4b3320, 0x000001ffcc4b37f0,
0x000001ffd09aa760, 0x000001ffd09a8a80, 0x000001ffd09ac440, 0x000001ffd09a80e0,
0x000001ffd09aef90, 0x000001ffd09abf70, 0x000001ffd09a8f50, 0x000001ffd09ac910,
0x000001ffd09aac30, 0x000001ffd09ad780, 0x000001ffd09ad2b0, 0x000001ffd09ae120,
0x000001ffd09ae5f0, 0x000001ffd09aeac0, 0x000001ffd09af460, 0x000001ffd09af930,
0x000001ffd1243410, 0x000001ffd1241730, 0x000001ffd123d8a0, 0x000001ffd123dd70,
0x000001ffd1244280, 0x000001ffd1243db0, 0x000001ffd1242f40, 0x000001ffd12403f0,
0x000001ffd123ca30, 0x000001ffd123e710, 0x000001ffd12438e0, 0x000001ffd1241c00,
0x000001ffd123ff20, 0x000001ffd123d3d0, 0x000001ffd123e240, 0x000001ffd123cf00,
0x000001ffd1241260, 0x000001ffd123ebe0, 0x000001ffd12408c0, 0x000001ffd123f0b0,
0x000001ffd123f580, 0x000001ffd1242a70, 0x000001ffd123fa50, 0x000001ffd1240d90,
0x000001ffd12420d0, 0x000001ffd12425a0, 0x000001ffcebc2870, 0x000001ffcebc3bb0,
0x000001ffcebc4a20, 0x000001ffcebc1ed0, 0x000001ffcebc6700, 0x000001ffcebc5d60,
0x000001ffcebc5890, 0x000001ffcebc23a0, 0x000001ffcebc70a0, 0x000001ffcebc6230,
0x000001ffcebc6bd0, 0x000001ffcebc1530, 0x000001ffcebc4ef0, 0x000001ffcebc2d40,
0x000001ffcebc53c0, 0x000001ffcebc1060, 0x000001ffcebc7570, 0x000001ffcebc7a40,
0x000001ffcebc88b0, 0x000001ffcebc7f10, 0x000001ffcebc83e0, 0x000001ffcebc4080,
0x000001ffcebc1a00, 0x000001ffcebc3210, 0x000001ffcebc36e0, 0x000001ffcebc4550,
0x000001ffd292b0e0, 0x000001ffd292a270, 0x000001ffd2929da0, 0x000001ffd292c8f0,
0x000001ffd292a740, 0x000001ffd292d290, 0x000001ffd292b5b0, 0x000001ffd292ac10,
0x000001ffd292cdc0, 0x000001ffd292bf50, 0x000001ffd292ba80, 0x000001ffd292c420,
0x000001ffd29298d0, 0x000001ffd168c0e0, 0x000001ffd16878b0, 0x000001ffd16873e0,
0x000001ffd168b270, 0x000001ffd168b740, 0x000001ffd1689f30, 0x000001ffd1687d80,
0x000001ffd1688bf0, 0x000001ffd168bc10, 0x000001ffd168ca80, 0x000001ffd1688720,
0x000001ffd16890c0, 0x000001ffd168c5b0
}

Java Threads: ( => current thread )
  0x000001ffb0c3ba10 JavaThread "main" [_thread_blocked, id=13636, stack(0x000000c4b5100000,0x000000c4b5200000)]
  0x000001ffcb455250 JavaThread "Reference Handler" daemon [_thread_blocked, id=7860, stack(0x000000c4b5800000,0x000000c4b5900000)]
  0x000001ffcb4563a0 JavaThread "Finalizer" daemon [_thread_blocked, id=7024, stack(0x000000c4b5900000,0x000000c4b5a00000)]
  0x000001ffcb4423f0 JavaThread "Signal Dispatcher" daemon [_thread_blocked, id=13468, stack(0x000000c4b5a00000,0x000000c4b5b00000)]
  0x000001ffcb442cb0 JavaThread "Attach Listener" daemon [_thread_blocked, id=14416, stack(0x000000c4b5b00000,0x000000c4b5c00000)]
  0x000001ffcb480400 JavaThread "Service Thread" daemon [_thread_blocked, id=4308, stack(0x000000c4b5c00000,0x000000c4b5d00000)]
  0x000001ffcb481870 JavaThread "Monitor Deflation Thread" daemon [_thread_blocked, id=5500, stack(0x000000c4b5d00000,0x000000c4b5e00000)]
=>0x000001ffcb4898c0 JavaThread "C2 CompilerThread0" daemon [_thread_in_native, id=18544, stack(0x000000c4b5e00000,0x000000c4b5f00000)]
  0x000001ffcb48a960 JavaThread "C1 CompilerThread0" daemon [_thread_blocked, id=11052, stack(0x000000c4b5f00000,0x000000c4b6000000)]
  0x000001ffcb48ba00 JavaThread "Sweeper thread" daemon [_thread_blocked, id=17444, stack(0x000000c4b6000000,0x000000c4b6100000)]
  0x000001ffcb6008c0 JavaThread "Common-Cleaner" daemon [_thread_blocked, id=5164, stack(0x000000c4b6100000,0x000000c4b6200000)]
  0x000001ffcb6071b0 JavaThread "Notification Thread" daemon [_thread_blocked, id=19092, stack(0x000000c4b6200000,0x000000c4b6300000)]
  0x000001ffcb7ece10 JavaThread "C2 CompilerThread1" daemon [_thread_blocked, id=18840, stack(0x000000c4b6400000,0x000000c4b6500000)]
  0x000001ffcc9e54c0 JavaThread "C2 CompilerThread2" daemon [_thread_blocked, id=8568, stack(0x000000c4b6a00000,0x000000c4b6b00000)]
  0x000001ffce34d300 JavaThread "Daemon health stats" [_thread_blocked, id=6336, stack(0x000000c4b6b00000,0x000000c4b6c00000)]
  0x000001ffcdf42b50 JavaThread "Incoming local TCP Connector on port 56111" [_thread_in_native, id=9412, stack(0x000000c4b6c00000,0x000000c4b6d00000)]
  0x000001ffce634960 JavaThread "Daemon periodic checks" [_thread_blocked, id=18540, stack(0x000000c4b6d00000,0x000000c4b6e00000)]
  0x000001ffcdbeb2a0 JavaThread "Daemon" [_thread_blocked, id=15516, stack(0x000000c4b6e00000,0x000000c4b6f00000)]
  0x000001ffcdbeb770 JavaThread "Handler for socket connection from /127.0.0.1:56111 to /127.0.0.1:56112" [_thread_in_native, id=9764, stack(0x000000c4b6f00000,0x000000c4b7000000)]
  0x000001ffcc01e0d0 JavaThread "Cancel handler" [_thread_blocked, id=18952, stack(0x000000c4b7000000,0x000000c4b7100000)]
  0x000001ffcc484300 JavaThread "Daemon worker" [_thread_in_vm, id=10520, stack(0x000000c4b7100000,0x000000c4b7200000)]
  0x000001ffcc4b4b30 JavaThread "Asynchronous log dispatcher for DefaultDaemonConnection: socket connection from /127.0.0.1:56111 to /127.0.0.1:56112" [_thread_blocked, id=8684, stack(0x000000c4b7200000,0x000000c4b7300000)]
  0x000001ffcc4b5e70 JavaThread "Stdin handler" [_thread_blocked, id=14976, stack(0x000000c4b7300000,0x000000c4b7400000)]
  0x000001ffcc4b54d0 JavaThread "Daemon client event forwarder" [_thread_blocked, id=10272, stack(0x000000c4b7400000,0x000000c4b7500000)]
  0x000001ffcc4b5000 JavaThread "Cache worker for journal cache (C:\Users\Acer\.gradle\caches\journal-1)" [_thread_blocked, id=17468, stack(0x000000c4b7800000,0x000000c4b7900000)]
  0x000001ffcc4b4190 JavaThread "File lock request listener" [_thread_in_native, id=14708, stack(0x000000c4b7900000,0x000000c4b7a00000)]
  0x000001ffcc4b3cc0 JavaThread "Cache worker for file hash cache (C:\Users\Acer\.gradle\caches\8.0\fileHashes)" [_thread_blocked, id=13992, stack(0x000000c4b7a00000,0x000000c4b7b00000)]
  0x000001ffcc4b59a0 JavaThread "File watcher server" daemon [_thread_in_native, id=3352, stack(0x000000c4b7b00000,0x000000c4b7c00000)]
  0x000001ffcc4b4660 JavaThread "File watcher consumer" daemon [_thread_blocked, id=14264, stack(0x000000c4b7c00000,0x000000c4b7d00000)]
  0x000001ffcc4b2e50 JavaThread "Cache worker for checksums cache (D:\mon_hoc\mobile\Mob_Todo\client\.gradle\8.0\checksums)" [_thread_blocked, id=6916, stack(0x000000c4b7d00000,0x000000c4b7e00000)]
  0x000001ffcc4b3320 JavaThread "Cache worker for cache directory md-rule (C:\Users\Acer\.gradle\caches\8.0\md-rule)" [_thread_blocked, id=18300, stack(0x000000c4b7e00000,0x000000c4b7f00000)]
  0x000001ffcc4b37f0 JavaThread "Cache worker for file content cache (C:\Users\Acer\.gradle\caches\8.0\fileContent)" [_thread_blocked, id=12440, stack(0x000000c4b7f00000,0x000000c4b8000000)]
  0x000001ffd09aa760 JavaThread "Cache worker for file hash cache (D:\mon_hoc\mobile\Mob_Todo\client\.gradle\8.0\fileHashes)" [_thread_blocked, id=17440, stack(0x000000c4b8000000,0x000000c4b8100000)]
  0x000001ffd09a8a80 JavaThread "Cache worker for cache directory md-supplier (C:\Users\Acer\.gradle\caches\8.0\md-supplier)" [_thread_blocked, id=12664, stack(0x000000c4b8100000,0x000000c4b8200000)]
  0x000001ffd09ac440 JavaThread "Cache worker for execution history cache (C:\Users\Acer\.gradle\caches\8.0\executionHistory)" [_thread_blocked, id=19332, stack(0x000000c4b8200000,0x000000c4b8300000)]
  0x000001ffd09a80e0 JavaThread "jar transforms" [_thread_blocked, id=12552, stack(0x000000c4b8300000,0x000000c4b8400000)]
  0x000001ffd09aef90 JavaThread "jar transforms Thread 2" [_thread_blocked, id=19240, stack(0x000000c4b8400000,0x000000c4b8500000)]
  0x000001ffd09abf70 JavaThread "Cache worker for kotlin-dsl (C:\Users\Acer\.gradle\caches\8.0\kotlin-dsl)" [_thread_blocked, id=13264, stack(0x000000c4b8600000,0x000000c4b8700000)]
  0x000001ffd09a8f50 JavaThread "jar transforms Thread 3" [_thread_blocked, id=2268, stack(0x000000c4b8700000,0x000000c4b8800000)]
  0x000001ffd09ac910 JavaThread "jar transforms Thread 4" [_thread_blocked, id=8216, stack(0x000000c4b8800000,0x000000c4b8900000)]
  0x000001ffd09aac30 JavaThread "Cache worker for dependencies-accessors (D:\mon_hoc\mobile\Mob_Todo\client\.gradle\8.0\dependencies-accessors)" [_thread_blocked, id=6732, stack(0x000000c4b8900000,0x000000c4b8a00000)]
  0x000001ffd09ad780 JavaThread "Cache worker for Build Output Cleanup Cache (D:\mon_hoc\mobile\Mob_Todo\client\.gradle\buildOutputCleanup)" [_thread_blocked, id=18448, stack(0x000000c4b8a00000,0x000000c4b8b00000)]
  0x000001ffd09ad2b0 JavaThread "jar transforms Thread 5" [_thread_blocked, id=5488, stack(0x000000c4b8b00000,0x000000c4b8c00000)]
  0x000001ffd09ae120 JavaThread "Unconstrained build operations" [_thread_blocked, id=2928, stack(0x000000c4b8c00000,0x000000c4b8d00000)]
  0x000001ffd09ae5f0 JavaThread "Unconstrained build operations Thread 2" [_thread_blocked, id=6840, stack(0x000000c4b8d00000,0x000000c4b8e00000)]
  0x000001ffd09aeac0 JavaThread "Unconstrained build operations Thread 3" [_thread_blocked, id=16260, stack(0x000000c4b8e00000,0x000000c4b8f00000)]
  0x000001ffd09af460 JavaThread "Unconstrained build operations Thread 4" [_thread_blocked, id=14948, stack(0x000000c4b8f00000,0x000000c4b9000000)]
  0x000001ffd09af930 JavaThread "Unconstrained build operations Thread 5" [_thread_blocked, id=10668, stack(0x000000c4b9000000,0x000000c4b9100000)]
  0x000001ffd1243410 JavaThread "Unconstrained build operations Thread 6" [_thread_blocked, id=3448, stack(0x000000c4b9100000,0x000000c4b9200000)]
  0x000001ffd1241730 JavaThread "Unconstrained build operations Thread 7" [_thread_blocked, id=15668, stack(0x000000c4b9200000,0x000000c4b9300000)]
  0x000001ffd123d8a0 JavaThread "Unconstrained build operations Thread 8" [_thread_blocked, id=1700, stack(0x000000c4b9300000,0x000000c4b9400000)]
  0x000001ffd123dd70 JavaThread "Unconstrained build operations Thread 9" [_thread_blocked, id=10960, stack(0x000000c4b9400000,0x000000c4b9500000)]
  0x000001ffd1244280 JavaThread "Unconstrained build operations Thread 10" [_thread_blocked, id=6364, stack(0x000000c4b9500000,0x000000c4b9600000)]
  0x000001ffd1243db0 JavaThread "Unconstrained build operations Thread 11" [_thread_blocked, id=9340, stack(0x000000c4b9600000,0x000000c4b9700000)]
  0x000001ffd1242f40 JavaThread "Unconstrained build operations Thread 12" [_thread_blocked, id=18976, stack(0x000000c4b9700000,0x000000c4b9800000)]
  0x000001ffd12403f0 JavaThread "Unconstrained build operations Thread 13" [_thread_blocked, id=18008, stack(0x000000c4b9800000,0x000000c4b9900000)]
  0x000001ffd123ca30 JavaThread "Unconstrained build operations Thread 14" [_thread_blocked, id=3660, stack(0x000000c4b9900000,0x000000c4b9a00000)]
  0x000001ffd123e710 JavaThread "Unconstrained build operations Thread 15" [_thread_blocked, id=10844, stack(0x000000c4b9a00000,0x000000c4b9b00000)]
  0x000001ffd12438e0 JavaThread "Unconstrained build operations Thread 16" [_thread_blocked, id=9324, stack(0x000000c4b9b00000,0x000000c4b9c00000)]
  0x000001ffd1241c00 JavaThread "Unconstrained build operations Thread 17" [_thread_blocked, id=18684, stack(0x000000c4b9c00000,0x000000c4b9d00000)]
  0x000001ffd123ff20 JavaThread "Unconstrained build operations Thread 18" [_thread_blocked, id=4756, stack(0x000000c4b9d00000,0x000000c4b9e00000)]
  0x000001ffd123d3d0 JavaThread "Unconstrained build operations Thread 19" [_thread_blocked, id=19172, stack(0x000000c4b9e00000,0x000000c4b9f00000)]
  0x000001ffd123e240 JavaThread "Unconstrained build operations Thread 20" [_thread_blocked, id=9648, stack(0x000000c4b9f00000,0x000000c4ba000000)]
  0x000001ffd123cf00 JavaThread "Unconstrained build operations Thread 21" [_thread_blocked, id=7932, stack(0x000000c4ba000000,0x000000c4ba100000)]
  0x000001ffd1241260 JavaThread "Unconstrained build operations Thread 22" [_thread_blocked, id=3404, stack(0x000000c4ba100000,0x000000c4ba200000)]
  0x000001ffd123ebe0 JavaThread "Unconstrained build operations Thread 23" [_thread_blocked, id=5208, stack(0x000000c4ba200000,0x000000c4ba300000)]
  0x000001ffd12408c0 JavaThread "Unconstrained build operations Thread 24" [_thread_blocked, id=9348, stack(0x000000c4ba300000,0x000000c4ba400000)]
  0x000001ffd123f0b0 JavaThread "Unconstrained build operations Thread 25" [_thread_blocked, id=16660, stack(0x000000c4ba400000,0x000000c4ba500000)]
  0x000001ffd123f580 JavaThread "Unconstrained build operations Thread 26" [_thread_blocked, id=15092, stack(0x000000c4ba500000,0x000000c4ba600000)]
  0x000001ffd1242a70 JavaThread "Unconstrained build operations Thread 27" [_thread_blocked, id=18312, stack(0x000000c4ba600000,0x000000c4ba700000)]
  0x000001ffd123fa50 JavaThread "Unconstrained build operations Thread 28" [_thread_blocked, id=18296, stack(0x000000c4ba700000,0x000000c4ba800000)]
  0x000001ffd1240d90 JavaThread "Unconstrained build operations Thread 29" [_thread_blocked, id=2612, stack(0x000000c4ba800000,0x000000c4ba900000)]
  0x000001ffd12420d0 JavaThread "Unconstrained build operations Thread 30" [_thread_blocked, id=12024, stack(0x000000c4ba900000,0x000000c4baa00000)]
  0x000001ffd12425a0 JavaThread "Unconstrained build operations Thread 31" [_thread_blocked, id=18420, stack(0x000000c4baa00000,0x000000c4bab00000)]
  0x000001ffcebc2870 JavaThread "Unconstrained build operations Thread 32" [_thread_blocked, id=5664, stack(0x000000c4bab00000,0x000000c4bac00000)]
  0x000001ffcebc3bb0 JavaThread "Unconstrained build operations Thread 33" [_thread_blocked, id=13412, stack(0x000000c4bac00000,0x000000c4bad00000)]
  0x000001ffcebc4a20 JavaThread "Unconstrained build operations Thread 34" [_thread_blocked, id=11700, stack(0x000000c4bad00000,0x000000c4bae00000)]
  0x000001ffcebc1ed0 JavaThread "Unconstrained build operations Thread 35" [_thread_blocked, id=14984, stack(0x000000c4bae00000,0x000000c4baf00000)]
  0x000001ffcebc6700 JavaThread "Unconstrained build operations Thread 36" [_thread_blocked, id=7188, stack(0x000000c4baf00000,0x000000c4bb000000)]
  0x000001ffcebc5d60 JavaThread "Unconstrained build operations Thread 37" [_thread_blocked, id=8236, stack(0x000000c4bb000000,0x000000c4bb100000)]
  0x000001ffcebc5890 JavaThread "Unconstrained build operations Thread 38" [_thread_blocked, id=5072, stack(0x000000c4bb100000,0x000000c4bb200000)]
  0x000001ffcebc23a0 JavaThread "Unconstrained build operations Thread 39" [_thread_blocked, id=11260, stack(0x000000c4bb200000,0x000000c4bb300000)]
  0x000001ffcebc70a0 JavaThread "Unconstrained build operations Thread 40" [_thread_blocked, id=8036, stack(0x000000c4bb300000,0x000000c4bb400000)]
  0x000001ffcebc6230 JavaThread "Unconstrained build operations Thread 41" [_thread_blocked, id=14184, stack(0x000000c4bb400000,0x000000c4bb500000)]
  0x000001ffcebc6bd0 JavaThread "Unconstrained build operations Thread 42" [_thread_blocked, id=17112, stack(0x000000c4bb500000,0x000000c4bb600000)]
  0x000001ffcebc1530 JavaThread "Unconstrained build operations Thread 43" [_thread_blocked, id=11484, stack(0x000000c4bb600000,0x000000c4bb700000)]
  0x000001ffcebc4ef0 JavaThread "Unconstrained build operations Thread 44" [_thread_blocked, id=17740, stack(0x000000c4bb700000,0x000000c4bb800000)]
  0x000001ffcebc2d40 JavaThread "Unconstrained build operations Thread 45" [_thread_blocked, id=8064, stack(0x000000c4bb800000,0x000000c4bb900000)]
  0x000001ffcebc53c0 JavaThread "Unconstrained build operations Thread 46" [_thread_blocked, id=16216, stack(0x000000c4bb900000,0x000000c4bba00000)]
  0x000001ffcebc1060 JavaThread "Unconstrained build operations Thread 47" [_thread_blocked, id=1192, stack(0x000000c4bba00000,0x000000c4bbb00000)]
  0x000001ffcebc7570 JavaThread "Unconstrained build operations Thread 48" [_thread_blocked, id=15432, stack(0x000000c4bbb00000,0x000000c4bbc00000)]
  0x000001ffcebc7a40 JavaThread "Unconstrained build operations Thread 49" [_thread_blocked, id=5444, stack(0x000000c4bbc00000,0x000000c4bbd00000)]
  0x000001ffcebc88b0 JavaThread "Unconstrained build operations Thread 50" [_thread_blocked, id=7980, stack(0x000000c4bbd00000,0x000000c4bbe00000)]
  0x000001ffcebc7f10 JavaThread "Unconstrained build operations Thread 51" [_thread_blocked, id=12316, stack(0x000000c4bbe00000,0x000000c4bbf00000)]
  0x000001ffcebc83e0 JavaThread "Unconstrained build operations Thread 52" [_thread_blocked, id=12848, stack(0x000000c4bbf00000,0x000000c4bc000000)]
  0x000001ffcebc4080 JavaThread "Unconstrained build operations Thread 53" [_thread_blocked, id=11040, stack(0x000000c4bc000000,0x000000c4bc100000)]
  0x000001ffcebc1a00 JavaThread "Unconstrained build operations Thread 54" [_thread_blocked, id=6988, stack(0x000000c4bc100000,0x000000c4bc200000)]
  0x000001ffcebc3210 JavaThread "Unconstrained build operations Thread 55" [_thread_blocked, id=19060, stack(0x000000c4bc200000,0x000000c4bc300000)]
  0x000001ffcebc36e0 JavaThread "Unconstrained build operations Thread 56" [_thread_blocked, id=4484, stack(0x000000c4bc300000,0x000000c4bc400000)]
  0x000001ffcebc4550 JavaThread "Unconstrained build operations Thread 57" [_thread_blocked, id=1804, stack(0x000000c4bc400000,0x000000c4bc500000)]
  0x000001ffd292b0e0 JavaThread "Unconstrained build operations Thread 58" [_thread_blocked, id=11520, stack(0x000000c4bc500000,0x000000c4bc600000)]
  0x000001ffd292a270 JavaThread "Unconstrained build operations Thread 59" [_thread_blocked, id=6976, stack(0x000000c4bc600000,0x000000c4bc700000)]
  0x000001ffd2929da0 JavaThread "Unconstrained build operations Thread 60" [_thread_blocked, id=7320, stack(0x000000c4bc700000,0x000000c4bc800000)]
  0x000001ffd292c8f0 JavaThread "Unconstrained build operations Thread 61" [_thread_blocked, id=16132, stack(0x000000c4bc800000,0x000000c4bc900000)]
  0x000001ffd292a740 JavaThread "Unconstrained build operations Thread 62" [_thread_blocked, id=15952, stack(0x000000c4bc900000,0x000000c4bca00000)]
  0x000001ffd292d290 JavaThread "Unconstrained build operations Thread 63" [_thread_blocked, id=1512, stack(0x000000c4bca00000,0x000000c4bcb00000)]
  0x000001ffd292b5b0 JavaThread "Unconstrained build operations Thread 64" [_thread_blocked, id=6504, stack(0x000000c4bcb00000,0x000000c4bcc00000)]
  0x000001ffd292ac10 JavaThread "Unconstrained build operations Thread 65" [_thread_blocked, id=6880, stack(0x000000c4bcc00000,0x000000c4bcd00000)]
  0x000001ffd292cdc0 JavaThread "Unconstrained build operations Thread 66" [_thread_blocked, id=17148, stack(0x000000c4bcd00000,0x000000c4bce00000)]
  0x000001ffd292bf50 JavaThread "Unconstrained build operations Thread 67" [_thread_blocked, id=18196, stack(0x000000c4bce00000,0x000000c4bcf00000)]
  0x000001ffd292ba80 JavaThread "Unconstrained build operations Thread 68" [_thread_blocked, id=6320, stack(0x000000c4bcf00000,0x000000c4bd000000)]
  0x000001ffd292c420 JavaThread "Unconstrained build operations Thread 69" [_thread_blocked, id=11420, stack(0x000000c4bd000000,0x000000c4bd100000)]
  0x000001ffd29298d0 JavaThread "Unconstrained build operations Thread 70" [_thread_blocked, id=11528, stack(0x000000c4bd100000,0x000000c4bd200000)]
  0x000001ffd168c0e0 JavaThread "Unconstrained build operations Thread 71" [_thread_blocked, id=17804, stack(0x000000c4bd200000,0x000000c4bd300000)]
  0x000001ffd16878b0 JavaThread "Unconstrained build operations Thread 72" [_thread_blocked, id=13548, stack(0x000000c4bd300000,0x000000c4bd400000)]
  0x000001ffd16873e0 JavaThread "Unconstrained build operations Thread 73" [_thread_blocked, id=7772, stack(0x000000c4bd400000,0x000000c4bd500000)]
  0x000001ffd168b270 JavaThread "Unconstrained build operations Thread 74" [_thread_blocked, id=8584, stack(0x000000c4bd500000,0x000000c4bd600000)]
  0x000001ffd168b740 JavaThread "Unconstrained build operations Thread 75" [_thread_blocked, id=5932, stack(0x000000c4bd600000,0x000000c4bd700000)]
  0x000001ffd1689f30 JavaThread "Unconstrained build operations Thread 76" [_thread_blocked, id=13396, stack(0x000000c4bd700000,0x000000c4bd800000)]
  0x000001ffd1687d80 JavaThread "Unconstrained build operations Thread 77" [_thread_blocked, id=16784, stack(0x000000c4bd800000,0x000000c4bd900000)]
  0x000001ffd1688bf0 JavaThread "Unconstrained build operations Thread 78" [_thread_blocked, id=17620, stack(0x000000c4bd900000,0x000000c4bda00000)]
  0x000001ffd168bc10 JavaThread "Unconstrained build operations Thread 79" [_thread_blocked, id=2636, stack(0x000000c4bda00000,0x000000c4bdb00000)]
  0x000001ffd168ca80 JavaThread "Unconstrained build operations Thread 80" [_thread_blocked, id=8840, stack(0x000000c4bdb00000,0x000000c4bdc00000)]
  0x000001ffd1688720 JavaThread "jar transforms Thread 6" [_thread_blocked, id=12224, stack(0x000000c4bdc00000,0x000000c4bdd00000)]
  0x000001ffd16890c0 JavaThread "jar transforms Thread 7" [_thread_blocked, id=15748, stack(0x000000c4bdd00000,0x000000c4bde00000)]
  0x000001ffd168c5b0 JavaThread "jar transforms Thread 8" [_thread_blocked, id=18532, stack(0x000000c4bde00000,0x000000c4bdf00000)]

Other Threads:
  0x000001ffcaaaecd0 VMThread "VM Thread" [stack: 0x000000c4b5700000,0x000000c4b5800000] [id=4688]
  0x000001ffcaa69ff0 WatcherThread [stack: 0x000000c4b6300000,0x000000c4b6400000] [id=13304]
  0x000001ffb0c96a30 GCTaskThread "GC Thread#0" [stack: 0x000000c4b5200000,0x000000c4b5300000] [id=3068]
  0x000001ffcc2c0a20 GCTaskThread "GC Thread#1" [stack: 0x000000c4b6500000,0x000000c4b6600000] [id=5816]
  0x000001ffcc2c0cd0 GCTaskThread "GC Thread#2" [stack: 0x000000c4b6600000,0x000000c4b6700000] [id=9084]
  0x000001ffcc21b770 GCTaskThread "GC Thread#3" [stack: 0x000000c4b6700000,0x000000c4b6800000] [id=17096]
  0x000001ffcc21ba20 GCTaskThread "GC Thread#4" [stack: 0x000000c4b6800000,0x000000c4b6900000] [id=9236]
  0x000001ffcc21bcd0 GCTaskThread "GC Thread#5" [stack: 0x000000c4b6900000,0x000000c4b6a00000] [id=6592]
  0x000001ffcc4da0a0 GCTaskThread "GC Thread#6" [stack: 0x000000c4b7500000,0x000000c4b7600000] [id=9088]
  0x000001ffcc4da8b0 GCTaskThread "GC Thread#7" [stack: 0x000000c4b7600000,0x000000c4b7700000] [id=17940]
  0x000001ffb0ca7870 ConcurrentGCThread "G1 Main Marker" [stack: 0x000000c4b5300000,0x000000c4b5400000] [id=9176]
  0x000001ffb0ca8920 ConcurrentGCThread "G1 Conc#0" [stack: 0x000000c4b5400000,0x000000c4b5500000] [id=11364]
  0x000001ffcc4d9330 ConcurrentGCThread "G1 Conc#1" [stack: 0x000000c4b7700000,0x000000c4b7800000] [id=11900]
  0x000001ffb0cfd770 ConcurrentGCThread "G1 Refine#0" [stack: 0x000000c4b5500000,0x000000c4b5600000] [id=9932]
  0x000001ffce1a4c60 ConcurrentGCThread "G1 Refine#1" [stack: 0x000000c4b8500000,0x000000c4b8600000] [id=13432]
  0x000001ffb0cfe090 ConcurrentGCThread "G1 Service" [stack: 0x000000c4b5600000,0x000000c4b5700000] [id=19164]

Threads with active compile tasks:
C2 CompilerThread0     4363 5700   !   4       java.net.URLClassLoader::findClass (47 bytes)

VM state: not at safepoint (normal execution)

VM Mutex/Monitor currently owned by a thread: None

Heap address: 0x0000000080000000, size: 2048 MB, Compressed Oops mode: 32-bit

CDS archive(s) not mapped
Compressed class space mapped at: 0x0000000100000000-0x0000000140000000, reserved size: 1073741824
Narrow klass base: 0x0000000000000000, Narrow klass shift: 3, Narrow klass range: 0x140000000

GC Precious Log:
 CPUs: 8 total, 8 available
 Memory: 16179M
 Large Page Support: Disabled
 NUMA Support: Disabled
 Compressed Oops: Enabled (32-bit)
 Heap Region Size: 1M
 Heap Min Capacity: 8M
 Heap Initial Capacity: 254M
 Heap Max Capacity: 2G
 Pre-touch: Disabled
 Parallel Workers: 8
 Concurrent Workers: 2
 Concurrent Refinement Workers: 8
 Periodic GC: Disabled

Heap:
 garbage-first heap   total 82944K, used 52649K [0x0000000080000000, 0x0000000100000000)
  region size 1024K, 12 young (12288K), 4 survivors (4096K)
 Metaspace       used 55579K, committed 56064K, reserved 1097728K
  class space    used 7419K, committed 7616K, reserved 1048576K

Heap Regions: E=young(eden), S=young(survivor), O=old, HS=humongous(starts), HC=humongous(continues), CS=collection set, F=free, OA=open archive, CA=closed archive, TAMS=top-at-mark-start (previous, next)
|   0|0x0000000080000000, 0x0000000080100000, 0x0000000080100000|100%|HS|  |TAMS 0x0000000080100000, 0x0000000080000000| Complete 
|   1|0x0000000080100000, 0x0000000080200000, 0x0000000080200000|100%|HC|  |TAMS 0x0000000080200000, 0x0000000080100000| Complete 
|   2|0x0000000080200000, 0x0000000080300000, 0x0000000080300000|100%|HC|  |TAMS 0x0000000080300000, 0x0000000080200000| Complete 
|   3|0x0000000080300000, 0x0000000080400000, 0x0000000080400000|100%|HC|  |TAMS 0x0000000080400000, 0x0000000080300000| Complete 
|   4|0x0000000080400000, 0x0000000080500000, 0x0000000080500000|100%| O|  |TAMS 0x0000000080500000, 0x0000000080400000| Untracked 
|   5|0x0000000080500000, 0x0000000080600000, 0x0000000080600000|100%| O|  |TAMS 0x0000000080600000, 0x0000000080500000| Untracked 
|   6|0x0000000080600000, 0x0000000080700000, 0x0000000080700000|100%| O|  |TAMS 0x0000000080700000, 0x0000000080600000| Untracked 
|   7|0x0000000080700000, 0x0000000080800000, 0x0000000080800000|100%| O|  |TAMS 0x0000000080800000, 0x0000000080700000| Untracked 
|   8|0x0000000080800000, 0x0000000080900000, 0x0000000080900000|100%| O|  |TAMS 0x0000000080900000, 0x0000000080800000| Untracked 
|   9|0x0000000080900000, 0x0000000080a00000, 0x0000000080a00000|100%| O|  |TAMS 0x0000000080a00000, 0x0000000080900000| Untracked 
|  10|0x0000000080a00000, 0x0000000080b00000, 0x0000000080b00000|100%| O|  |TAMS 0x0000000080b00000, 0x0000000080a00000| Untracked 
|  11|0x0000000080b00000, 0x0000000080b6d400, 0x0000000080c00000| 42%| O|  |TAMS 0x0000000080b6d400, 0x0000000080b00000| Untracked 
|  12|0x0000000080c00000, 0x0000000080d00000, 0x0000000080d00000|100%| O|  |TAMS 0x0000000080d00000, 0x0000000080c00000| Untracked 
|  13|0x0000000080d00000, 0x0000000080e00000, 0x0000000080e00000|100%| O|  |TAMS 0x0000000080e00000, 0x0000000080d00000| Untracked 
|  14|0x0000000080e00000, 0x0000000080f00000, 0x0000000080f00000|100%| O|  |TAMS 0x0000000080f00000, 0x0000000080e00000| Untracked 
|  15|0x0000000080f00000, 0x0000000081000000, 0x0000000081000000|100%| O|  |TAMS 0x0000000081000000, 0x0000000080f00000| Untracked 
|  16|0x0000000081000000, 0x0000000081100000, 0x0000000081100000|100%| O|  |TAMS 0x0000000081100000, 0x0000000081000000| Untracked 
|  17|0x0000000081100000, 0x0000000081200000, 0x0000000081200000|100%| O|  |TAMS 0x0000000081200000, 0x0000000081100000| Untracked 
|  18|0x0000000081200000, 0x0000000081300000, 0x0000000081300000|100%| O|  |TAMS 0x0000000081300000, 0x0000000081200000| Untracked 
|  19|0x0000000081300000, 0x0000000081400000, 0x0000000081400000|100%| O|  |TAMS 0x0000000081400000, 0x0000000081300000| Untracked 
|  20|0x0000000081400000, 0x0000000081500000, 0x0000000081500000|100%| O|  |TAMS 0x0000000081451600, 0x0000000081400000| Untracked 
|  21|0x0000000081500000, 0x0000000081600000, 0x0000000081600000|100%| O|  |TAMS 0x0000000081500000, 0x0000000081500000| Untracked 
|  22|0x0000000081600000, 0x0000000081700000, 0x0000000081700000|100%| O|  |TAMS 0x0000000081600000, 0x0000000081600000| Untracked 
|  23|0x0000000081700000, 0x0000000081800000, 0x0000000081800000|100%| O|  |TAMS 0x0000000081700000, 0x0000000081700000| Untracked 
|  24|0x0000000081800000, 0x0000000081900000, 0x0000000081900000|100%| O|  |TAMS 0x0000000081800000, 0x0000000081800000| Untracked 
|  25|0x0000000081900000, 0x0000000081a00000, 0x0000000081a00000|100%| O|  |TAMS 0x0000000081900000, 0x0000000081900000| Untracked 
|  26|0x0000000081a00000, 0x0000000081b00000, 0x0000000081b00000|100%| O|  |TAMS 0x0000000081a00000, 0x0000000081a00000| Untracked 
|  27|0x0000000081b00000, 0x0000000081c00000, 0x0000000081c00000|100%| O|  |TAMS 0x0000000081b00000, 0x0000000081b00000| Untracked 
|  28|0x0000000081c00000, 0x0000000081d00000, 0x0000000081d00000|100%| O|  |TAMS 0x0000000081c00000, 0x0000000081c00000| Untracked 
|  29|0x0000000081d00000, 0x0000000081e00000, 0x0000000081e00000|100%| O|  |TAMS 0x0000000081d00000, 0x0000000081d00000| Untracked 
|  30|0x0000000081e00000, 0x0000000081f00000, 0x0000000081f00000|100%| O|  |TAMS 0x0000000081e00000, 0x0000000081e00000| Untracked 
|  31|0x0000000081f00000, 0x0000000082000000, 0x0000000082000000|100%| O|  |TAMS 0x0000000081f00000, 0x0000000081f00000| Untracked 
|  32|0x0000000082000000, 0x0000000082100000, 0x0000000082100000|100%|HS|  |TAMS 0x0000000082000000, 0x0000000082000000| Complete 
|  33|0x0000000082100000, 0x0000000082200000, 0x0000000082200000|100%|HS|  |TAMS 0x0000000082100000, 0x0000000082100000| Complete 
|  34|0x0000000082200000, 0x0000000082300000, 0x0000000082300000|100%|HS|  |TAMS 0x0000000082200000, 0x0000000082200000| Complete 
|  35|0x0000000082300000, 0x0000000082300000, 0x0000000082400000|  0%| F|  |TAMS 0x0000000082300000, 0x0000000082300000| Untracked 
|  36|0x0000000082400000, 0x0000000082500000, 0x0000000082500000|100%| O|  |TAMS 0x0000000082400000, 0x0000000082400000| Untracked 
|  37|0x0000000082500000, 0x0000000082600000, 0x0000000082600000|100%| O|  |TAMS 0x0000000082500000, 0x0000000082500000| Untracked 
|  38|0x0000000082600000, 0x0000000082700000, 0x0000000082700000|100%| O|  |TAMS 0x0000000082600000, 0x0000000082600000| Untracked 
|  39|0x0000000082700000, 0x0000000082800000, 0x0000000082800000|100%| O|  |TAMS 0x0000000082700000, 0x0000000082700000| Untracked 
|  40|0x0000000082800000, 0x0000000082900000, 0x0000000082900000|100%| O|  |TAMS 0x0000000082800000, 0x0000000082800000| Untracked 
|  41|0x0000000082900000, 0x00000000829fd200, 0x0000000082a00000| 98%| O|  |TAMS 0x0000000082900000, 0x0000000082900000| Untracked 
|  42|0x0000000082a00000, 0x0000000082a00000, 0x0000000082b00000|  0%| F|  |TAMS 0x0000000082a00000, 0x0000000082a00000| Untracked 
|  43|0x0000000082b00000, 0x0000000082b00000, 0x0000000082c00000|  0%| F|  |TAMS 0x0000000082b00000, 0x0000000082b00000| Untracked 
|  44|0x0000000082c00000, 0x0000000082c00000, 0x0000000082d00000|  0%| F|  |TAMS 0x0000000082c00000, 0x0000000082c00000| Untracked 
|  45|0x0000000082d00000, 0x0000000082d00000, 0x0000000082e00000|  0%| F|  |TAMS 0x0000000082d00000, 0x0000000082d00000| Untracked 
|  46|0x0000000082e00000, 0x0000000082e00000, 0x0000000082f00000|  0%| F|  |TAMS 0x0000000082e00000, 0x0000000082e00000| Untracked 
|  47|0x0000000082f00000, 0x0000000082f00000, 0x0000000083000000|  0%| F|  |TAMS 0x0000000082f00000, 0x0000000082f00000| Untracked 
|  48|0x0000000083000000, 0x0000000083000000, 0x0000000083100000|  0%| F|  |TAMS 0x0000000083000000, 0x0000000083000000| Untracked 
|  49|0x0000000083100000, 0x0000000083200000, 0x0000000083200000|100%| S|CS|TAMS 0x0000000083100000, 0x0000000083100000| Complete 
|  50|0x0000000083200000, 0x0000000083200000, 0x0000000083300000|  0%| F|  |TAMS 0x0000000083200000, 0x0000000083200000| Untracked 
|  51|0x0000000083300000, 0x0000000083300000, 0x0000000083400000|  0%| F|  |TAMS 0x0000000083300000, 0x0000000083300000| Untracked 
|  52|0x0000000083400000, 0x0000000083500000, 0x0000000083500000|100%| S|CS|TAMS 0x0000000083400000, 0x0000000083400000| Complete 
|  53|0x0000000083500000, 0x0000000083600000, 0x0000000083600000|100%| S|CS|TAMS 0x0000000083500000, 0x0000000083500000| Complete 
|  54|0x0000000083600000, 0x0000000083700000, 0x0000000083700000|100%| S|CS|TAMS 0x0000000083600000, 0x0000000083600000| Complete 
|  55|0x0000000083700000, 0x0000000083700000, 0x0000000083800000|  0%| F|  |TAMS 0x0000000083700000, 0x0000000083700000| Untracked 
|  56|0x0000000083800000, 0x0000000083800000, 0x0000000083900000|  0%| F|  |TAMS 0x0000000083800000, 0x0000000083800000| Untracked 
|  57|0x0000000083900000, 0x0000000083900000, 0x0000000083a00000|  0%| F|  |TAMS 0x0000000083900000, 0x0000000083900000| Untracked 
|  58|0x0000000083a00000, 0x0000000083a00000, 0x0000000083b00000|  0%| F|  |TAMS 0x0000000083a00000, 0x0000000083a00000| Untracked 
|  59|0x0000000083b00000, 0x0000000083b00000, 0x0000000083c00000|  0%| F|  |TAMS 0x0000000083b00000, 0x0000000083b00000| Untracked 
|  60|0x0000000083c00000, 0x0000000083c00000, 0x0000000083d00000|  0%| F|  |TAMS 0x0000000083c00000, 0x0000000083c00000| Untracked 
|  61|0x0000000083d00000, 0x0000000083d00000, 0x0000000083e00000|  0%| F|  |TAMS 0x0000000083d00000, 0x0000000083d00000| Untracked 
|  62|0x0000000083e00000, 0x0000000083e00000, 0x0000000083f00000|  0%| F|  |TAMS 0x0000000083e00000, 0x0000000083e00000| Untracked 
|  63|0x0000000083f00000, 0x0000000083f00000, 0x0000000084000000|  0%| F|  |TAMS 0x0000000083f00000, 0x0000000083f00000| Untracked 
|  64|0x0000000084000000, 0x0000000084000000, 0x0000000084100000|  0%| F|  |TAMS 0x0000000084000000, 0x0000000084000000| Untracked 
|  65|0x0000000084100000, 0x0000000084100000, 0x0000000084200000|  0%| F|  |TAMS 0x0000000084100000, 0x0000000084100000| Untracked 
|  66|0x0000000084200000, 0x0000000084200000, 0x0000000084300000|  0%| F|  |TAMS 0x0000000084200000, 0x0000000084200000| Untracked 
|  67|0x0000000084300000, 0x0000000084300000, 0x0000000084400000|  0%| F|  |TAMS 0x0000000084300000, 0x0000000084300000| Untracked 
|  68|0x0000000084400000, 0x0000000084400000, 0x0000000084500000|  0%| F|  |TAMS 0x0000000084400000, 0x0000000084400000| Untracked 
|  69|0x0000000084500000, 0x0000000084500000, 0x0000000084600000|  0%| F|  |TAMS 0x0000000084500000, 0x0000000084500000| Untracked 
|  70|0x0000000084600000, 0x0000000084600000, 0x0000000084700000|  0%| F|  |TAMS 0x0000000084600000, 0x0000000084600000| Untracked 
|  71|0x0000000084700000, 0x0000000084700000, 0x0000000084800000|  0%| F|  |TAMS 0x0000000084700000, 0x0000000084700000| Untracked 
| 205|0x000000008cd00000, 0x000000008cd00000, 0x000000008ce00000|  0%| F|  |TAMS 0x000000008cd00000, 0x000000008cd00000| Untracked 
| 206|0x000000008ce00000, 0x000000008cef4ea0, 0x000000008cf00000| 95%| E|  |TAMS 0x000000008ce00000, 0x000000008ce00000| Complete 
| 207|0x000000008cf00000, 0x000000008d000000, 0x000000008d000000|100%| E|CS|TAMS 0x000000008cf00000, 0x000000008cf00000| Complete 
| 208|0x000000008d000000, 0x000000008d100000, 0x000000008d100000|100%| E|CS|TAMS 0x000000008d000000, 0x000000008d000000| Complete 
| 209|0x000000008d100000, 0x000000008d200000, 0x000000008d200000|100%| E|CS|TAMS 0x000000008d100000, 0x000000008d100000| Complete 
| 210|0x000000008d200000, 0x000000008d300000, 0x000000008d300000|100%| E|CS|TAMS 0x000000008d200000, 0x000000008d200000| Complete 
| 211|0x000000008d300000, 0x000000008d400000, 0x000000008d400000|100%| E|CS|TAMS 0x000000008d300000, 0x000000008d300000| Complete 
| 212|0x000000008d400000, 0x000000008d500000, 0x000000008d500000|100%| E|CS|TAMS 0x000000008d400000, 0x000000008d400000| Complete 
| 253|0x000000008fd00000, 0x000000008fe00000, 0x000000008fe00000|100%| E|CS|TAMS 0x000000008fd00000, 0x000000008fd00000| Complete 

Card table byte_map: [0x000001ffc3830000,0x000001ffc3c30000] _byte_map_base: 0x000001ffc3430000

Marking Bits (Prev, Next): (CMBitMap*) 0x000001ffb0c96f40, (CMBitMap*) 0x000001ffb0c96f80
 Prev Bits: [0x000001ffc4030000, 0x000001ffc6030000)
 Next Bits: [0x000001ffc6030000, 0x000001ffc8030000)

Polling page: 0x000001ffaebe0000

Metaspace:

Usage:
  Non-class:     47.05 MB used.
      Class:      7.25 MB used.
       Both:     54.30 MB used.

Virtual space:
  Non-class space:       48.00 MB reserved,      47.38 MB ( 99%) committed,  6 nodes.
      Class space:        1.00 GB reserved,       7.44 MB ( <1%) committed,  1 nodes.
             Both:        1.05 GB reserved,      54.81 MB (  5%) committed. 

Chunk freelists:
   Non-Class:  624.00 KB
       Class:  519.00 KB
        Both:  1.12 MB

MaxMetaspaceSize: unlimited
CompressedClassSpaceSize: 1.00 GB
Initial GC threshold: 21.00 MB
Current GC threshold: 58.75 MB
CDS: off
MetaspaceReclaimPolicy: balanced
 - commit_granule_bytes: 65536.
 - commit_granule_words: 8192.
 - virtual_space_node_default_size: 1048576.
 - enlarge_chunks_in_place: 1.
 - new_chunks_are_fully_committed: 0.
 - uncommit_free_chunks: 1.
 - use_allocation_guard: 0.
 - handle_deallocations: 1.


Internal statistics:

num_allocs_failed_limit: 6.
num_arena_births: 594.
num_arena_deaths: 0.
num_vsnodes_births: 7.
num_vsnodes_deaths: 0.
num_space_committed: 877.
num_space_uncommitted: 0.
num_chunks_returned_to_freelist: 6.
num_chunks_taken_from_freelist: 2382.
num_chunk_merges: 6.
num_chunk_splits: 1610.
num_chunks_enlarged: 1125.
num_purges: 0.
num_inconsistent_stats: 0.

CodeHeap 'non-profiled nmethods': size=120000Kb used=2628Kb max_used=3455Kb free=117371Kb
 bounds [0x000001ffbbbd0000, 0x000001ffbbf30000, 0x000001ffc3100000]
CodeHeap 'profiled nmethods': size=120000Kb used=9021Kb max_used=11139Kb free=110978Kb
 bounds [0x000001ffb4100000, 0x000001ffb4bf0000, 0x000001ffbb630000]
CodeHeap 'non-nmethods': size=5760Kb used=2328Kb max_used=2406Kb free=3431Kb
 bounds [0x000001ffbb630000, 0x000001ffbb8a0000, 0x000001ffbbbd0000]
 total_blobs=5822 nmethods=4986 adapters=747
 compilation: enabled
              stopped_count=0, restarted_count=0
 full_count=0

Compilation events (20 events):
Event: 4.320 Thread 0x000001ffcb48a960 5768       3       org.objectweb.asm.Frame::execute (2318 bytes)
Event: 4.322 Thread 0x000001ffcb7ece10 nmethod 5726 0x000001ffbbf2b790 code [0x000001ffbbf2bae0, 0x000001ffbbf2ec00]
Event: 4.322 Thread 0x000001ffcb7ece10 5766       4       org.objectweb.asm.ByteVector::putUTF8 (144 bytes)
Event: 4.323 Thread 0x000001ffcb48a960 nmethod 5768 0x000001ffb4bd7790 code [0x000001ffb4bd86c0, 0x000001ffb4bdf1d8]
Event: 4.323 Thread 0x000001ffcb48a960 5769       3       org.gradle.internal.instantiation.generator.AbstractClassGenerator$PropertyMetadata::findAnnotation (22 bytes)
Event: 4.324 Thread 0x000001ffcb48a960 nmethod 5769 0x000001ffb41b2890 code [0x000001ffb41b2b60, 0x000001ffb41b3c68]
Event: 4.324 Thread 0x000001ffcb48a960 5770       3       org.gradle.internal.instantiation.generator.AbstractClassGenerator$PropertyMetadata::backingFieldAnnotationOf (20 bytes)
Event: 4.324 Thread 0x000001ffcb48a960 nmethod 5770 0x000001ffb4113310 code [0x000001ffb4113540, 0x000001ffb4113ca8]
Event: 4.324 Thread 0x000001ffcb48a960 5771       3       org.gradle.internal.instantiation.generator.AbstractClassGenerator$PropertyMetadata$$Lambda$106/0x000000010025e490::<init> (15 bytes)
Event: 4.324 Thread 0x000001ffcb48a960 nmethod 5771 0x000001ffb4112310 code [0x000001ffb41124c0, 0x000001ffb41126d8]
Event: 4.326 Thread 0x000001ffcb48a960 5772       3       org.gradle.internal.instantiation.generator.AbstractClassGenerator$PropertyMetadata::hasAnnotation (14 bytes)
Event: 4.326 Thread 0x000001ffcb7ece10 nmethod 5766 0x000001ffbbc70c90 code [0x000001ffbbc70e40, 0x000001ffbbc71208]
Event: 4.326 Thread 0x000001ffcb7ece10 5745       4       com.google.common.collect.RegularImmutableSet::iterator (5 bytes)
Event: 4.327 Thread 0x000001ffcb48a960 nmethod 5772 0x000001ffb430bf90 code [0x000001ffb430c280, 0x000001ffb430d448]
Event: 4.328 Thread 0x000001ffcb7ece10 nmethod 5745 0x000001ffbbcb4e10 code [0x000001ffbbcb4fa0, 0x000001ffbbcb5138]
Event: 4.336 Thread 0x000001ffcc9e54c0 nmethod 5740 0x000001ffbbcb5e10 code [0x000001ffbbcb60c0, 0x000001ffbbcb7e70]
Event: 4.339 Thread 0x000001ffcc9e54c0 5773       4       com.google.common.collect.MapMakerInternalMap::rehash (49 bytes)
Event: 4.339 Thread 0x000001ffcc9e54c0 nmethod 5773 0x000001ffbbbd0a10 code [0x000001ffbbbd0b80, 0x000001ffbbbd0c38]
Event: 4.345 Thread 0x000001ffcb48a960 5774       3       sun.reflect.generics.parser.SignatureParser::parseIdentifier (13 bytes)
Event: 4.345 Thread 0x000001ffcb48a960 nmethod 5774 0x000001ffb412ff10 code [0x000001ffb41300c0, 0x000001ffb4130318]

GC Heap History (20 events):
Event: 1.869 GC heap before
{Heap before GC invocations=4 (full 0):
 garbage-first heap   total 68608K, used 51339K [0x0000000080000000, 0x0000000100000000)
  region size 1024K, 40 young (40960K), 8 survivors (8192K)
 Metaspace       used 26504K, committed 26816K, reserved 1073152K
  class space    used 3499K, committed 3648K, reserved 1048576K
}
Event: 1.873 GC heap after
{Heap after GC invocations=5 (full 0):
 garbage-first heap   total 68608K, used 20493K [0x0000000080000000, 0x0000000100000000)
  region size 1024K, 3 young (3072K), 3 survivors (3072K)
 Metaspace       used 26504K, committed 26816K, reserved 1073152K
  class space    used 3499K, committed 3648K, reserved 1048576K
}
Event: 2.199 GC heap before
{Heap before GC invocations=5 (full 0):
 garbage-first heap   total 68608K, used 46093K [0x0000000080000000, 0x0000000100000000)
  region size 1024K, 28 young (28672K), 3 survivors (3072K)
 Metaspace       used 30488K, committed 30784K, reserved 1081344K
  class space    used 4144K, committed 4288K, reserved 1048576K
}
Event: 2.201 GC heap after
{Heap after GC invocations=6 (full 0):
 garbage-first heap   total 68608K, used 21816K [0x0000000080000000, 0x0000000100000000)
  region size 1024K, 4 young (4096K), 4 survivors (4096K)
 Metaspace       used 30488K, committed 30784K, reserved 1081344K
  class space    used 4144K, committed 4288K, reserved 1048576K
}
Event: 2.560 GC heap before
{Heap before GC invocations=6 (full 0):
 garbage-first heap   total 68608K, used 48440K [0x0000000080000000, 0x0000000100000000)
  region size 1024K, 30 young (30720K), 4 survivors (4096K)
 Metaspace       used 35139K, committed 35520K, reserved 1081344K
  class space    used 4851K, committed 5056K, reserved 1048576K
}
Event: 2.564 GC heap after
{Heap after GC invocations=7 (full 0):
 garbage-first heap   total 68608K, used 23662K [0x0000000080000000, 0x0000000100000000)
  region size 1024K, 4 young (4096K), 4 survivors (4096K)
 Metaspace       used 35139K, committed 35520K, reserved 1081344K
  class space    used 4851K, committed 5056K, reserved 1048576K
}
Event: 2.605 GC heap before
{Heap before GC invocations=7 (full 0):
 garbage-first heap   total 68608K, used 24686K [0x0000000080000000, 0x0000000100000000)
  region size 1024K, 7 young (7168K), 4 survivors (4096K)
 Metaspace       used 35638K, committed 35968K, reserved 1081344K
  class space    used 4875K, committed 5056K, reserved 1048576K
}
Event: 2.608 GC heap after
{Heap after GC invocations=8 (full 0):
 garbage-first heap   total 68608K, used 24073K [0x0000000080000000, 0x0000000100000000)
  region size 1024K, 3 young (3072K), 3 survivors (3072K)
 Metaspace       used 35638K, committed 35968K, reserved 1081344K
  class space    used 4875K, committed 5056K, reserved 1048576K
}
Event: 2.852 GC heap before
{Heap before GC invocations=9 (full 0):
 garbage-first heap   total 68608K, used 47625K [0x0000000080000000, 0x0000000100000000)
  region size 1024K, 27 young (27648K), 3 survivors (3072K)
 Metaspace       used 40368K, committed 40704K, reserved 1089536K
  class space    used 5355K, committed 5504K, reserved 1048576K
}
Event: 2.855 GC heap after
{Heap after GC invocations=10 (full 0):
 garbage-first heap   total 82944K, used 28073K [0x0000000080000000, 0x0000000100000000)
  region size 1024K, 4 young (4096K), 4 survivors (4096K)
 Metaspace       used 40368K, committed 40704K, reserved 1089536K
  class space    used 5355K, committed 5504K, reserved 1048576K
}
Event: 3.091 GC heap before
{Heap before GC invocations=10 (full 0):
 garbage-first heap   total 82944K, used 62889K [0x0000000080000000, 0x0000000100000000)
  region size 1024K, 35 young (35840K), 4 survivors (4096K)
 Metaspace       used 43137K, committed 43520K, reserved 1089536K
  class space    used 5665K, committed 5824K, reserved 1048576K
}
Event: 3.094 GC heap after
{Heap after GC invocations=11 (full 0):
 garbage-first heap   total 82944K, used 29547K [0x0000000080000000, 0x0000000100000000)
  region size 1024K, 3 young (3072K), 3 survivors (3072K)
 Metaspace       used 43137K, committed 43520K, reserved 1089536K
  class space    used 5665K, committed 5824K, reserved 1048576K
}
Event: 3.405 GC heap before
{Heap before GC invocations=11 (full 0):
 garbage-first heap   total 82944K, used 60267K [0x0000000080000000, 0x0000000100000000)
  region size 1024K, 33 young (33792K), 3 survivors (3072K)
 Metaspace       used 47129K, committed 47616K, reserved 1097728K
  class space    used 6214K, committed 6464K, reserved 1048576K
}
Event: 3.408 GC heap after
{Heap after GC invocations=12 (full 0):
 garbage-first heap   total 82944K, used 31857K [0x0000000080000000, 0x0000000100000000)
  region size 1024K, 5 young (5120K), 5 survivors (5120K)
 Metaspace       used 47129K, committed 47616K, reserved 1097728K
  class space    used 6214K, committed 6464K, reserved 1048576K
}
Event: 3.741 GC heap before
{Heap before GC invocations=12 (full 0):
 garbage-first heap   total 82944K, used 62577K [0x0000000080000000, 0x0000000100000000)
  region size 1024K, 35 young (35840K), 5 survivors (5120K)
 Metaspace       used 51401K, committed 51840K, reserved 1097728K
  class space    used 6886K, committed 7104K, reserved 1048576K
}
Event: 3.744 GC heap after
{Heap after GC invocations=13 (full 0):
 garbage-first heap   total 82944K, used 33363K [0x0000000080000000, 0x0000000100000000)
  region size 1024K, 4 young (4096K), 4 survivors (4096K)
 Metaspace       used 51401K, committed 51840K, reserved 1097728K
  class space    used 6886K, committed 7104K, reserved 1048576K
}
Event: 4.077 GC heap before
{Heap before GC invocations=13 (full 0):
 garbage-first heap   total 82944K, used 62035K [0x0000000080000000, 0x0000000100000000)
  region size 1024K, 33 young (33792K), 4 survivors (4096K)
 Metaspace       used 53022K, committed 53504K, reserved 1097728K
  class space    used 7083K, committed 7296K, reserved 1048576K
}
Event: 4.080 GC heap after
{Heap after GC invocations=14 (full 0):
 garbage-first heap   total 82944K, used 36887K [0x0000000080000000, 0x0000000100000000)
  region size 1024K, 5 young (5120K), 5 survivors (5120K)
 Metaspace       used 53022K, committed 53504K, reserved 1097728K
  class space    used 7083K, committed 7296K, reserved 1048576K
}
Event: 4.269 GC heap before
{Heap before GC invocations=14 (full 0):
 garbage-first heap   total 82944K, used 66583K [0x0000000080000000, 0x0000000100000000)
  region size 1024K, 31 young (31744K), 5 survivors (5120K)
 Metaspace       used 54572K, committed 55040K, reserved 1097728K
  class space    used 7273K, committed 7488K, reserved 1048576K
}
Event: 4.271 GC heap after
{Heap after GC invocations=15 (full 0):
 garbage-first heap   total 82944K, used 45481K [0x0000000080000000, 0x0000000100000000)
  region size 1024K, 4 young (4096K), 4 survivors (4096K)
 Metaspace       used 54572K, committed 55040K, reserved 1097728K
  class space    used 7273K, committed 7488K, reserved 1048576K
}

Dll operation events (2 events):
Event: 0.007 Loaded shared library C:\Program Files\Android\Android Studio1\jbr\bin\java.dll
Event: 0.409 Loaded shared library C:\Program Files\Android\Android Studio1\jbr\bin\verify.dll

Deoptimization events (20 events):
Event: 4.160 Thread 0x000001ffcc484300 DEOPT PACKING pc=0x000001ffbbeb5680 sp=0x000000c4b71f94a0
Event: 4.160 Thread 0x000001ffcc484300 DEOPT UNPACKING pc=0x000001ffbb68a1a3 sp=0x000000c4b71f9468 mode 2
Event: 4.161 Thread 0x000001ffcc484300 Uncommon trap: trap_request=0xffffffc6 fr.pc=0x000001ffbbd253d8 relative=0x0000000000000218
Event: 4.161 Thread 0x000001ffcc484300 Uncommon trap: reason=bimorphic_or_optimized_type_check action=maybe_recompile pc=0x000001ffbbd253d8 method=com.google.common.base.CharMatcher.indexIn(Ljava/lang/CharSequence;I)I @ 31 c2
Event: 4.161 Thread 0x000001ffcc484300 DEOPT PACKING pc=0x000001ffbbd253d8 sp=0x000000c4b71f99b0
Event: 4.161 Thread 0x000001ffcc484300 DEOPT UNPACKING pc=0x000001ffbb68a1a3 sp=0x000000c4b71f9958 mode 2
Event: 4.165 Thread 0x000001ffcc484300 Uncommon trap: trap_request=0xffffff45 fr.pc=0x000001ffbbc2ab0c relative=0x000000000000064c
Event: 4.165 Thread 0x000001ffcc484300 Uncommon trap: reason=unstable_if action=reinterpret pc=0x000001ffbbc2ab0c method=java.util.jar.Manifest$FastInputStream.readLine([BII)I @ 130 c2
Event: 4.165 Thread 0x000001ffcc484300 DEOPT PACKING pc=0x000001ffbbc2ab0c sp=0x000000c4b71f8550
Event: 4.165 Thread 0x000001ffcc484300 DEOPT UNPACKING pc=0x000001ffbb68a1a3 sp=0x000000c4b71f84e0 mode 2
Event: 4.173 Thread 0x000001ffcc484300 Uncommon trap: trap_request=0xffffff45 fr.pc=0x000001ffbbd62154 relative=0x0000000000001874
Event: 4.173 Thread 0x000001ffcc484300 Uncommon trap: reason=unstable_if action=reinterpret pc=0x000001ffbbd62154 method=java.util.zip.ZipFile.getInputStream(Ljava/util/zip/ZipEntry;)Ljava/io/InputStream; @ 101 c2
Event: 4.173 Thread 0x000001ffcc484300 DEOPT PACKING pc=0x000001ffbbd62154 sp=0x000000c4b71f6cb0
Event: 4.173 Thread 0x000001ffcc484300 DEOPT UNPACKING pc=0x000001ffbb68a1a3 sp=0x000000c4b71f6c68 mode 2
Event: 4.173 Thread 0x000001ffcc484300 DEOPT PACKING pc=0x000001ffb41bee3d sp=0x000000c4b71f6a20
Event: 4.173 Thread 0x000001ffcc484300 DEOPT UNPACKING pc=0x000001ffbb68ace3 sp=0x000000c4b71f5eb8 mode 0
Event: 4.311 Thread 0x000001ffcc484300 Uncommon trap: trap_request=0xffffff45 fr.pc=0x000001ffbbe2b040 relative=0x0000000000005e60
Event: 4.311 Thread 0x000001ffcc484300 Uncommon trap: reason=unstable_if action=reinterpret pc=0x000001ffbbe2b040 method=org.objectweb.asm.Frame.execute(IILorg/objectweb/asm/Symbol;Lorg/objectweb/asm/SymbolTable;)V @ 1 c2
Event: 4.311 Thread 0x000001ffcc484300 DEOPT PACKING pc=0x000001ffbbe2b040 sp=0x000000c4b71f6820
Event: 4.311 Thread 0x000001ffcc484300 DEOPT UNPACKING pc=0x000001ffbb68a1a3 sp=0x000000c4b71f67c8 mode 2

Classes unloaded (0 events):
No events

Classes redefined (0 events):
No events

Internal exceptions (20 events):
Event: 3.782 Thread 0x000001ffcc484300 Exception <a 'java/lang/NoSuchMethodError'{0x000000008d3f9d68}: 'int java.lang.invoke.DirectMethodHandle$Holder.invokeStatic(java.lang.Object)'> (0x000000008d3f9d68) 
thrown [s\src\hotspot\share\interpreter\linkResolver.cpp, line 771]
Event: 3.783 Thread 0x000001ffcc484300 Exception <a 'java/lang/NoSuchMethodError'{0x000000008d3fe400}: 'int java.lang.invoke.DirectMethodHandle$Holder.invokeStaticInit(java.lang.Object)'> (0x000000008d3fe400) 
thrown [s\src\hotspot\share\interpreter\linkResolver.cpp, line 771]
Event: 3.789 Thread 0x000001ffcc484300 Exception <a 'java/lang/NoSuchMethodError'{0x000000008d272eb0}: 'java.lang.Object java.lang.invoke.DirectMethodHandle$Holder.newInvokeSpecial(java.lang.Object, java.lang.Object, java.lang.Object, java.lang.Object, java.lang.Object, int)'> (0x000000008d272eb0) 
thrown [s\src\hotspot\share\interpreter\linkResolver.cpp, line 771]
Event: 3.789 Thread 0x000001ffcc484300 Exception <a 'java/lang/NoSuchMethodError'{0x000000008d278508}: 'java.lang.Object java.lang.invoke.DirectMethodHandle$Holder.invokeSpecial(java.lang.Object, java.lang.Object, java.lang.Object, java.lang.Object, java.lang.Object, java.lang.Object, int)'> (0x000000008d278508) 
thrown [s\src\hotspot\share\interpreter\linkResolver.cpp, line 771]
Event: 3.801 Thread 0x000001ffcc484300 Exception <a 'java/lang/NoSuchMethodError'{0x000000008d1499a0}: 'void java.lang.invoke.DirectMethodHandle$Holder.invokeStatic(java.lang.Object, java.lang.Object, java.lang.Object, int, java.lang.Object)'> (0x000000008d1499a0) 
thrown [s\src\hotspot\share\interpreter\linkResolver.cpp, line 771]
Event: 4.103 Thread 0x000001ffcc484300 Exception <a 'java/lang/NoSuchMethodError'{0x000000008d2642e8}: 'long java.lang.invoke.DirectMethodHandle$Holder.invokeVirtual(java.lang.Object, java.lang.Object)'> (0x000000008d2642e8) 
thrown [s\src\hotspot\share\interpreter\linkResolver.cpp, line 771]
Event: 4.106 Thread 0x000001ffcc4b54d0 Exception <a 'java/lang/NoSuchMethodError'{0x000000008d2e28f0}: static Lorg/gradle/internal/build/event/types/DefaultOperationFinishedProgressEvent;.<clinit>()V> (0x000000008d2e28f0) 
thrown [s\src\hotspot\share\prims\jni.cpp, line 1108]
Event: 4.108 Thread 0x000001ffcc4b54d0 Exception <a 'java/lang/NoSuchMethodError'{0x000000008d109e68}: static Lorg/gradle/internal/build/event/types/DefaultProjectConfigurationSuccessResult;.<clinit>()V> (0x000000008d109e68) 
thrown [s\src\hotspot\share\prims\jni.cpp, line 1108]
Event: 4.109 Thread 0x000001ffcc4b54d0 Exception <a 'java/lang/NoSuchMethodError'{0x000000008d10b160}: static Lorg/gradle/internal/build/event/types/AbstractProjectConfigurationResult;.<clinit>()V> (0x000000008d10b160) 
thrown [s\src\hotspot\share\prims\jni.cpp, line 1108]
Event: 4.109 Thread 0x000001ffcc4b54d0 Exception <a 'java/lang/NoSuchMethodError'{0x000000008d10c8d0}: static Lorg/gradle/internal/build/event/types/AbstractOperationResult;.<clinit>()V> (0x000000008d10c8d0) 
thrown [s\src\hotspot\share\prims\jni.cpp, line 1108]
Event: 4.109 Thread 0x000001ffcc4b54d0 Exception <a 'java/lang/NoSuchMethodError'{0x000000008d10dad8}: static Lorg/gradle/internal/build/event/types/AbstractResult;.<clinit>()V> (0x000000008d10dad8) 
thrown [s\src\hotspot\share\prims\jni.cpp, line 1108]
Event: 4.110 Thread 0x000001ffcc4b54d0 Exception <a 'java/lang/NoSuchMethodError'{0x000000008d124688}: static Lorg/gradle/internal/build/event/types/DefaultPluginApplicationResult;.<clinit>()V> (0x000000008d124688) 
thrown [s\src\hotspot\share\prims\jni.cpp, line 1108]
Event: 4.110 Thread 0x000001ffcc4b54d0 Exception <a 'java/lang/NoSuchMethodError'{0x000000008d130790}: static Lorg/gradle/internal/build/event/types/DefaultBinaryPluginIdentifier;.<clinit>()V> (0x000000008d130790) 
thrown [s\src\hotspot\share\prims\jni.cpp, line 1108]
Event: 4.112 Thread 0x000001ffcc4b54d0 Exception <a 'java/lang/NoSuchMethodError'{0x000000008d160808}: static Lorg/gradle/internal/build/event/types/DefaultScriptPluginIdentifier;.<clinit>()V> (0x000000008d160808) 
thrown [s\src\hotspot\share\prims\jni.cpp, line 1108]
Event: 4.160 Thread 0x000001ffcc484300 Implicit null exception at 0x000001ffbbeb4f92 to 0x000001ffbbeb5670
Event: 4.204 Thread 0x000001ffcc484300 Exception <a 'java/lang/ClassNotFoundException'{0x0000000083e8eb50}: org/gradle/api/internal/plugins/DefaultObjectConfigurationActionBeanInfo> (0x0000000083e8eb50) 
thrown [s\src\hotspot\share\classfile\systemDictionary.cpp, line 256]
Event: 4.204 Thread 0x000001ffcc484300 Exception <a 'java/lang/ClassNotFoundException'{0x0000000083ea28d8}: org/gradle/api/internal/plugins/DefaultObjectConfigurationActionCustomizer> (0x0000000083ea28d8) 
thrown [s\src\hotspot\share\classfile\systemDictionary.cpp, line 256]
Event: 4.304 Thread 0x000001ffcc484300 Exception <a 'java/lang/NoSuchMethodError'{0x000000008d259c90}: 'java.lang.Object java.lang.invoke.DirectMethodHandle$Holder.newInvokeSpecial(java.lang.Object, java.lang.Object, java.lang.Object, java.lang.Object, int)'> (0x000000008d259c90) 
thrown [s\src\hotspot\share\interpreter\linkResolver.cpp, line 771]
Event: 4.305 Thread 0x000001ffcc484300 Exception <a 'java/lang/NoSuchMethodError'{0x000000008d25f0d8}: 'java.lang.Object java.lang.invoke.DirectMethodHandle$Holder.invokeSpecial(java.lang.Object, java.lang.Object, java.lang.Object, java.lang.Object, java.lang.Object, int)'> (0x000000008d25f0d8) 
thrown [s\src\hotspot\share\interpreter\linkResolver.cpp, line 771]
Event: 4.305 Thread 0x000001ffcc484300 Exception <a 'java/lang/NoSuchMethodError'{0x000000008d263e58}: 'java.lang.Object java.lang.invoke.Invokers$Holder.linkToTargetMethod(java.lang.Object, java.lang.Object, java.lang.Object, int, java.lang.Object)'> (0x000000008d263e58) 
thrown [s\src\hotspot\share\interpreter\linkResolver.cpp, line 771]

VM Operations (20 events):
Event: 3.761 Executing VM operation: HandshakeAllThreads
Event: 3.761 Executing VM operation: HandshakeAllThreads done
Event: 3.964 Executing VM operation: ICBufferFull
Event: 3.964 Executing VM operation: ICBufferFull done
Event: 3.969 Executing VM operation: HandshakeAllThreads
Event: 3.969 Executing VM operation: HandshakeAllThreads done
Event: 4.076 Executing VM operation: G1CollectForAllocation
Event: 4.080 Executing VM operation: G1CollectForAllocation done
Event: 4.104 Executing VM operation: HandshakeAllThreads
Event: 4.104 Executing VM operation: HandshakeAllThreads done
Event: 4.162 Executing VM operation: ICBufferFull
Event: 4.162 Executing VM operation: ICBufferFull done
Event: 4.268 Executing VM operation: G1CollectForAllocation
Event: 4.271 Executing VM operation: G1CollectForAllocation done
Event: 4.311 Executing VM operation: HandshakeAllThreads
Event: 4.311 Executing VM operation: HandshakeAllThreads done
Event: 4.321 Executing VM operation: HandshakeAllThreads
Event: 4.322 Executing VM operation: HandshakeAllThreads done
Event: 4.336 Executing VM operation: HandshakeAllThreads
Event: 4.336 Executing VM operation: HandshakeAllThreads done

Events (20 events):
Event: 4.341 Thread 0x000001ffcb48ba00 flushing nmethod 0x000001ffb49b3610
Event: 4.341 Thread 0x000001ffcb48ba00 flushing nmethod 0x000001ffb49b3f10
Event: 4.341 Thread 0x000001ffcb48ba00 flushing nmethod 0x000001ffb49ba790
Event: 4.341 Thread 0x000001ffcb48ba00 flushing nmethod 0x000001ffb49bb390
Event: 4.341 Thread 0x000001ffcb48ba00 flushing nmethod 0x000001ffb49bba10
Event: 4.341 Thread 0x000001ffcb48ba00 flushing nmethod 0x000001ffb49be890
Event: 4.341 Thread 0x000001ffcb48ba00 flushing nmethod 0x000001ffb49bed10
Event: 4.341 Thread 0x000001ffcb48ba00 flushing nmethod 0x000001ffb49bf910
Event: 4.341 Thread 0x000001ffcb48ba00 flushing nmethod 0x000001ffb49bfc90
Event: 4.341 Thread 0x000001ffcb48ba00 flushing nmethod 0x000001ffb49cf690
Event: 4.341 Thread 0x000001ffcb48ba00 flushing nmethod 0x000001ffb49dbc10
Event: 4.341 Thread 0x000001ffcb48ba00 flushing nmethod 0x000001ffb49deb90
Event: 4.341 Thread 0x000001ffcb48ba00 flushing nmethod 0x000001ffb49e4d10
Event: 4.341 Thread 0x000001ffcb48ba00 flushing nmethod 0x000001ffb4a2ca90
Event: 4.341 Thread 0x000001ffcb48ba00 flushing nmethod 0x000001ffb4a3a010
Event: 4.342 Thread 0x000001ffcb48ba00 flushing nmethod 0x000001ffb4ab6910
Event: 4.342 Thread 0x000001ffcb48ba00 flushing nmethod 0x000001ffb4ac1310
Event: 4.342 Thread 0x000001ffcb48ba00 flushing nmethod 0x000001ffb4ac5f90
Event: 4.342 Thread 0x000001ffcb48ba00 flushing nmethod 0x000001ffb4adfe10
Event: 4.342 Thread 0x000001ffcb48ba00 flushing nmethod 0x000001ffb4b8f910


Dynamic libraries:
0x00007ff753d20000 - 0x00007ff753d2a000 	C:\Program Files\Android\Android Studio1\jbr\bin\java.exe
0x00007ffe194f0000 - 0x00007ffe19707000 	C:\WINDOWS\SYSTEM32\ntdll.dll
0x00007ffe18470000 - 0x00007ffe18534000 	C:\WINDOWS\System32\KERNEL32.DLL
0x00007ffe16ab0000 - 0x00007ffe16e55000 	C:\WINDOWS\System32\KERNELBASE.dll
0x00007ffe17120000 - 0x00007ffe17231000 	C:\WINDOWS\System32\ucrtbase.dll
0x00007ffdfff40000 - 0x00007ffdfff57000 	C:\Program Files\Android\Android Studio1\jbr\bin\jli.dll
0x00007ffe18ab0000 - 0x00007ffe18c5e000 	C:\WINDOWS\System32\USER32.dll
0x00007ffe16f00000 - 0x00007ffe16f26000 	C:\WINDOWS\System32\win32u.dll
0x00007ffe02d30000 - 0x00007ffe02d4b000 	C:\Program Files\Android\Android Studio1\jbr\bin\VCRUNTIME140.dll
0x00007ffe18c60000 - 0x00007ffe18c89000 	C:\WINDOWS\System32\GDI32.dll
0x00007ffddff60000 - 0x00007ffde01f3000 	C:\WINDOWS\WinSxS\amd64_microsoft.windows.common-controls_6595b64144ccf1df_6.0.22621.2506_none_270c5ae97388e100\COMCTL32.dll
0x00007ffe19310000 - 0x00007ffe193b7000 	C:\WINDOWS\System32\msvcrt.dll
0x00007ffe16990000 - 0x00007ffe16aa9000 	C:\WINDOWS\System32\gdi32full.dll
0x00007ffe16e60000 - 0x00007ffe16efa000 	C:\WINDOWS\System32\msvcp_win.dll
0x00007ffe19470000 - 0x00007ffe194a1000 	C:\WINDOWS\System32\IMM32.DLL
0x00007ffe11cd0000 - 0x00007ffe11cdc000 	C:\Program Files\Android\Android Studio1\jbr\bin\vcruntime140_1.dll
0x00007ffdd1590000 - 0x00007ffdd161d000 	C:\Program Files\Android\Android Studio1\jbr\bin\msvcp140.dll
0x00007ffd99690000 - 0x00007ffd9a2fe000 	C:\Program Files\Android\Android Studio1\jbr\bin\server\jvm.dll
0x00007ffe19230000 - 0x00007ffe192e1000 	C:\WINDOWS\System32\ADVAPI32.dll
0x00007ffe18ee0000 - 0x00007ffe18f86000 	C:\WINDOWS\System32\sechost.dll
0x00007ffe17aa0000 - 0x00007ffe17bb7000 	C:\WINDOWS\System32\RPCRT4.dll
0x00007ffde8b60000 - 0x00007ffde8b69000 	C:\WINDOWS\SYSTEM32\WSOCK32.dll
0x00007ffe19150000 - 0x00007ffe191c1000 	C:\WINDOWS\System32\WS2_32.dll
0x00007ffe0e980000 - 0x00007ffe0e9b4000 	C:\WINDOWS\SYSTEM32\WINMM.dll
0x00007ffe0f310000 - 0x00007ffe0f31a000 	C:\WINDOWS\SYSTEM32\VERSION.dll
0x00007ffe15860000 - 0x00007ffe15878000 	C:\WINDOWS\SYSTEM32\kernel.appcore.dll
0x00007ffe02d80000 - 0x00007ffe02d8a000 	C:\Program Files\Android\Android Studio1\jbr\bin\jimage.dll
0x00007ffe13a90000 - 0x00007ffe13cc3000 	C:\WINDOWS\SYSTEM32\DBGHELP.DLL
0x00007ffe18720000 - 0x00007ffe18aa9000 	C:\WINDOWS\System32\combase.dll
0x00007ffe18300000 - 0x00007ffe183d7000 	C:\WINDOWS\System32\OLEAUT32.dll
0x00007ffdef880000 - 0x00007ffdef8b2000 	C:\WINDOWS\SYSTEM32\dbgcore.DLL
0x00007ffe16f30000 - 0x00007ffe16faa000 	C:\WINDOWS\System32\bcryptPrimitives.dll
0x00007ffe02ca0000 - 0x00007ffe02cc5000 	C:\Program Files\Android\Android Studio1\jbr\bin\java.dll
0x00007ffe00470000 - 0x00007ffe00488000 	C:\Program Files\Android\Android Studio1\jbr\bin\zip.dll
0x00007ffe17240000 - 0x00007ffe17a99000 	C:\WINDOWS\System32\SHELL32.dll
0x00007ffe14780000 - 0x00007ffe15074000 	C:\WINDOWS\SYSTEM32\windows.storage.dll
0x00007ffe14640000 - 0x00007ffe1477e000 	C:\WINDOWS\SYSTEM32\wintypes.dll
0x00007ffe17bc0000 - 0x00007ffe17cb3000 	C:\WINDOWS\System32\SHCORE.dll
0x00007ffe191d0000 - 0x00007ffe1922e000 	C:\WINDOWS\System32\shlwapi.dll
0x00007ffe16790000 - 0x00007ffe167b6000 	C:\WINDOWS\SYSTEM32\profapi.dll
0x00007ffe00000000 - 0x00007ffe00019000 	C:\Program Files\Android\Android Studio1\jbr\bin\net.dll
0x00007ffe10d70000 - 0x00007ffe10ea7000 	C:\WINDOWS\SYSTEM32\WINHTTP.dll
0x00007ffe15ce0000 - 0x00007ffe15d49000 	C:\WINDOWS\system32\mswsock.dll
0x00007ffdfffe0000 - 0x00007ffdffff6000 	C:\Program Files\Android\Android Studio1\jbr\bin\nio.dll
0x00007ffe02c90000 - 0x00007ffe02ca0000 	C:\Program Files\Android\Android Studio1\jbr\bin\verify.dll
0x00007ffdc5390000 - 0x00007ffdc53b7000 	C:\Users\Acer\.gradle\native\68d5fa5c4cc2d200863cafc0d521ce42e7d3e7ee720ec0a83991735586a16f82\windows-amd64\native-platform.dll
0x00007ffdbdab0000 - 0x00007ffdbdbf4000 	C:\Users\Acer\.gradle\native\e376f236ea51e6404a007f0833ffe2c6e607c4080706a723a18a27aeea778392\windows-amd64\native-platform-file-events.dll
0x00007ffe02c20000 - 0x00007ffe02c29000 	C:\Program Files\Android\Android Studio1\jbr\bin\management.dll
0x00007ffe02960000 - 0x00007ffe0296b000 	C:\Program Files\Android\Android Studio1\jbr\bin\management_ext.dll
0x00007ffe17cd0000 - 0x00007ffe17cd8000 	C:\WINDOWS\System32\PSAPI.DLL
0x00007ffe15f30000 - 0x00007ffe15f4b000 	C:\WINDOWS\SYSTEM32\CRYPTSP.dll
0x00007ffe157c0000 - 0x00007ffe157f5000 	C:\WINDOWS\system32\rsaenh.dll
0x00007ffe15dd0000 - 0x00007ffe15dfc000 	C:\WINDOWS\SYSTEM32\USERENV.dll
0x00007ffe16170000 - 0x00007ffe16198000 	C:\WINDOWS\SYSTEM32\bcrypt.dll
0x00007ffe15f50000 - 0x00007ffe15f5c000 	C:\WINDOWS\SYSTEM32\CRYPTBASE.dll
0x00007ffe15320000 - 0x00007ffe1534d000 	C:\WINDOWS\SYSTEM32\IPHLPAPI.DLL
0x00007ffe183e0000 - 0x00007ffe183e9000 	C:\WINDOWS\System32\NSI.dll
0x00007ffe0ecb0000 - 0x00007ffe0ecc9000 	C:\WINDOWS\SYSTEM32\dhcpcsvc6.DLL
0x00007ffe0e960000 - 0x00007ffe0e97f000 	C:\WINDOWS\SYSTEM32\dhcpcsvc.DLL
0x00007ffe153a0000 - 0x00007ffe15499000 	C:\WINDOWS\SYSTEM32\DNSAPI.dll
0x00007ffde3bb0000 - 0x00007ffde3bb8000 	C:\WINDOWS\system32\wshunix.dll

dbghelp: loaded successfully - version: 4.0.5 - missing functions: none
symbol engine: initialized successfully - sym options: 0x614 - pdb path: .;C:\Program Files\Android\Android Studio1\jbr\bin;C:\WINDOWS\SYSTEM32;C:\WINDOWS\WinSxS\amd64_microsoft.windows.common-controls_6595b64144ccf1df_6.0.22621.2506_none_270c5ae97388e100;C:\Program Files\Android\Android Studio1\jbr\bin\server;C:\Users\Acer\.gradle\native\68d5fa5c4cc2d200863cafc0d521ce42e7d3e7ee720ec0a83991735586a16f82\windows-amd64;C:\Users\Acer\.gradle\native\e376f236ea51e6404a007f0833ffe2c6e607c4080706a723a18a27aeea778392\windows-amd64

VM Arguments:
jvm_args: --add-opens=java.base/java.util=ALL-UNNAMED --add-opens=java.base/java.lang=ALL-UNNAMED --add-opens=java.base/java.lang.invoke=ALL-UNNAMED --add-opens=java.prefs/java.util.prefs=ALL-UNNAMED --add-opens=java.base/java.nio.charset=ALL-UNNAMED --add-opens=java.base/java.net=ALL-UNNAMED --add-opens=java.base/java.util.concurrent.atomic=ALL-UNNAMED -Xmx2048m -Dfile.encoding=UTF-8 -Duser.country=US -Duser.language=en -Duser.variant 
java_command: org.gradle.launcher.daemon.bootstrap.GradleDaemon 8.0
java_class_path (initial): C:\Users\Acer\.gradle\wrapper\dists\gradle-8.0-bin\ca5e32bp14vu59qr306oxotwh\gradle-8.0\lib\gradle-launcher-8.0.jar
Launcher Type: SUN_STANDARD

[Global flags]
     intx CICompilerCount                          = 4                                         {product} {ergonomic}
     uint ConcGCThreads                            = 2                                         {product} {ergonomic}
     uint G1ConcRefinementThreads                  = 8                                         {product} {ergonomic}
   size_t G1HeapRegionSize                         = 1048576                                   {product} {ergonomic}
    uintx GCDrainStackTargetSize                   = 64                                        {product} {ergonomic}
   size_t InitialHeapSize                          = 266338304                                 {product} {ergonomic}
   size_t MarkStackSize                            = 4194304                                   {product} {ergonomic}
   size_t MaxHeapSize                              = 2147483648                                {product} {command line}
   size_t MaxNewSize                               = 1287651328                                {product} {ergonomic}
   size_t MinHeapDeltaBytes                        = 1048576                                   {product} {ergonomic}
   size_t MinHeapSize                              = 8388608                                   {product} {ergonomic}
    uintx NonNMethodCodeHeapSize                   = 5839372                                {pd product} {ergonomic}
    uintx NonProfiledCodeHeapSize                  = 122909434                              {pd product} {ergonomic}
    uintx ProfiledCodeHeapSize                     = 122909434                              {pd product} {ergonomic}
    uintx ReservedCodeCacheSize                    = 251658240                              {pd product} {ergonomic}
     bool SegmentedCodeCache                       = true                                      {product} {ergonomic}
   size_t SoftMaxHeapSize                          = 2147483648                             {manageable} {ergonomic}
     bool UseCompressedClassPointers               = true                           {product lp64_product} {ergonomic}
     bool UseCompressedOops                        = true                           {product lp64_product} {ergonomic}
     bool UseG1GC                                  = true                                      {product} {ergonomic}
     bool UseLargePagesIndividualAllocation        = false                                  {pd product} {ergonomic}

Logging:
Log output configuration:
 #0: stdout all=warning uptime,level,tags
 #1: stderr all=off uptime,level,tags

Environment Variables:
PATH=C:\Program Files\Common Files\Oracle\Java\javapath;C:\Program Files\Microsoft\jdk-11.0.16.101-hotspot\bin;C:\WINDOWS\system32;C:\WINDOWS;C:\WINDOWS\System32\Wbem;C:\WINDOWS\System32\WindowsPowerShell\v1.0\;C:\WINDOWS\System32\OpenSSH\;C:\Program Files\Git\cmd;C:\Users\Acer\AppData\Local\Programs\Python\Python39;C:\Users\Acer\AppData\Local\Programs\Python\Python39\Scripts;C:\Program Files\nodejs\;C:\Program Files\dotnet\;C:\Program Files\Microsoft SQL Server\150\Tools\Binn\;C:\Program Files\Microsoft SQL Server\Client SDK\ODBC\170\Tools\Binn\;C:\ProgramData\chocolatey\bin;C:\Program Files\Maven\apache-maven-3.9.5\bin;C:\Users\Acer\AppData\Local\Microsoft\WindowsApps;C:\Users\Acer\AppData\Local\Programs\Microsoft VS Code\bin;C:\Program Files\JetBrains\PyCharm Community Edition 2023.1\bin;;C:\Users\Acer\AppData\Local\GitHubDesktop\bin;C:\Users\Acer\AppData\Roaming\npm;C:\Users\Acer\.dotnet\tools;C:\Program Files\JetBrains\IntelliJ IDEA Community Edition 2023.2.5\bin;
USERNAME=Acer
OS=Windows_NT
PROCESSOR_IDENTIFIER=Intel64 Family 6 Model 140 Stepping 1, GenuineIntel
TMP=C:\Users\Acer\AppData\Local\Temp
TEMP=C:\Users\Acer\AppData\Local\Temp


JNI global refs:
JNI global refs: 25, weak refs: 0

JNI global refs memory usage: 843, weak refs: 841


---------------  S Y S T E M  ---------------

OS:
 Windows 11 , 64 bit Build 22621 (10.0.22621.2506)
OS uptime: 3 days 1:55 hours

CPU: total 8 (initial active 8) (4 cores per cpu, 2 threads per core) family 6 model 140 stepping 1 microcode 0xa4, cx8, cmov, fxsr, ht, mmx, 3dnowpref, sse, sse2, sse3, ssse3, sse4.1, sse4.2, popcnt, lzcnt, tsc, tscinvbit, avx, avx2, aes, erms, clmul, bmi1, bmi2, adx, avx512f, avx512dq, avx512cd, avx512bw, avx512vl, sha, fma, vzeroupper, avx512_vpopcntdq, avx512_vpclmulqdq, avx512_vaes, avx512_vnni, clflush, clflushopt, clwb, avx512_vbmi2, avx512_vbmi

Memory: 4k page, system-wide physical 16179M (705M free)
TotalPageFile size 19097M (AvailPageFile size 5M)
current process WorkingSet (physical memory assigned to process): 288M, peak: 288M
current process commit charge ("private bytes"): 324M, peak: 402M

vm_info: OpenJDK 64-Bit Server VM (17.0.6+0-b2043.56-10027231) for windows-amd64 JRE (17.0.6+0-b2043.56-10027231), built on Apr 28 2023 00:43:19 by "androidbuild" with MS VC++ 16.10 / 16.11 (VS2019)

END.
