#
# There is insufficient memory for the Java Runtime Environment to continue.
# Native memory allocation (mmap) failed to map 272629760 bytes for G1 virtual space
# Possible reasons:
#   The system is out of physical RAM or swap space
#   The process is running with CompressedOops enabled, and the Java Heap may be blocking the growth of the native heap
# Possible solutions:
#   Reduce memory load on the system
#   Increase physical memory or swap space
#   Check if swap backing store is full
#   Decrease Java heap size (-Xmx/-Xms)
#   Decrease number of Java threads
#   Decrease Java thread stack sizes (-Xss)
#   Set larger code cache with -XX:ReservedCodeCacheSize=
#   JVM is running with Unscaled Compressed Oops mode in which the Java heap is
#     placed in the first 4GB address space. The Java Heap base address is the
#     maximum limit for the native heap growth. Please use -XX:HeapBaseMinAddress
#     to set the Java Heap base and to place the Java Heap above 4GB virtual address.
# This output file may be truncated or incomplete.
#
#  Out of Memory Error (os_windows.cpp:3769), pid=8436, tid=6760
#
# JRE version: OpenJDK Runtime Environment (17.0.6) (build 17.0.6+0-b2043.56-10027231)
# Java VM: OpenJDK 64-Bit Server VM (17.0.6+0-b2043.56-10027231, mixed mode, tiered, compressed oops, compressed class ptrs, g1 gc, windows-amd64)
# No core dump will be written. Minidumps are not enabled by default on client versions of Windows
#

---------------  S U M M A R Y ------------

Command Line: --add-opens=java.base/java.util=ALL-UNNAMED --add-opens=java.base/java.lang=ALL-UNNAMED --add-opens=java.base/java.lang.invoke=ALL-UNNAMED --add-opens=java.prefs/java.util.prefs=ALL-UNNAMED --add-opens=java.base/java.nio.charset=ALL-UNNAMED --add-opens=java.base/java.net=ALL-UNNAMED --add-opens=java.base/java.util.concurrent.atomic=ALL-UNNAMED -Xmx2048m -Dfile.encoding=UTF-8 -Duser.country=US -Duser.language=en -Duser.variant org.gradle.launcher.daemon.bootstrap.GradleDaemon 8.0

Host: 11th Gen Intel(R) Core(TM) i5-1135G7 @ 2.40GHz, 8 cores, 15G,  Windows 11 , 64 bit Build 22621 (10.0.22621.2506)
Time: Wed Nov 29 16:06:03 2023 SE Asia Standard Time elapsed time: 8.979592 seconds (0d 0h 0m 8s)

---------------  T H R E A D  ---------------

Current thread (0x00000251ab84d260):  VMThread "VM Thread" [stack: 0x00000083c7000000,0x00000083c7100000] [id=6760]

Stack: [0x00000083c7000000,0x00000083c7100000]
Native frames: (J=compiled Java code, j=interpreted, Vv=VM code, C=native code)
V  [jvm.dll+0x683c9a]
V  [jvm.dll+0x8427a4]
V  [jvm.dll+0x843f9e]
V  [jvm.dll+0x844603]
V  [jvm.dll+0x249b75]
V  [jvm.dll+0x680b69]
V  [jvm.dll+0x67505a]
V  [jvm.dll+0x309acb]
V  [jvm.dll+0x310f86]
V  [jvm.dll+0x3608ee]
V  [jvm.dll+0x360b1f]
V  [jvm.dll+0x2dfbf8]
V  [jvm.dll+0x2ddec4]
V  [jvm.dll+0x2dd4cc]
V  [jvm.dll+0x321f3b]
V  [jvm.dll+0x848ccb]
V  [jvm.dll+0x849a04]
V  [jvm.dll+0x849f1d]
V  [jvm.dll+0x84a2f4]
V  [jvm.dll+0x84a3c0]
V  [jvm.dll+0x7f274a]
V  [jvm.dll+0x682ad5]
C  [ucrtbase.dll+0x29363]
C  [KERNEL32.DLL+0x1257d]
C  [ntdll.dll+0x5aa58]

VM_Operation (0x00000083d06fd360): G1CollectForAllocation, mode: safepoint, requested by thread 0x00000251b0b48ee0


---------------  P R O C E S S  ---------------

Threads class SMR info:
_java_thread_list=0x00000251b505f070, length=141, elements={
0x000002519111ba10, 0x00000251ab853f00, 0x00000251ab854ab0, 0x00000251ab8aa8e0,
0x00000251ab8ab490, 0x00000251ab8aff60, 0x00000251ab8b0f20, 0x00000251ab8b1c00,
0x00000251ab8bc130, 0x00000251ab8c06c0, 0x00000251aba30b50, 0x00000251aba2bbe0,
0x00000251abd8c300, 0x00000251ac04c2d0, 0x00000251ac04c7a0, 0x00000251ac04d140,
0x00000251ac04cc70, 0x00000251ac04d610, 0x00000251ac04be00, 0x00000251ad339a80,
0x00000251ad33adc0, 0x00000251ad340930, 0x00000251ad33d440, 0x00000251ad339f50,
0x00000251ad33bc30, 0x00000251ad33a420, 0x00000251ad33e2b0, 0x00000251ad340460,
0x00000251ad340e00, 0x00000251ad33ff90, 0x00000251ad33a8f0, 0x00000251ad33b290,
0x00000251ad33ec50, 0x00000251ad3412d0, 0x00000251ad33b760, 0x00000251ad33caa0,
0x00000251b1835be0, 0x00000251ad33f120, 0x00000251ad33f5f0, 0x00000251ad33d910,
0x00000251ad33cf70, 0x00000251ad33c5d0, 0x00000251ad33fac0, 0x00000251ad33dde0,
0x00000251b22e6040, 0x00000251b22e81f0, 0x00000251b22e9ed0, 0x00000251b22e9530,
0x00000251b22ead40, 0x00000251b22eb210, 0x00000251b22eb6e0, 0x00000251b22e6510,
0x00000251b22e7850, 0x00000251b22e51d0, 0x00000251b22e3e90, 0x00000251b22e4360,
0x00000251b22e69e0, 0x00000251b22e4830, 0x00000251b22e7d20, 0x00000251b22e6eb0,
0x00000251b22e86c0, 0x00000251b22ea3a0, 0x00000251b22e5b70, 0x00000251b22ea870,
0x00000251b22e4d00, 0x00000251b22e9060, 0x00000251b22e9a00, 0x00000251b22e7380,
0x00000251b22e56a0, 0x00000251b22e8b90, 0x00000251b1ff7350, 0x00000251b1ff64e0,
0x00000251b1ff8690, 0x00000251b1ffbb80, 0x00000251b1ff5670, 0x00000251b1ffcec0,
0x00000251b1ff69b0, 0x00000251b1ff8b60, 0x00000251b1ffa840, 0x00000251b1ffad10,
0x00000251b1ffc520, 0x00000251b1ff9030, 0x00000251b1ff7820, 0x00000251b1ff6e80,
0x00000251b1ff9500, 0x00000251b1ffa370, 0x00000251b1ff7cf0, 0x00000251b1ffb6b0,
0x00000251b1ff5b40, 0x00000251b1ff81c0, 0x00000251b1ffb1e0, 0x00000251b1ff6010,
0x00000251b1ff99d0, 0x00000251b1ff9ea0, 0x00000251b1ffc9f0, 0x00000251b1ffc050,
0x00000251b19e5da0, 0x00000251b19e10a0, 0x00000251b19df890, 0x00000251b19e0700,
0x00000251b19e1570, 0x00000251b19e3250, 0x00000251b19e40c0, 0x00000251b19e4a60,
0x00000251b19e3720, 0x00000251b19e4f30, 0x00000251b19e6270, 0x00000251b19e1a40,
0x00000251b19e5400, 0x00000251b19e1f10, 0x00000251b19e4590, 0x00000251b19e58d0,
0x00000251b19e6740, 0x00000251b19e23e0, 0x00000251b19e3bf0, 0x00000251b19deef0,
0x00000251b19e28b0, 0x00000251b19e2d80, 0x00000251b19df3c0, 0x00000251b19dfd60,
0x00000251b19e0230, 0x00000251b19e0bd0, 0x00000251b25c2ce0, 0x00000251b25be980,
0x00000251b25bc7d0, 0x00000251b25bd640, 0x00000251b25c0660, 0x00000251b25bfcc0,
0x00000251b25c0b30, 0x00000251b25c19a0, 0x00000251b25c1e70, 0x00000251b25c2810,
0x00000251b25c2340, 0x00000251b25bb960, 0x00000251b25bdfe0, 0x00000251b25bb490,
0x00000251b25bc300, 0x00000251b25bcca0, 0x00000251b25bd170, 0x00000251b0b48070,
0x00000251b0b48ee0
}

Java Threads: ( => current thread )
  0x000002519111ba10 JavaThread "main" [_thread_blocked, id=10724, stack(0x00000083c6a00000,0x00000083c6b00000)]
  0x00000251ab853f00 JavaThread "Reference Handler" daemon [_thread_blocked, id=15788, stack(0x00000083c7100000,0x00000083c7200000)]
  0x00000251ab854ab0 JavaThread "Finalizer" daemon [_thread_blocked, id=14176, stack(0x00000083c7200000,0x00000083c7300000)]
  0x00000251ab8aa8e0 JavaThread "Signal Dispatcher" daemon [_thread_blocked, id=7664, stack(0x00000083c7300000,0x00000083c7400000)]
  0x00000251ab8ab490 JavaThread "Attach Listener" daemon [_thread_blocked, id=18048, stack(0x00000083c7400000,0x00000083c7500000)]
  0x00000251ab8aff60 JavaThread "Service Thread" daemon [_thread_blocked, id=5300, stack(0x00000083c7500000,0x00000083c7600000)]
  0x00000251ab8b0f20 JavaThread "Monitor Deflation Thread" daemon [_thread_blocked, id=8784, stack(0x00000083c7600000,0x00000083c7700000)]
  0x00000251ab8b1c00 JavaThread "C2 CompilerThread0" daemon [_thread_blocked, id=6360, stack(0x00000083c7700000,0x00000083c7800000)]
  0x00000251ab8bc130 JavaThread "C1 CompilerThread0" daemon [_thread_blocked, id=15080, stack(0x00000083c7800000,0x00000083c7900000)]
  0x00000251ab8c06c0 JavaThread "Sweeper thread" daemon [_thread_blocked, id=17048, stack(0x00000083c7900000,0x00000083c7a00000)]
  0x00000251aba30b50 JavaThread "Common-Cleaner" daemon [_thread_blocked, id=12544, stack(0x00000083c7a00000,0x00000083c7b00000)]
  0x00000251aba2bbe0 JavaThread "Notification Thread" daemon [_thread_blocked, id=7736, stack(0x00000083c7b00000,0x00000083c7c00000)]
  0x00000251abd8c300 JavaThread "C2 CompilerThread1" daemon [_thread_blocked, id=9572, stack(0x00000083c7d00000,0x00000083c7e00000)]
  0x00000251ac04c2d0 JavaThread "Daemon health stats" [_thread_blocked, id=5024, stack(0x00000083c8400000,0x00000083c8500000)]
  0x00000251ac04c7a0 JavaThread "Incoming local TCP Connector on port 55928" [_thread_in_native, id=6528, stack(0x00000083c8500000,0x00000083c8600000)]
  0x00000251ac04d140 JavaThread "Daemon periodic checks" [_thread_blocked, id=19064, stack(0x00000083c8600000,0x00000083c8700000)]
  0x00000251ac04cc70 JavaThread "Daemon" [_thread_blocked, id=13060, stack(0x00000083c8700000,0x00000083c8800000)]
  0x00000251ac04d610 JavaThread "Handler for socket connection from /127.0.0.1:55928 to /127.0.0.1:55929" [_thread_in_native, id=18776, stack(0x00000083c8800000,0x00000083c8900000)]
  0x00000251ac04be00 JavaThread "Cancel handler" [_thread_blocked, id=11804, stack(0x00000083c8900000,0x00000083c8a00000)]
  0x00000251ad339a80 JavaThread "Daemon worker" [_thread_blocked, id=13384, stack(0x00000083c8a00000,0x00000083c8b00000)]
  0x00000251ad33adc0 JavaThread "Asynchronous log dispatcher for DefaultDaemonConnection: socket connection from /127.0.0.1:55928 to /127.0.0.1:55929" [_thread_blocked, id=15860, stack(0x00000083c8b00000,0x00000083c8c00000)]
  0x00000251ad340930 JavaThread "Stdin handler" [_thread_blocked, id=17724, stack(0x00000083c8c00000,0x00000083c8d00000)]
  0x00000251ad33d440 JavaThread "Daemon client event forwarder" [_thread_blocked, id=14836, stack(0x00000083c8d00000,0x00000083c8e00000)]
  0x00000251ad339f50 JavaThread "Cache worker for journal cache (C:\Users\Acer\.gradle\caches\journal-1)" [_thread_blocked, id=10032, stack(0x00000083c9100000,0x00000083c9200000)]
  0x00000251ad33bc30 JavaThread "File lock request listener" [_thread_in_native, id=6368, stack(0x00000083c9200000,0x00000083c9300000)]
  0x00000251ad33a420 JavaThread "Cache worker for file hash cache (C:\Users\Acer\.gradle\caches\8.0\fileHashes)" [_thread_blocked, id=2468, stack(0x00000083c9300000,0x00000083c9400000)]
  0x00000251ad33e2b0 JavaThread "File watcher server" daemon [_thread_blocked, id=5564, stack(0x00000083c9400000,0x00000083c9500000)]
  0x00000251ad340460 JavaThread "File watcher consumer" daemon [_thread_blocked, id=1152, stack(0x00000083c9500000,0x00000083c9600000)]
  0x00000251ad340e00 JavaThread "Cache worker for checksums cache (D:\mon_hoc\mobile\Mob_Todo\client\.gradle\8.0\checksums)" [_thread_blocked, id=13896, stack(0x00000083c8300000,0x00000083c8400000)]
  0x00000251ad33ff90 JavaThread "Cache worker for cache directory md-rule (C:\Users\Acer\.gradle\caches\8.0\md-rule)" [_thread_blocked, id=7608, stack(0x00000083c9600000,0x00000083c9700000)]
  0x00000251ad33a8f0 JavaThread "Cache worker for file content cache (C:\Users\Acer\.gradle\caches\8.0\fileContent)" [_thread_blocked, id=11160, stack(0x00000083c9700000,0x00000083c9800000)]
  0x00000251ad33b290 JavaThread "Cache worker for file hash cache (D:\mon_hoc\mobile\Mob_Todo\client\.gradle\8.0\fileHashes)" [_thread_blocked, id=17072, stack(0x00000083c9800000,0x00000083c9900000)]
  0x00000251ad33ec50 JavaThread "Cache worker for cache directory md-supplier (C:\Users\Acer\.gradle\caches\8.0\md-supplier)" [_thread_blocked, id=8792, stack(0x00000083c9900000,0x00000083c9a00000)]
  0x00000251ad3412d0 JavaThread "Cache worker for execution history cache (C:\Users\Acer\.gradle\caches\8.0\executionHistory)" [_thread_blocked, id=6616, stack(0x00000083c9a00000,0x00000083c9b00000)]
  0x00000251ad33b760 JavaThread "jar transforms" [_thread_blocked, id=5552, stack(0x00000083c9b00000,0x00000083c9c00000)]
  0x00000251ad33caa0 JavaThread "jar transforms Thread 2" [_thread_blocked, id=10020, stack(0x00000083c9c00000,0x00000083c9d00000)]
  0x00000251b1835be0 JavaThread "C2 CompilerThread2" daemon [_thread_blocked, id=15628, stack(0x00000083c9d00000,0x00000083c9e00000)]
  0x00000251ad33f120 JavaThread "Cache worker for kotlin-dsl (C:\Users\Acer\.gradle\caches\8.0\kotlin-dsl)" [_thread_blocked, id=5172, stack(0x00000083c9f00000,0x00000083ca000000)]
  0x00000251ad33f5f0 JavaThread "jar transforms Thread 3" [_thread_blocked, id=19408, stack(0x00000083ca000000,0x00000083ca100000)]
  0x00000251ad33d910 JavaThread "jar transforms Thread 4" [_thread_blocked, id=12712, stack(0x00000083ca100000,0x00000083ca200000)]
  0x00000251ad33cf70 JavaThread "Cache worker for dependencies-accessors (D:\mon_hoc\mobile\Mob_Todo\client\.gradle\8.0\dependencies-accessors)" [_thread_blocked, id=15880, stack(0x00000083ca200000,0x00000083ca300000)]
  0x00000251ad33c5d0 JavaThread "Cache worker for Build Output Cleanup Cache (D:\mon_hoc\mobile\Mob_Todo\client\.gradle\buildOutputCleanup)" [_thread_blocked, id=13080, stack(0x00000083ca300000,0x00000083ca400000)]
  0x00000251ad33fac0 JavaThread "jar transforms Thread 5" [_thread_blocked, id=18364, stack(0x00000083ca400000,0x00000083ca500000)]
  0x00000251ad33dde0 JavaThread "Unconstrained build operations" [_thread_blocked, id=8944, stack(0x00000083ca500000,0x00000083ca600000)]
  0x00000251b22e6040 JavaThread "Unconstrained build operations Thread 2" [_thread_blocked, id=18504, stack(0x00000083ca600000,0x00000083ca700000)]
  0x00000251b22e81f0 JavaThread "Unconstrained build operations Thread 3" [_thread_blocked, id=18188, stack(0x00000083ca700000,0x00000083ca800000)]
  0x00000251b22e9ed0 JavaThread "Unconstrained build operations Thread 4" [_thread_blocked, id=15792, stack(0x00000083ca800000,0x00000083ca900000)]
  0x00000251b22e9530 JavaThread "Unconstrained build operations Thread 5" [_thread_blocked, id=5876, stack(0x00000083ca900000,0x00000083caa00000)]
  0x00000251b22ead40 JavaThread "Unconstrained build operations Thread 6" [_thread_blocked, id=14824, stack(0x00000083caa00000,0x00000083cab00000)]
  0x00000251b22eb210 JavaThread "Unconstrained build operations Thread 7" [_thread_blocked, id=13348, stack(0x00000083cab00000,0x00000083cac00000)]
  0x00000251b22eb6e0 JavaThread "Unconstrained build operations Thread 8" [_thread_blocked, id=19176, stack(0x00000083cac00000,0x00000083cad00000)]
  0x00000251b22e6510 JavaThread "Unconstrained build operations Thread 9" [_thread_blocked, id=15484, stack(0x00000083cad00000,0x00000083cae00000)]
  0x00000251b22e7850 JavaThread "Unconstrained build operations Thread 10" [_thread_blocked, id=15324, stack(0x00000083cae00000,0x00000083caf00000)]
  0x00000251b22e51d0 JavaThread "Unconstrained build operations Thread 11" [_thread_blocked, id=4432, stack(0x00000083caf00000,0x00000083cb000000)]
  0x00000251b22e3e90 JavaThread "Unconstrained build operations Thread 12" [_thread_blocked, id=19296, stack(0x00000083cb000000,0x00000083cb100000)]
  0x00000251b22e4360 JavaThread "Unconstrained build operations Thread 13" [_thread_blocked, id=9752, stack(0x00000083cb100000,0x00000083cb200000)]
  0x00000251b22e69e0 JavaThread "Unconstrained build operations Thread 14" [_thread_blocked, id=4340, stack(0x00000083cb200000,0x00000083cb300000)]
  0x00000251b22e4830 JavaThread "Unconstrained build operations Thread 15" [_thread_blocked, id=5216, stack(0x00000083cb300000,0x00000083cb400000)]
  0x00000251b22e7d20 JavaThread "Unconstrained build operations Thread 16" [_thread_blocked, id=17388, stack(0x00000083cb400000,0x00000083cb500000)]
  0x00000251b22e6eb0 JavaThread "Unconstrained build operations Thread 17" [_thread_blocked, id=7720, stack(0x00000083cb500000,0x00000083cb600000)]
  0x00000251b22e86c0 JavaThread "Unconstrained build operations Thread 18" [_thread_blocked, id=13736, stack(0x00000083cb600000,0x00000083cb700000)]
  0x00000251b22ea3a0 JavaThread "Unconstrained build operations Thread 19" [_thread_blocked, id=8976, stack(0x00000083cb700000,0x00000083cb800000)]
  0x00000251b22e5b70 JavaThread "Unconstrained build operations Thread 20" [_thread_blocked, id=1572, stack(0x00000083cb800000,0x00000083cb900000)]
  0x00000251b22ea870 JavaThread "Unconstrained build operations Thread 21" [_thread_blocked, id=15264, stack(0x00000083cb900000,0x00000083cba00000)]
  0x00000251b22e4d00 JavaThread "Unconstrained build operations Thread 22" [_thread_blocked, id=12964, stack(0x00000083cba00000,0x00000083cbb00000)]
  0x00000251b22e9060 JavaThread "Unconstrained build operations Thread 23" [_thread_blocked, id=8940, stack(0x00000083cbb00000,0x00000083cbc00000)]
  0x00000251b22e9a00 JavaThread "Unconstrained build operations Thread 24" [_thread_blocked, id=13296, stack(0x00000083cbc00000,0x00000083cbd00000)]
  0x00000251b22e7380 JavaThread "Unconstrained build operations Thread 25" [_thread_blocked, id=10784, stack(0x00000083cbd00000,0x00000083cbe00000)]
  0x00000251b22e56a0 JavaThread "Unconstrained build operations Thread 26" [_thread_blocked, id=10936, stack(0x00000083cbe00000,0x00000083cbf00000)]
  0x00000251b22e8b90 JavaThread "Unconstrained build operations Thread 27" [_thread_blocked, id=6204, stack(0x00000083cbf00000,0x00000083cc000000)]
  0x00000251b1ff7350 JavaThread "Unconstrained build operations Thread 28" [_thread_blocked, id=16928, stack(0x00000083cc000000,0x00000083cc100000)]
  0x00000251b1ff64e0 JavaThread "Unconstrained build operations Thread 29" [_thread_blocked, id=11960, stack(0x00000083cc100000,0x00000083cc200000)]
  0x00000251b1ff8690 JavaThread "Unconstrained build operations Thread 30" [_thread_blocked, id=14796, stack(0x00000083cc200000,0x00000083cc300000)]
  0x00000251b1ffbb80 JavaThread "Unconstrained build operations Thread 31" [_thread_blocked, id=12736, stack(0x00000083cc300000,0x00000083cc400000)]
  0x00000251b1ff5670 JavaThread "Unconstrained build operations Thread 32" [_thread_blocked, id=17404, stack(0x00000083cc400000,0x00000083cc500000)]
  0x00000251b1ffcec0 JavaThread "Unconstrained build operations Thread 33" [_thread_blocked, id=6080, stack(0x00000083cc500000,0x00000083cc600000)]
  0x00000251b1ff69b0 JavaThread "Unconstrained build operations Thread 34" [_thread_blocked, id=10084, stack(0x00000083cc600000,0x00000083cc700000)]
  0x00000251b1ff8b60 JavaThread "Unconstrained build operations Thread 35" [_thread_blocked, id=13424, stack(0x00000083cc700000,0x00000083cc800000)]
  0x00000251b1ffa840 JavaThread "Unconstrained build operations Thread 36" [_thread_blocked, id=19404, stack(0x00000083cc800000,0x00000083cc900000)]
  0x00000251b1ffad10 JavaThread "Unconstrained build operations Thread 37" [_thread_blocked, id=17480, stack(0x00000083cc900000,0x00000083cca00000)]
  0x00000251b1ffc520 JavaThread "Unconstrained build operations Thread 38" [_thread_blocked, id=10064, stack(0x00000083cca00000,0x00000083ccb00000)]
  0x00000251b1ff9030 JavaThread "Unconstrained build operations Thread 39" [_thread_blocked, id=18508, stack(0x00000083ccb00000,0x00000083ccc00000)]
  0x00000251b1ff7820 JavaThread "Unconstrained build operations Thread 40" [_thread_blocked, id=15712, stack(0x00000083ccc00000,0x00000083ccd00000)]
  0x00000251b1ff6e80 JavaThread "Unconstrained build operations Thread 41" [_thread_blocked, id=9508, stack(0x00000083ccd00000,0x00000083cce00000)]
  0x00000251b1ff9500 JavaThread "Unconstrained build operations Thread 42" [_thread_blocked, id=12036, stack(0x00000083cce00000,0x00000083ccf00000)]
  0x00000251b1ffa370 JavaThread "Unconstrained build operations Thread 43" [_thread_blocked, id=5772, stack(0x00000083ccf00000,0x00000083cd000000)]
  0x00000251b1ff7cf0 JavaThread "Unconstrained build operations Thread 44" [_thread_blocked, id=8364, stack(0x00000083cd000000,0x00000083cd100000)]
  0x00000251b1ffb6b0 JavaThread "Unconstrained build operations Thread 45" [_thread_blocked, id=5528, stack(0x00000083cd100000,0x00000083cd200000)]
  0x00000251b1ff5b40 JavaThread "Unconstrained build operations Thread 46" [_thread_blocked, id=15756, stack(0x00000083cd200000,0x00000083cd300000)]
  0x00000251b1ff81c0 JavaThread "Unconstrained build operations Thread 47" [_thread_blocked, id=17252, stack(0x00000083cd300000,0x00000083cd400000)]
  0x00000251b1ffb1e0 JavaThread "Unconstrained build operations Thread 48" [_thread_blocked, id=11228, stack(0x00000083cd400000,0x00000083cd500000)]
  0x00000251b1ff6010 JavaThread "Unconstrained build operations Thread 49" [_thread_blocked, id=2372, stack(0x00000083cd500000,0x00000083cd600000)]
  0x00000251b1ff99d0 JavaThread "Unconstrained build operations Thread 50" [_thread_blocked, id=4848, stack(0x00000083cd600000,0x00000083cd700000)]
  0x00000251b1ff9ea0 JavaThread "Unconstrained build operations Thread 51" [_thread_blocked, id=17140, stack(0x00000083cd700000,0x00000083cd800000)]
  0x00000251b1ffc9f0 JavaThread "Unconstrained build operations Thread 52" [_thread_blocked, id=684, stack(0x00000083cd800000,0x00000083cd900000)]
  0x00000251b1ffc050 JavaThread "Unconstrained build operations Thread 53" [_thread_blocked, id=18320, stack(0x00000083cd900000,0x00000083cda00000)]
  0x00000251b19e5da0 JavaThread "Unconstrained build operations Thread 54" [_thread_blocked, id=13968, stack(0x00000083cda00000,0x00000083cdb00000)]
  0x00000251b19e10a0 JavaThread "Unconstrained build operations Thread 55" [_thread_blocked, id=12160, stack(0x00000083cdb00000,0x00000083cdc00000)]
  0x00000251b19df890 JavaThread "Unconstrained build operations Thread 56" [_thread_blocked, id=9656, stack(0x00000083cdc00000,0x00000083cdd00000)]
  0x00000251b19e0700 JavaThread "Unconstrained build operations Thread 57" [_thread_blocked, id=3884, stack(0x00000083cdd00000,0x00000083cde00000)]
  0x00000251b19e1570 JavaThread "Unconstrained build operations Thread 58" [_thread_blocked, id=17976, stack(0x00000083cde00000,0x00000083cdf00000)]
  0x00000251b19e3250 JavaThread "Unconstrained build operations Thread 59" [_thread_blocked, id=17144, stack(0x00000083cdf00000,0x00000083ce000000)]
  0x00000251b19e40c0 JavaThread "Unconstrained build operations Thread 60" [_thread_blocked, id=7952, stack(0x00000083ce000000,0x00000083ce100000)]
  0x00000251b19e4a60 JavaThread "Unconstrained build operations Thread 61" [_thread_blocked, id=4344, stack(0x00000083ce100000,0x00000083ce200000)]
  0x00000251b19e3720 JavaThread "Unconstrained build operations Thread 62" [_thread_blocked, id=2252, stack(0x00000083ce200000,0x00000083ce300000)]
  0x00000251b19e4f30 JavaThread "Unconstrained build operations Thread 63" [_thread_blocked, id=14244, stack(0x00000083ce300000,0x00000083ce400000)]
  0x00000251b19e6270 JavaThread "Unconstrained build operations Thread 64" [_thread_blocked, id=5848, stack(0x00000083ce400000,0x00000083ce500000)]
  0x00000251b19e1a40 JavaThread "Unconstrained build operations Thread 65" [_thread_blocked, id=14100, stack(0x00000083ce500000,0x00000083ce600000)]
  0x00000251b19e5400 JavaThread "Unconstrained build operations Thread 66" [_thread_blocked, id=7516, stack(0x00000083ce600000,0x00000083ce700000)]
  0x00000251b19e1f10 JavaThread "Unconstrained build operations Thread 67" [_thread_blocked, id=16100, stack(0x00000083ce700000,0x00000083ce800000)]
  0x00000251b19e4590 JavaThread "Unconstrained build operations Thread 68" [_thread_blocked, id=1464, stack(0x00000083ce800000,0x00000083ce900000)]
  0x00000251b19e58d0 JavaThread "Unconstrained build operations Thread 69" [_thread_blocked, id=10400, stack(0x00000083ce900000,0x00000083cea00000)]
  0x00000251b19e6740 JavaThread "Unconstrained build operations Thread 70" [_thread_blocked, id=15332, stack(0x00000083cea00000,0x00000083ceb00000)]
  0x00000251b19e23e0 JavaThread "Unconstrained build operations Thread 71" [_thread_blocked, id=13308, stack(0x00000083ceb00000,0x00000083cec00000)]
  0x00000251b19e3bf0 JavaThread "Unconstrained build operations Thread 72" [_thread_blocked, id=2976, stack(0x00000083cec00000,0x00000083ced00000)]
  0x00000251b19deef0 JavaThread "Unconstrained build operations Thread 73" [_thread_blocked, id=11016, stack(0x00000083ced00000,0x00000083cee00000)]
  0x00000251b19e28b0 JavaThread "Unconstrained build operations Thread 74" [_thread_blocked, id=11104, stack(0x00000083cee00000,0x00000083cef00000)]
  0x00000251b19e2d80 JavaThread "Unconstrained build operations Thread 75" [_thread_blocked, id=14728, stack(0x00000083cef00000,0x00000083cf000000)]
  0x00000251b19df3c0 JavaThread "Unconstrained build operations Thread 76" [_thread_blocked, id=11388, stack(0x00000083cf000000,0x00000083cf100000)]
  0x00000251b19dfd60 JavaThread "Unconstrained build operations Thread 77" [_thread_blocked, id=12240, stack(0x00000083cf100000,0x00000083cf200000)]
  0x00000251b19e0230 JavaThread "Unconstrained build operations Thread 78" [_thread_blocked, id=14068, stack(0x00000083cf200000,0x00000083cf300000)]
  0x00000251b19e0bd0 JavaThread "Unconstrained build operations Thread 79" [_thread_blocked, id=18464, stack(0x00000083cf300000,0x00000083cf400000)]
  0x00000251b25c2ce0 JavaThread "Unconstrained build operations Thread 80" [_thread_blocked, id=6656, stack(0x00000083cf400000,0x00000083cf500000)]
  0x00000251b25be980 JavaThread "jar transforms Thread 6" [_thread_blocked, id=11832, stack(0x00000083cf500000,0x00000083cf600000)]
  0x00000251b25bc7d0 JavaThread "jar transforms Thread 7" [_thread_blocked, id=11448, stack(0x00000083cf600000,0x00000083cf700000)]
  0x00000251b25bd640 JavaThread "jar transforms Thread 8" [_thread_blocked, id=18576, stack(0x00000083cf700000,0x00000083cf800000)]
  0x00000251b25c0660 JavaThread "build event listener" [_thread_blocked, id=14536, stack(0x00000083cf800000,0x00000083cf900000)]
  0x00000251b25bfcc0 JavaThread "Memory manager" [_thread_blocked, id=7292, stack(0x00000083cf900000,0x00000083cfa00000)]
  0x00000251b25c0b30 JavaThread "pool-3-thread-1" [_thread_blocked, id=4456, stack(0x00000083cfa00000,0x00000083cfb00000)]
  0x00000251b25c19a0 JavaThread "build event listener" [_thread_blocked, id=6648, stack(0x00000083cfb00000,0x00000083cfc00000)]
  0x00000251b25c1e70 JavaThread "included builds" [_thread_blocked, id=11224, stack(0x00000083cfc00000,0x00000083cfd00000)]
  0x00000251b25c2810 JavaThread "Execution worker" [_thread_blocked, id=16152, stack(0x00000083cfd00000,0x00000083cfe00000)]
  0x00000251b25c2340 JavaThread "Execution worker Thread 2" [_thread_blocked, id=19428, stack(0x00000083cfe00000,0x00000083cff00000)]
  0x00000251b25bb960 JavaThread "Execution worker Thread 3" [_thread_blocked, id=7864, stack(0x00000083cff00000,0x00000083d0000000)]
  0x00000251b25bdfe0 JavaThread "Execution worker Thread 4" [_thread_blocked, id=15624, stack(0x00000083d0000000,0x00000083d0100000)]
  0x00000251b25bb490 JavaThread "Execution worker Thread 5" [_thread_blocked, id=12348, stack(0x00000083d0100000,0x00000083d0200000)]
  0x00000251b25bc300 JavaThread "Execution worker Thread 6" [_thread_blocked, id=16608, stack(0x00000083d0200000,0x00000083d0300000)]
  0x00000251b25bcca0 JavaThread "Execution worker Thread 7" [_thread_blocked, id=11304, stack(0x00000083d0300000,0x00000083d0400000)]
  0x00000251b25bd170 JavaThread "Cache worker for execution history cache (D:\mon_hoc\mobile\Mob_Todo\client\.gradle\8.0\executionHistory)" [_thread_blocked, id=15784, stack(0x00000083d0400000,0x00000083d0500000)]
  0x00000251b0b48070 JavaThread "WorkerExecutor Queue" [_thread_blocked, id=8044, stack(0x00000083d0500000,0x00000083d0600000)]
  0x00000251b0b48ee0 JavaThread "WorkerExecutor Queue Thread 2" [_thread_blocked, id=6044, stack(0x00000083d0600000,0x00000083d0700000)]

Other Threads:
=>0x00000251ab84d260 VMThread "VM Thread" [stack: 0x00000083c7000000,0x00000083c7100000] [id=6760]
  0x00000251911dca10 WatcherThread [stack: 0x00000083c7c00000,0x00000083c7d00000] [id=16116]
  0x00000251911761c0 GCTaskThread "GC Thread#0" [stack: 0x00000083c6b00000,0x00000083c6c00000] [id=16668]
  0x00000251ac8e9e70 GCTaskThread "GC Thread#1" [stack: 0x00000083c7e00000,0x00000083c7f00000] [id=14552]
  0x00000251abddd7d0 GCTaskThread "GC Thread#2" [stack: 0x00000083c7f00000,0x00000083c8000000] [id=14236]
  0x00000251acc80860 GCTaskThread "GC Thread#3" [stack: 0x00000083c8000000,0x00000083c8100000] [id=1788]
  0x00000251ac913cd0 GCTaskThread "GC Thread#4" [stack: 0x00000083c8100000,0x00000083c8200000] [id=17320]
  0x00000251ac912a00 GCTaskThread "GC Thread#5" [stack: 0x00000083c8200000,0x00000083c8300000] [id=18908]
  0x00000251ac912cb0 GCTaskThread "GC Thread#6" [stack: 0x00000083c8e00000,0x00000083c8f00000] [id=10592]
  0x00000251ac912750 GCTaskThread "GC Thread#7" [stack: 0x00000083c8f00000,0x00000083c9000000] [id=7940]
  0x0000025191187100 ConcurrentGCThread "G1 Main Marker" [stack: 0x00000083c6c00000,0x00000083c6d00000] [id=10624]
  0x00000251911882b0 ConcurrentGCThread "G1 Conc#0" [stack: 0x00000083c6d00000,0x00000083c6e00000] [id=9264]
  0x00000251ac912f60 ConcurrentGCThread "G1 Conc#1" [stack: 0x00000083c9000000,0x00000083c9100000] [id=18788]
  0x00000251aae546f0 ConcurrentGCThread "G1 Refine#0" [stack: 0x00000083c6e00000,0x00000083c6f00000] [id=13400]
  0x00000251b1927920 ConcurrentGCThread "G1 Refine#1" [stack: 0x00000083c9e00000,0x00000083c9f00000] [id=7572]
  0x00000251aae55110 ConcurrentGCThread "G1 Service" [stack: 0x00000083c6f00000,0x00000083c7000000] [id=9352]

Threads with active compile tasks:
C2 CompilerThread0     8992 11889       4       java.util.TimSort::sort (229 bytes)
C2 CompilerThread1     8992 11886       4       org.gradle.internal.model.CalculatedValueContainer::getValue (35 bytes)
C2 CompilerThread2     8992 11927       4       org.gradle.internal.hash.HashCode::toStringBuilder (67 bytes)

VM state: at safepoint (normal execution)

VM Mutex/Monitor currently owned by a thread:  ([mutex/lock_event])
[0x000002518f00aaf0] Threads_lock - owner thread: 0x00000251ab84d260
[0x000002518f00a430] Heap_lock - owner thread: 0x00000251b0b48ee0

Heap address: 0x0000000080000000, size: 2048 MB, Compressed Oops mode: 32-bit

CDS archive(s) not mapped
Compressed class space mapped at: 0x0000000100000000-0x0000000140000000, reserved size: 1073741824
Narrow klass base: 0x0000000000000000, Narrow klass shift: 3, Narrow klass range: 0x140000000

GC Precious Log:
 CPUs: 8 total, 8 available
 Memory: 16179M
 Large Page Support: Disabled
 NUMA Support: Disabled
 Compressed Oops: Enabled (32-bit)
 Heap Region Size: 1M
 Heap Min Capacity: 8M
 Heap Initial Capacity: 254M
 Heap Max Capacity: 2G
 Pre-touch: Disabled
 Parallel Workers: 8
 Concurrent Workers: 2
 Concurrent Refinement Workers: 8
 Periodic GC: Disabled

Heap:
 garbage-first heap   total 260096K, used 98965K [0x0000000080000000, 0x0000000100000000)
  region size 1024K, 1 young (1024K), 1 survivors (1024K)
 Metaspace       used 97475K, committed 98112K, reserved 1138688K
  class space    used 13146K, committed 13440K, reserved 1048576K

Heap Regions: E=young(eden), S=young(survivor), O=old, HS=humongous(starts), HC=humongous(continues), CS=collection set, F=free, OA=open archive, CA=closed archive, TAMS=top-at-mark-start (previous, next)
|   0|0x0000000080000000, 0x0000000080100000, 0x0000000080100000|100%|HS|  |TAMS 0x0000000080100000, 0x0000000080000000| Complete 
|   1|0x0000000080100000, 0x0000000080200000, 0x0000000080200000|100%|HC|  |TAMS 0x0000000080200000, 0x0000000080100000| Complete 
|   2|0x0000000080200000, 0x0000000080300000, 0x0000000080300000|100%|HC|  |TAMS 0x0000000080300000, 0x0000000080200000| Complete 
|   3|0x0000000080300000, 0x0000000080400000, 0x0000000080400000|100%|HC|  |TAMS 0x0000000080400000, 0x0000000080300000| Complete 
|   4|0x0000000080400000, 0x0000000080500000, 0x0000000080500000|100%| O|  |TAMS 0x0000000080500000, 0x0000000080400000| Untracked 
|   5|0x0000000080500000, 0x0000000080600000, 0x0000000080600000|100%| O|  |TAMS 0x0000000080600000, 0x0000000080500000| Untracked 
|   6|0x0000000080600000, 0x0000000080700000, 0x0000000080700000|100%| O|  |TAMS 0x0000000080700000, 0x0000000080600000| Untracked 
|   7|0x0000000080700000, 0x0000000080800000, 0x0000000080800000|100%| O|  |TAMS 0x0000000080800000, 0x0000000080700000| Untracked 
|   8|0x0000000080800000, 0x0000000080900000, 0x0000000080900000|100%| O|  |TAMS 0x0000000080900000, 0x0000000080800000| Untracked 
|   9|0x0000000080900000, 0x0000000080a00000, 0x0000000080a00000|100%| O|  |TAMS 0x0000000080a00000, 0x0000000080900000| Untracked 
|  10|0x0000000080a00000, 0x0000000080b00000, 0x0000000080b00000|100%| O|  |TAMS 0x0000000080b00000, 0x0000000080a00000| Untracked 
|  11|0x0000000080b00000, 0x0000000080c00000, 0x0000000080c00000|100%| O|  |TAMS 0x0000000080c00000, 0x0000000080b00000| Untracked 
|  12|0x0000000080c00000, 0x0000000080d00000, 0x0000000080d00000|100%| O|  |TAMS 0x0000000080d00000, 0x0000000080c00000| Untracked 
|  13|0x0000000080d00000, 0x0000000080e00000, 0x0000000080e00000|100%| O|  |TAMS 0x0000000080e00000, 0x0000000080d00000| Untracked 
|  14|0x0000000080e00000, 0x0000000080f00000, 0x0000000080f00000|100%| O|  |TAMS 0x0000000080f00000, 0x0000000080e00000| Untracked 
|  15|0x0000000080f00000, 0x0000000081000000, 0x0000000081000000|100%| O|  |TAMS 0x0000000081000000, 0x0000000080f00000| Untracked 
|  16|0x0000000081000000, 0x0000000081100000, 0x0000000081100000|100%| O|  |TAMS 0x0000000081100000, 0x0000000081000000| Untracked 
|  17|0x0000000081100000, 0x0000000081200000, 0x0000000081200000|100%| O|  |TAMS 0x0000000081200000, 0x0000000081100000| Untracked 
|  18|0x0000000081200000, 0x0000000081300000, 0x0000000081300000|100%| O|  |TAMS 0x0000000081300000, 0x0000000081200000| Untracked 
|  19|0x0000000081300000, 0x0000000081400000, 0x0000000081400000|100%| O|  |TAMS 0x0000000081400000, 0x0000000081300000| Untracked 
|  20|0x0000000081400000, 0x0000000081500000, 0x0000000081500000|100%| O|  |TAMS 0x0000000081500000, 0x0000000081400000| Untracked 
|  21|0x0000000081500000, 0x0000000081500000, 0x0000000081600000|  0%| F|  |TAMS 0x0000000081500000, 0x0000000081500000| Untracked 
|  22|0x0000000081600000, 0x0000000081700000, 0x0000000081700000|100%| O|  |TAMS 0x0000000081700000, 0x0000000081600000| Untracked 
|  23|0x0000000081700000, 0x0000000081800000, 0x0000000081800000|100%| O|  |TAMS 0x0000000081800000, 0x0000000081700000| Untracked 
|  24|0x0000000081800000, 0x0000000081900000, 0x0000000081900000|100%| O|  |TAMS 0x0000000081900000, 0x0000000081800000| Untracked 
|  25|0x0000000081900000, 0x0000000081a00000, 0x0000000081a00000|100%| O|  |TAMS 0x0000000081a00000, 0x0000000081900000| Untracked 
|  26|0x0000000081a00000, 0x0000000081b00000, 0x0000000081b00000|100%| O|  |TAMS 0x0000000081b00000, 0x0000000081a00000| Untracked 
|  27|0x0000000081b00000, 0x0000000081c00000, 0x0000000081c00000|100%| O|  |TAMS 0x0000000081c00000, 0x0000000081b00000| Untracked 
|  28|0x0000000081c00000, 0x0000000081d00000, 0x0000000081d00000|100%| O|  |TAMS 0x0000000081d00000, 0x0000000081c00000| Untracked 
|  29|0x0000000081d00000, 0x0000000081e00000, 0x0000000081e00000|100%| O|  |TAMS 0x0000000081e00000, 0x0000000081d00000| Untracked 
|  30|0x0000000081e00000, 0x0000000081f00000, 0x0000000081f00000|100%| O|  |TAMS 0x0000000081f00000, 0x0000000081e00000| Untracked 
|  31|0x0000000081f00000, 0x0000000081f00000, 0x0000000082000000|  0%| F|  |TAMS 0x0000000081f00000, 0x0000000081f00000| Untracked 
|  32|0x0000000082000000, 0x0000000082100000, 0x0000000082100000|100%| O|  |TAMS 0x0000000082100000, 0x0000000082000000| Untracked 
|  33|0x0000000082100000, 0x0000000082200000, 0x0000000082200000|100%|HS|  |TAMS 0x0000000082200000, 0x0000000082100000| Complete 
|  34|0x0000000082200000, 0x0000000082300000, 0x0000000082300000|100%|HS|  |TAMS 0x0000000082300000, 0x0000000082200000| Complete 
|  35|0x0000000082300000, 0x0000000082400000, 0x0000000082400000|100%|HS|  |TAMS 0x0000000082400000, 0x0000000082300000| Complete 
|  36|0x0000000082400000, 0x0000000082500000, 0x0000000082500000|100%| O|  |TAMS 0x0000000082500000, 0x0000000082400000| Untracked 
|  37|0x0000000082500000, 0x0000000082600000, 0x0000000082600000|100%| O|  |TAMS 0x0000000082600000, 0x0000000082500000| Untracked 
|  38|0x0000000082600000, 0x0000000082700000, 0x0000000082700000|100%| O|  |TAMS 0x0000000082700000, 0x0000000082600000| Untracked 
|  39|0x0000000082700000, 0x0000000082800000, 0x0000000082800000|100%| O|  |TAMS 0x0000000082700000, 0x0000000082700000| Untracked 
|  40|0x0000000082800000, 0x0000000082900000, 0x0000000082900000|100%| O|  |TAMS 0x0000000082900000, 0x0000000082800000| Untracked 
|  41|0x0000000082900000, 0x0000000082a00000, 0x0000000082a00000|100%| O|  |TAMS 0x0000000082a00000, 0x0000000082900000| Untracked 
|  42|0x0000000082a00000, 0x0000000082b00000, 0x0000000082b00000|100%| O|  |TAMS 0x0000000082b00000, 0x0000000082a00000| Untracked 
|  43|0x0000000082b00000, 0x0000000082c00000, 0x0000000082c00000|100%| O|  |TAMS 0x0000000082c00000, 0x0000000082b00000| Untracked 
|  44|0x0000000082c00000, 0x0000000082d00000, 0x0000000082d00000|100%| O|  |TAMS 0x0000000082d00000, 0x0000000082c00000| Untracked 
|  45|0x0000000082d00000, 0x0000000082e00000, 0x0000000082e00000|100%| O|  |TAMS 0x0000000082e00000, 0x0000000082d00000| Untracked 
|  46|0x0000000082e00000, 0x0000000082f00000, 0x0000000082f00000|100%| O|  |TAMS 0x0000000082f00000, 0x0000000082e00000| Untracked 
|  47|0x0000000082f00000, 0x0000000083000000, 0x0000000083000000|100%| O|  |TAMS 0x0000000083000000, 0x0000000082f00000| Untracked 
|  48|0x0000000083000000, 0x0000000083100000, 0x0000000083100000|100%| O|  |TAMS 0x0000000083100000, 0x0000000083000000| Untracked 
|  49|0x0000000083100000, 0x0000000083200000, 0x0000000083200000|100%| O|  |TAMS 0x0000000083200000, 0x0000000083100000| Untracked 
|  50|0x0000000083200000, 0x0000000083300000, 0x0000000083300000|100%| O|  |TAMS 0x0000000083300000, 0x0000000083200000| Untracked 
|  51|0x0000000083300000, 0x0000000083400000, 0x0000000083400000|100%| O|  |TAMS 0x0000000083400000, 0x0000000083300000| Untracked 
|  52|0x0000000083400000, 0x0000000083500000, 0x0000000083500000|100%| O|  |TAMS 0x0000000083500000, 0x0000000083400000| Untracked 
|  53|0x0000000083500000, 0x0000000083600000, 0x0000000083600000|100%| O|  |TAMS 0x0000000083600000, 0x0000000083500000| Untracked 
|  54|0x0000000083600000, 0x0000000083700000, 0x0000000083700000|100%| O|  |TAMS 0x0000000083700000, 0x0000000083600000| Untracked 
|  55|0x0000000083700000, 0x0000000083700000, 0x0000000083800000|  0%| F|  |TAMS 0x0000000083700000, 0x0000000083700000| Untracked 
|  56|0x0000000083800000, 0x0000000083900000, 0x0000000083900000|100%| O|  |TAMS 0x0000000083900000, 0x0000000083800000| Untracked 
|  57|0x0000000083900000, 0x0000000083a00000, 0x0000000083a00000|100%| O|  |TAMS 0x0000000083a00000, 0x0000000083900000| Untracked 
|  58|0x0000000083a00000, 0x0000000083b00000, 0x0000000083b00000|100%| O|  |TAMS 0x0000000083b00000, 0x0000000083a00000| Untracked 
|  59|0x0000000083b00000, 0x0000000083c00000, 0x0000000083c00000|100%| O|  |TAMS 0x0000000083c00000, 0x0000000083b00000| Untracked 
|  60|0x0000000083c00000, 0x0000000083d00000, 0x0000000083d00000|100%| O|  |TAMS 0x0000000083d00000, 0x0000000083c00000| Untracked 
|  61|0x0000000083d00000, 0x0000000083e00000, 0x0000000083e00000|100%| O|  |TAMS 0x0000000083e00000, 0x0000000083d00000| Untracked 
|  62|0x0000000083e00000, 0x0000000083f00000, 0x0000000083f00000|100%| O|  |TAMS 0x0000000083f00000, 0x0000000083e00000| Untracked 
|  63|0x0000000083f00000, 0x0000000084000000, 0x0000000084000000|100%| O|  |TAMS 0x0000000084000000, 0x0000000083f00000| Untracked 
|  64|0x0000000084000000, 0x0000000084100000, 0x0000000084100000|100%| O|  |TAMS 0x0000000084100000, 0x0000000084000000| Untracked 
|  65|0x0000000084100000, 0x0000000084200000, 0x0000000084200000|100%| O|  |TAMS 0x0000000084200000, 0x0000000084100000| Untracked 
|  66|0x0000000084200000, 0x0000000084300000, 0x0000000084300000|100%| O|  |TAMS 0x0000000084300000, 0x0000000084200000| Untracked 
|  67|0x0000000084300000, 0x0000000084400000, 0x0000000084400000|100%| O|  |TAMS 0x0000000084400000, 0x0000000084300000| Untracked 
|  68|0x0000000084400000, 0x0000000084500000, 0x0000000084500000|100%| O|  |TAMS 0x0000000084500000, 0x0000000084400000| Untracked 
|  69|0x0000000084500000, 0x0000000084600000, 0x0000000084600000|100%| O|  |TAMS 0x0000000084600000, 0x0000000084500000| Untracked 
|  70|0x0000000084600000, 0x0000000084700000, 0x0000000084700000|100%| O|  |TAMS 0x0000000084700000, 0x0000000084600000| Untracked 
|  71|0x0000000084700000, 0x0000000084800000, 0x0000000084800000|100%| O|  |TAMS 0x0000000084800000, 0x0000000084700000| Untracked 
|  72|0x0000000084800000, 0x0000000084900000, 0x0000000084900000|100%| O|  |TAMS 0x0000000084900000, 0x0000000084800000| Untracked 
|  73|0x0000000084900000, 0x0000000084a00000, 0x0000000084a00000|100%| O|  |TAMS 0x0000000084a00000, 0x0000000084900000| Untracked 
|  74|0x0000000084a00000, 0x0000000084b00000, 0x0000000084b00000|100%| O|  |TAMS 0x0000000084b00000, 0x0000000084a00000| Untracked 
|  75|0x0000000084b00000, 0x0000000084c00000, 0x0000000084c00000|100%| O|  |TAMS 0x0000000084c00000, 0x0000000084b00000| Untracked 
|  76|0x0000000084c00000, 0x0000000084d00000, 0x0000000084d00000|100%| O|  |TAMS 0x0000000084d00000, 0x0000000084c00000| Untracked 
|  77|0x0000000084d00000, 0x0000000084e00000, 0x0000000084e00000|100%| O|  |TAMS 0x0000000084d00000, 0x0000000084d00000| Untracked 
|  78|0x0000000084e00000, 0x0000000084f00000, 0x0000000084f00000|100%| O|  |TAMS 0x0000000084f00000, 0x0000000084e00000| Untracked 
|  79|0x0000000084f00000, 0x0000000085000000, 0x0000000085000000|100%| O|  |TAMS 0x0000000084f00000, 0x0000000084f00000| Untracked 
|  80|0x0000000085000000, 0x0000000085100000, 0x0000000085100000|100%| O|  |TAMS 0x0000000085100000, 0x0000000085000000| Untracked 
|  81|0x0000000085100000, 0x0000000085200000, 0x0000000085200000|100%| O|  |TAMS 0x0000000085200000, 0x0000000085100000| Untracked 
|  82|0x0000000085200000, 0x0000000085300000, 0x0000000085300000|100%| O|  |TAMS 0x0000000085300000, 0x0000000085200000| Untracked 
|  83|0x0000000085300000, 0x0000000085400000, 0x0000000085400000|100%| O|  |TAMS 0x0000000085400000, 0x0000000085300000| Untracked 
|  84|0x0000000085400000, 0x0000000085500000, 0x0000000085500000|100%| O|  |TAMS 0x0000000085500000, 0x0000000085400000| Untracked 
|  85|0x0000000085500000, 0x0000000085600000, 0x0000000085600000|100%| O|  |TAMS 0x0000000085600000, 0x0000000085500000| Untracked 
|  86|0x0000000085600000, 0x0000000085700000, 0x0000000085700000|100%| O|  |TAMS 0x0000000085700000, 0x0000000085600000| Untracked 
|  87|0x0000000085700000, 0x0000000085800000, 0x0000000085800000|100%| O|  |TAMS 0x0000000085800000, 0x0000000085700000| Untracked 
|  88|0x0000000085800000, 0x0000000085900000, 0x0000000085900000|100%| O|  |TAMS 0x0000000085900000, 0x0000000085800000| Untracked 
|  89|0x0000000085900000, 0x0000000085a00000, 0x0000000085a00000|100%| O|  |TAMS 0x0000000085a00000, 0x0000000085900000| Untracked 
|  90|0x0000000085a00000, 0x0000000085b00000, 0x0000000085b00000|100%| O|  |TAMS 0x0000000085b00000, 0x0000000085a00000| Untracked 
|  91|0x0000000085b00000, 0x0000000085c00000, 0x0000000085c00000|100%| O|  |TAMS 0x0000000085b71000, 0x0000000085b00000| Untracked 
|  92|0x0000000085c00000, 0x0000000085d00000, 0x0000000085d00000|100%| O|  |TAMS 0x0000000085c00000, 0x0000000085c00000| Untracked 
|  93|0x0000000085d00000, 0x0000000085e00000, 0x0000000085e00000|100%| O|  |TAMS 0x0000000085d00000, 0x0000000085d00000| Untracked 
|  94|0x0000000085e00000, 0x0000000085f00000, 0x0000000085f00000|100%| O|  |TAMS 0x0000000085e00000, 0x0000000085e00000| Untracked 
|  95|0x0000000085f00000, 0x0000000086000000, 0x0000000086000000|100%| O|  |TAMS 0x0000000085f00000, 0x0000000085f00000| Untracked 
|  96|0x0000000086000000, 0x0000000086100000, 0x0000000086100000|100%| O|  |TAMS 0x0000000086000000, 0x0000000086000000| Untracked 
|  97|0x0000000086100000, 0x0000000086200000, 0x0000000086200000|100%| O|  |TAMS 0x0000000086100000, 0x0000000086100000| Untracked 
|  98|0x0000000086200000, 0x00000000862ca200, 0x0000000086300000| 78%| O|  |TAMS 0x0000000086200000, 0x0000000086200000| Untracked 
|  99|0x0000000086300000, 0x0000000086300000, 0x0000000086400000|  0%| F|  |TAMS 0x0000000086300000, 0x0000000086300000| Untracked 
| 100|0x0000000086400000, 0x0000000086400000, 0x0000000086500000|  0%| F|  |TAMS 0x0000000086400000, 0x0000000086400000| Untracked 
| 101|0x0000000086500000, 0x0000000086500000, 0x0000000086600000|  0%| F|  |TAMS 0x0000000086500000, 0x0000000086500000| Untracked 
| 102|0x0000000086600000, 0x0000000086600000, 0x0000000086700000|  0%| F|  |TAMS 0x0000000086600000, 0x0000000086600000| Untracked 
| 103|0x0000000086700000, 0x0000000086700000, 0x0000000086800000|  0%| F|  |TAMS 0x0000000086700000, 0x0000000086700000| Untracked 
| 104|0x0000000086800000, 0x0000000086800000, 0x0000000086900000|  0%| F|  |TAMS 0x0000000086800000, 0x0000000086800000| Untracked 
| 105|0x0000000086900000, 0x0000000086900000, 0x0000000086a00000|  0%| F|  |TAMS 0x0000000086900000, 0x0000000086900000| Untracked 
| 106|0x0000000086a00000, 0x0000000086a00000, 0x0000000086b00000|  0%| F|  |TAMS 0x0000000086a00000, 0x0000000086a00000| Untracked 
| 107|0x0000000086b00000, 0x0000000086b00000, 0x0000000086c00000|  0%| F|  |TAMS 0x0000000086b00000, 0x0000000086b00000| Untracked 
| 108|0x0000000086c00000, 0x0000000086c00000, 0x0000000086d00000|  0%| F|  |TAMS 0x0000000086c00000, 0x0000000086c00000| Untracked 
| 109|0x0000000086d00000, 0x0000000086d00000, 0x0000000086e00000|  0%| F|  |TAMS 0x0000000086d00000, 0x0000000086d00000| Untracked 
| 110|0x0000000086e00000, 0x0000000086e00000, 0x0000000086f00000|  0%| F|  |TAMS 0x0000000086e00000, 0x0000000086e00000| Untracked 
| 111|0x0000000086f00000, 0x0000000086f00000, 0x0000000087000000|  0%| F|  |TAMS 0x0000000086f00000, 0x0000000086f00000| Untracked 
| 112|0x0000000087000000, 0x0000000087000000, 0x0000000087100000|  0%| F|  |TAMS 0x0000000087000000, 0x0000000087000000| Untracked 
| 113|0x0000000087100000, 0x0000000087100000, 0x0000000087200000|  0%| F|  |TAMS 0x0000000087100000, 0x0000000087100000| Untracked 
| 114|0x0000000087200000, 0x0000000087200000, 0x0000000087300000|  0%| F|  |TAMS 0x0000000087200000, 0x0000000087200000| Untracked 
| 115|0x0000000087300000, 0x0000000087300000, 0x0000000087400000|  0%| F|  |TAMS 0x0000000087300000, 0x0000000087300000| Untracked 
| 116|0x0000000087400000, 0x0000000087400000, 0x0000000087500000|  0%| F|  |TAMS 0x0000000087400000, 0x0000000087400000| Untracked 
| 117|0x0000000087500000, 0x0000000087500000, 0x0000000087600000|  0%| F|  |TAMS 0x0000000087500000, 0x0000000087500000| Untracked 
| 118|0x0000000087600000, 0x0000000087600000, 0x0000000087700000|  0%| F|  |TAMS 0x0000000087600000, 0x0000000087600000| Untracked 
| 119|0x0000000087700000, 0x0000000087700000, 0x0000000087800000|  0%| F|  |TAMS 0x0000000087700000, 0x0000000087700000| Untracked 
| 120|0x0000000087800000, 0x0000000087800000, 0x0000000087900000|  0%| F|  |TAMS 0x0000000087800000, 0x0000000087800000| Untracked 
| 121|0x0000000087900000, 0x0000000087900000, 0x0000000087a00000|  0%| F|  |TAMS 0x0000000087900000, 0x0000000087900000| Untracked 
| 122|0x0000000087a00000, 0x0000000087a00000, 0x0000000087b00000|  0%| F|  |TAMS 0x0000000087a00000, 0x0000000087a00000| Untracked 
| 123|0x0000000087b00000, 0x0000000087b00000, 0x0000000087c00000|  0%| F|  |TAMS 0x0000000087b00000, 0x0000000087b00000| Untracked 
| 124|0x0000000087c00000, 0x0000000087c00000, 0x0000000087d00000|  0%| F|  |TAMS 0x0000000087c00000, 0x0000000087c00000| Untracked 
| 125|0x0000000087d00000, 0x0000000087d00000, 0x0000000087e00000|  0%| F|  |TAMS 0x0000000087d00000, 0x0000000087d00000| Untracked 
| 126|0x0000000087e00000, 0x0000000087e00000, 0x0000000087f00000|  0%| F|  |TAMS 0x0000000087e00000, 0x0000000087e00000| Untracked 
| 127|0x0000000087f00000, 0x0000000087f00000, 0x0000000088000000|  0%| F|  |TAMS 0x0000000087f00000, 0x0000000087f00000| Untracked 
| 128|0x0000000088000000, 0x0000000088000000, 0x0000000088100000|  0%| F|  |TAMS 0x0000000088000000, 0x0000000088000000| Untracked 
| 129|0x0000000088100000, 0x0000000088100000, 0x0000000088200000|  0%| F|  |TAMS 0x0000000088100000, 0x0000000088100000| Untracked 
| 130|0x0000000088200000, 0x0000000088200000, 0x0000000088300000|  0%| F|  |TAMS 0x0000000088200000, 0x0000000088200000| Untracked 
| 131|0x0000000088300000, 0x0000000088300000, 0x0000000088400000|  0%| F|  |TAMS 0x0000000088300000, 0x0000000088300000| Untracked 
| 132|0x0000000088400000, 0x0000000088400000, 0x0000000088500000|  0%| F|  |TAMS 0x0000000088400000, 0x0000000088400000| Untracked 
| 133|0x0000000088500000, 0x0000000088500000, 0x0000000088600000|  0%| F|  |TAMS 0x0000000088500000, 0x0000000088500000| Untracked 
| 134|0x0000000088600000, 0x0000000088600000, 0x0000000088700000|  0%| F|  |TAMS 0x0000000088600000, 0x0000000088600000| Untracked 
| 135|0x0000000088700000, 0x0000000088700000, 0x0000000088800000|  0%| F|  |TAMS 0x0000000088700000, 0x0000000088700000| Untracked 
| 136|0x0000000088800000, 0x0000000088800000, 0x0000000088900000|  0%| F|  |TAMS 0x0000000088800000, 0x0000000088800000| Untracked 
| 137|0x0000000088900000, 0x0000000088900000, 0x0000000088a00000|  0%| F|  |TAMS 0x0000000088900000, 0x0000000088900000| Untracked 
| 138|0x0000000088a00000, 0x0000000088a00000, 0x0000000088b00000|  0%| F|  |TAMS 0x0000000088a00000, 0x0000000088a00000| Untracked 
| 139|0x0000000088b00000, 0x0000000088b00000, 0x0000000088c00000|  0%| F|  |TAMS 0x0000000088b00000, 0x0000000088b00000| Untracked 
| 140|0x0000000088c00000, 0x0000000088c00000, 0x0000000088d00000|  0%| F|  |TAMS 0x0000000088c00000, 0x0000000088c00000| Untracked 
| 141|0x0000000088d00000, 0x0000000088d00000, 0x0000000088e00000|  0%| F|  |TAMS 0x0000000088d00000, 0x0000000088d00000| Untracked 
| 142|0x0000000088e00000, 0x0000000088e00000, 0x0000000088f00000|  0%| F|  |TAMS 0x0000000088e00000, 0x0000000088e00000| Untracked 
| 143|0x0000000088f00000, 0x0000000088f00000, 0x0000000089000000|  0%| F|  |TAMS 0x0000000088f00000, 0x0000000088f00000| Untracked 
| 144|0x0000000089000000, 0x0000000089000000, 0x0000000089100000|  0%| F|  |TAMS 0x0000000089000000, 0x0000000089000000| Untracked 
| 145|0x0000000089100000, 0x0000000089100000, 0x0000000089200000|  0%| F|  |TAMS 0x0000000089100000, 0x0000000089100000| Untracked 
| 146|0x0000000089200000, 0x0000000089200000, 0x0000000089300000|  0%| F|  |TAMS 0x0000000089200000, 0x0000000089200000| Untracked 
| 147|0x0000000089300000, 0x0000000089300000, 0x0000000089400000|  0%| F|  |TAMS 0x0000000089300000, 0x0000000089300000| Untracked 
| 148|0x0000000089400000, 0x0000000089400000, 0x0000000089500000|  0%| F|  |TAMS 0x0000000089400000, 0x0000000089400000| Untracked 
| 149|0x0000000089500000, 0x0000000089500000, 0x0000000089600000|  0%| F|  |TAMS 0x0000000089500000, 0x0000000089500000| Untracked 
| 150|0x0000000089600000, 0x0000000089600000, 0x0000000089700000|  0%| F|  |TAMS 0x0000000089600000, 0x0000000089600000| Untracked 
| 151|0x0000000089700000, 0x0000000089700000, 0x0000000089800000|  0%| F|  |TAMS 0x0000000089700000, 0x0000000089700000| Untracked 
| 152|0x0000000089800000, 0x0000000089800000, 0x0000000089900000|  0%| F|  |TAMS 0x0000000089800000, 0x0000000089800000| Untracked 
| 153|0x0000000089900000, 0x0000000089900000, 0x0000000089a00000|  0%| F|  |TAMS 0x0000000089900000, 0x0000000089900000| Untracked 
| 154|0x0000000089a00000, 0x0000000089a00000, 0x0000000089b00000|  0%| F|  |TAMS 0x0000000089a00000, 0x0000000089a00000| Untracked 
| 155|0x0000000089b00000, 0x0000000089b00000, 0x0000000089c00000|  0%| F|  |TAMS 0x0000000089b00000, 0x0000000089b00000| Untracked 
| 156|0x0000000089c00000, 0x0000000089c00000, 0x0000000089d00000|  0%| F|  |TAMS 0x0000000089c00000, 0x0000000089c00000| Untracked 
| 157|0x0000000089d00000, 0x0000000089d00000, 0x0000000089e00000|  0%| F|  |TAMS 0x0000000089d00000, 0x0000000089d00000| Untracked 
| 158|0x0000000089e00000, 0x0000000089e00000, 0x0000000089f00000|  0%| F|  |TAMS 0x0000000089e00000, 0x0000000089e00000| Untracked 
| 159|0x0000000089f00000, 0x0000000089f00000, 0x000000008a000000|  0%| F|  |TAMS 0x0000000089f00000, 0x0000000089f00000| Untracked 
| 160|0x000000008a000000, 0x000000008a000000, 0x000000008a100000|  0%| F|  |TAMS 0x000000008a000000, 0x000000008a000000| Untracked 
| 161|0x000000008a100000, 0x000000008a100000, 0x000000008a200000|  0%| F|  |TAMS 0x000000008a100000, 0x000000008a100000| Untracked 
| 162|0x000000008a200000, 0x000000008a200000, 0x000000008a300000|  0%| F|  |TAMS 0x000000008a200000, 0x000000008a200000| Untracked 
| 163|0x000000008a300000, 0x000000008a300000, 0x000000008a400000|  0%| F|  |TAMS 0x000000008a300000, 0x000000008a300000| Untracked 
| 164|0x000000008a400000, 0x000000008a400000, 0x000000008a500000|  0%| F|  |TAMS 0x000000008a400000, 0x000000008a400000| Untracked 
| 165|0x000000008a500000, 0x000000008a500000, 0x000000008a600000|  0%| F|  |TAMS 0x000000008a500000, 0x000000008a500000| Untracked 
| 166|0x000000008a600000, 0x000000008a600000, 0x000000008a700000|  0%| F|  |TAMS 0x000000008a600000, 0x000000008a600000| Untracked 
| 167|0x000000008a700000, 0x000000008a700000, 0x000000008a800000|  0%| F|  |TAMS 0x000000008a700000, 0x000000008a700000| Untracked 
| 168|0x000000008a800000, 0x000000008a800000, 0x000000008a900000|  0%| F|  |TAMS 0x000000008a800000, 0x000000008a800000| Untracked 
| 169|0x000000008a900000, 0x000000008a900000, 0x000000008aa00000|  0%| F|  |TAMS 0x000000008a900000, 0x000000008a900000| Untracked 
| 170|0x000000008aa00000, 0x000000008aa00000, 0x000000008ab00000|  0%| F|  |TAMS 0x000000008aa00000, 0x000000008aa00000| Untracked 
| 171|0x000000008ab00000, 0x000000008ab00000, 0x000000008ac00000|  0%| F|  |TAMS 0x000000008ab00000, 0x000000008ab00000| Untracked 
| 172|0x000000008ac00000, 0x000000008ac00000, 0x000000008ad00000|  0%| F|  |TAMS 0x000000008ac00000, 0x000000008ac00000| Untracked 
| 173|0x000000008ad00000, 0x000000008ad00000, 0x000000008ae00000|  0%| F|  |TAMS 0x000000008ad00000, 0x000000008ad00000| Untracked 
| 174|0x000000008ae00000, 0x000000008ae00000, 0x000000008af00000|  0%| F|  |TAMS 0x000000008ae00000, 0x000000008ae00000| Untracked 
| 175|0x000000008af00000, 0x000000008af00000, 0x000000008b000000|  0%| F|  |TAMS 0x000000008af00000, 0x000000008af00000| Untracked 
| 176|0x000000008b000000, 0x000000008b000000, 0x000000008b100000|  0%| F|  |TAMS 0x000000008b000000, 0x000000008b000000| Untracked 
| 177|0x000000008b100000, 0x000000008b100000, 0x000000008b200000|  0%| F|  |TAMS 0x000000008b100000, 0x000000008b100000| Untracked 
| 178|0x000000008b200000, 0x000000008b200000, 0x000000008b300000|  0%| F|  |TAMS 0x000000008b200000, 0x000000008b200000| Untracked 
| 179|0x000000008b300000, 0x000000008b300000, 0x000000008b400000|  0%| F|  |TAMS 0x000000008b300000, 0x000000008b300000| Untracked 
| 180|0x000000008b400000, 0x000000008b400000, 0x000000008b500000|  0%| F|  |TAMS 0x000000008b400000, 0x000000008b400000| Untracked 
| 181|0x000000008b500000, 0x000000008b500000, 0x000000008b600000|  0%| F|  |TAMS 0x000000008b500000, 0x000000008b500000| Untracked 
| 182|0x000000008b600000, 0x000000008b600000, 0x000000008b700000|  0%| F|  |TAMS 0x000000008b600000, 0x000000008b600000| Untracked 
| 183|0x000000008b700000, 0x000000008b700000, 0x000000008b800000|  0%| F|  |TAMS 0x000000008b700000, 0x000000008b700000| Untracked 
| 184|0x000000008b800000, 0x000000008b800000, 0x000000008b900000|  0%| F|  |TAMS 0x000000008b800000, 0x000000008b800000| Untracked 
| 185|0x000000008b900000, 0x000000008b900000, 0x000000008ba00000|  0%| F|  |TAMS 0x000000008b900000, 0x000000008b900000| Untracked 
| 186|0x000000008ba00000, 0x000000008ba00000, 0x000000008bb00000|  0%| F|  |TAMS 0x000000008ba00000, 0x000000008ba00000| Untracked 
| 187|0x000000008bb00000, 0x000000008bb00000, 0x000000008bc00000|  0%| F|  |TAMS 0x000000008bb00000, 0x000000008bb00000| Untracked 
| 188|0x000000008bc00000, 0x000000008bc00000, 0x000000008bd00000|  0%| F|  |TAMS 0x000000008bc00000, 0x000000008bc00000| Untracked 
| 189|0x000000008bd00000, 0x000000008bd00000, 0x000000008be00000|  0%| F|  |TAMS 0x000000008bd00000, 0x000000008bd00000| Untracked 
| 190|0x000000008be00000, 0x000000008be00000, 0x000000008bf00000|  0%| F|  |TAMS 0x000000008be00000, 0x000000008be00000| Untracked 
| 191|0x000000008bf00000, 0x000000008bf00000, 0x000000008c000000|  0%| F|  |TAMS 0x000000008bf00000, 0x000000008bf00000| Untracked 
| 192|0x000000008c000000, 0x000000008c000000, 0x000000008c100000|  0%| F|  |TAMS 0x000000008c000000, 0x000000008c000000| Untracked 
| 193|0x000000008c100000, 0x000000008c100000, 0x000000008c200000|  0%| F|  |TAMS 0x000000008c100000, 0x000000008c100000| Untracked 
| 194|0x000000008c200000, 0x000000008c200000, 0x000000008c300000|  0%| F|  |TAMS 0x000000008c200000, 0x000000008c200000| Untracked 
| 195|0x000000008c300000, 0x000000008c300000, 0x000000008c400000|  0%| F|  |TAMS 0x000000008c300000, 0x000000008c300000| Untracked 
| 196|0x000000008c400000, 0x000000008c400000, 0x000000008c500000|  0%| F|  |TAMS 0x000000008c400000, 0x000000008c400000| Untracked 
| 197|0x000000008c500000, 0x000000008c500000, 0x000000008c600000|  0%| F|  |TAMS 0x000000008c500000, 0x000000008c500000| Untracked 
| 198|0x000000008c600000, 0x000000008c600000, 0x000000008c700000|  0%| F|  |TAMS 0x000000008c600000, 0x000000008c600000| Untracked 
| 199|0x000000008c700000, 0x000000008c700000, 0x000000008c800000|  0%| F|  |TAMS 0x000000008c700000, 0x000000008c700000| Untracked 
| 200|0x000000008c800000, 0x000000008c800000, 0x000000008c900000|  0%| F|  |TAMS 0x000000008c800000, 0x000000008c800000| Untracked 
| 201|0x000000008c900000, 0x000000008c900000, 0x000000008ca00000|  0%| F|  |TAMS 0x000000008c900000, 0x000000008c900000| Untracked 
| 202|0x000000008ca00000, 0x000000008ca00000, 0x000000008cb00000|  0%| F|  |TAMS 0x000000008ca00000, 0x000000008ca00000| Untracked 
| 203|0x000000008cb00000, 0x000000008cb00000, 0x000000008cc00000|  0%| F|  |TAMS 0x000000008cb00000, 0x000000008cb00000| Untracked 
| 204|0x000000008cc00000, 0x000000008cc00000, 0x000000008cd00000|  0%| F|  |TAMS 0x000000008cc00000, 0x000000008cc00000| Untracked 
| 205|0x000000008cd00000, 0x000000008cd00000, 0x000000008ce00000|  0%| F|  |TAMS 0x000000008cd00000, 0x000000008cd00000| Untracked 
| 206|0x000000008ce00000, 0x000000008ce00000, 0x000000008cf00000|  0%| F|  |TAMS 0x000000008ce00000, 0x000000008ce00000| Untracked 
| 207|0x000000008cf00000, 0x000000008cf00000, 0x000000008d000000|  0%| F|  |TAMS 0x000000008cf00000, 0x000000008cf00000| Untracked 
| 208|0x000000008d000000, 0x000000008d0db220, 0x000000008d100000| 85%| S|CS|TAMS 0x000000008d000000, 0x000000008d000000| Complete 
| 209|0x000000008d100000, 0x000000008d100000, 0x000000008d200000|  0%| F|  |TAMS 0x000000008d100000, 0x000000008d100000| Untracked 
| 210|0x000000008d200000, 0x000000008d200000, 0x000000008d300000|  0%| F|  |TAMS 0x000000008d200000, 0x000000008d200000| Untracked 
| 211|0x000000008d300000, 0x000000008d300000, 0x000000008d400000|  0%| F|  |TAMS 0x000000008d300000, 0x000000008d300000| Untracked 
| 212|0x000000008d400000, 0x000000008d400000, 0x000000008d500000|  0%| F|  |TAMS 0x000000008d400000, 0x000000008d400000| Untracked 
| 213|0x000000008d500000, 0x000000008d500000, 0x000000008d600000|  0%| F|  |TAMS 0x000000008d500000, 0x000000008d500000| Untracked 
| 214|0x000000008d600000, 0x000000008d600000, 0x000000008d700000|  0%| F|  |TAMS 0x000000008d600000, 0x000000008d600000| Untracked 
| 215|0x000000008d700000, 0x000000008d700000, 0x000000008d800000|  0%| F|  |TAMS 0x000000008d700000, 0x000000008d700000| Untracked 
| 216|0x000000008d800000, 0x000000008d800000, 0x000000008d900000|  0%| F|  |TAMS 0x000000008d800000, 0x000000008d800000| Untracked 
| 217|0x000000008d900000, 0x000000008d900000, 0x000000008da00000|  0%| F|  |TAMS 0x000000008d900000, 0x000000008d900000| Untracked 
| 218|0x000000008da00000, 0x000000008da00000, 0x000000008db00000|  0%| F|  |TAMS 0x000000008da00000, 0x000000008da00000| Untracked 
| 219|0x000000008db00000, 0x000000008db00000, 0x000000008dc00000|  0%| F|  |TAMS 0x000000008db00000, 0x000000008db00000| Untracked 
| 220|0x000000008dc00000, 0x000000008dc00000, 0x000000008dd00000|  0%| F|  |TAMS 0x000000008dc00000, 0x000000008dc00000| Untracked 
| 221|0x000000008dd00000, 0x000000008dd00000, 0x000000008de00000|  0%| F|  |TAMS 0x000000008dd00000, 0x000000008dd00000| Untracked 
| 222|0x000000008de00000, 0x000000008de00000, 0x000000008df00000|  0%| F|  |TAMS 0x000000008de00000, 0x000000008de00000| Untracked 
| 223|0x000000008df00000, 0x000000008df00000, 0x000000008e000000|  0%| F|  |TAMS 0x000000008df00000, 0x000000008df00000| Untracked 
| 224|0x000000008e000000, 0x000000008e000000, 0x000000008e100000|  0%| F|  |TAMS 0x000000008e000000, 0x000000008e000000| Untracked 
| 225|0x000000008e100000, 0x000000008e100000, 0x000000008e200000|  0%| F|  |TAMS 0x000000008e100000, 0x000000008e100000| Untracked 
| 226|0x000000008e200000, 0x000000008e200000, 0x000000008e300000|  0%| F|  |TAMS 0x000000008e200000, 0x000000008e200000| Untracked 
| 227|0x000000008e300000, 0x000000008e300000, 0x000000008e400000|  0%| F|  |TAMS 0x000000008e300000, 0x000000008e300000| Untracked 
| 228|0x000000008e400000, 0x000000008e400000, 0x000000008e500000|  0%| F|  |TAMS 0x000000008e400000, 0x000000008e400000| Untracked 
| 229|0x000000008e500000, 0x000000008e500000, 0x000000008e600000|  0%| F|  |TAMS 0x000000008e500000, 0x000000008e500000| Untracked 
| 230|0x000000008e600000, 0x000000008e600000, 0x000000008e700000|  0%| F|  |TAMS 0x000000008e600000, 0x000000008e600000| Untracked 
| 231|0x000000008e700000, 0x000000008e700000, 0x000000008e800000|  0%| F|  |TAMS 0x000000008e700000, 0x000000008e700000| Untracked 
| 232|0x000000008e800000, 0x000000008e800000, 0x000000008e900000|  0%| F|  |TAMS 0x000000008e800000, 0x000000008e800000| Untracked 
| 233|0x000000008e900000, 0x000000008e900000, 0x000000008ea00000|  0%| F|  |TAMS 0x000000008e900000, 0x000000008e900000| Untracked 
| 234|0x000000008ea00000, 0x000000008ea00000, 0x000000008eb00000|  0%| F|  |TAMS 0x000000008ea00000, 0x000000008ea00000| Untracked 
| 235|0x000000008eb00000, 0x000000008eb00000, 0x000000008ec00000|  0%| F|  |TAMS 0x000000008eb00000, 0x000000008eb00000| Untracked 
| 236|0x000000008ec00000, 0x000000008ec00000, 0x000000008ed00000|  0%| F|  |TAMS 0x000000008ec00000, 0x000000008ec00000| Untracked 
| 237|0x000000008ed00000, 0x000000008ed00000, 0x000000008ee00000|  0%| F|  |TAMS 0x000000008ed00000, 0x000000008ed00000| Untracked 
| 238|0x000000008ee00000, 0x000000008ee00000, 0x000000008ef00000|  0%| F|  |TAMS 0x000000008ee00000, 0x000000008ee00000| Untracked 
| 239|0x000000008ef00000, 0x000000008ef00000, 0x000000008f000000|  0%| F|  |TAMS 0x000000008ef00000, 0x000000008ef00000| Untracked 
| 240|0x000000008f000000, 0x000000008f000000, 0x000000008f100000|  0%| F|  |TAMS 0x000000008f000000, 0x000000008f000000| Untracked 
| 241|0x000000008f100000, 0x000000008f100000, 0x000000008f200000|  0%| F|  |TAMS 0x000000008f100000, 0x000000008f100000| Untracked 
| 242|0x000000008f200000, 0x000000008f200000, 0x000000008f300000|  0%| F|  |TAMS 0x000000008f200000, 0x000000008f200000| Untracked 
| 243|0x000000008f300000, 0x000000008f300000, 0x000000008f400000|  0%| F|  |TAMS 0x000000008f300000, 0x000000008f300000| Untracked 
| 244|0x000000008f400000, 0x000000008f400000, 0x000000008f500000|  0%| F|  |TAMS 0x000000008f400000, 0x000000008f400000| Untracked 
| 245|0x000000008f500000, 0x000000008f500000, 0x000000008f600000|  0%| F|  |TAMS 0x000000008f500000, 0x000000008f500000| Untracked 
| 246|0x000000008f600000, 0x000000008f600000, 0x000000008f700000|  0%| F|  |TAMS 0x000000008f600000, 0x000000008f600000| Untracked 
| 247|0x000000008f700000, 0x000000008f700000, 0x000000008f800000|  0%| F|  |TAMS 0x000000008f700000, 0x000000008f700000| Untracked 
| 248|0x000000008f800000, 0x000000008f800000, 0x000000008f900000|  0%| F|  |TAMS 0x000000008f800000, 0x000000008f800000| Untracked 
| 249|0x000000008f900000, 0x000000008f900000, 0x000000008fa00000|  0%| F|  |TAMS 0x000000008f900000, 0x000000008f900000| Untracked 
| 250|0x000000008fa00000, 0x000000008fa00000, 0x000000008fb00000|  0%| F|  |TAMS 0x000000008fa00000, 0x000000008fa00000| Untracked 
| 251|0x000000008fb00000, 0x000000008fb00000, 0x000000008fc00000|  0%| F|  |TAMS 0x000000008fb00000, 0x000000008fb00000| Untracked 
| 252|0x000000008fc00000, 0x000000008fc00000, 0x000000008fd00000|  0%| F|  |TAMS 0x000000008fc00000, 0x000000008fc00000| Untracked 
| 253|0x000000008fd00000, 0x000000008fd00000, 0x000000008fe00000|  0%| F|  |TAMS 0x000000008fd00000, 0x000000008fd00000| Untracked 

Card table byte_map: [0x00000251a3d20000,0x00000251a4120000] _byte_map_base: 0x00000251a3920000

Marking Bits (Prev, Next): (CMBitMap*) 0x0000025191176810, (CMBitMap*) 0x00000251911767d0
 Prev Bits: [0x00000251a6520000, 0x00000251a8520000)
 Next Bits: [0x00000251a4520000, 0x00000251a6520000)

Polling page: 0x00000251908e0000

Metaspace:

Usage:
  Non-class:     82.35 MB used.
      Class:     12.84 MB used.
       Both:     95.19 MB used.

Virtual space:
  Non-class space:       88.00 MB reserved,      82.69 MB ( 94%) committed,  11 nodes.
      Class space:        1.00 GB reserved,      13.12 MB (  1%) committed,  1 nodes.
             Both:        1.09 GB reserved,      95.81 MB (  9%) committed. 

Chunk freelists:
   Non-Class:  1.17 MB
       Class:  2.82 MB
        Both:  3.98 MB

MaxMetaspaceSize: unlimited
CompressedClassSpaceSize: 1.00 GB
Initial GC threshold: 21.00 MB
Current GC threshold: 156.81 MB
CDS: off
MetaspaceReclaimPolicy: balanced
 - commit_granule_bytes: 65536.
 - commit_granule_words: 8192.
 - virtual_space_node_default_size: 1048576.
 - enlarge_chunks_in_place: 1.
 - new_chunks_are_fully_committed: 0.
 - uncommit_free_chunks: 1.
 - use_allocation_guard: 0.
 - handle_deallocations: 1.


Internal statistics:

num_allocs_failed_limit: 6.
num_arena_births: 1016.
num_arena_deaths: 18.
num_vsnodes_births: 12.
num_vsnodes_deaths: 0.
num_space_committed: 1532.
num_space_uncommitted: 0.
num_chunks_returned_to_freelist: 29.
num_chunks_taken_from_freelist: 4620.
num_chunk_merges: 14.
num_chunk_splits: 3053.
num_chunks_enlarged: 2051.
num_purges: 4.
num_inconsistent_stats: 0.

CodeHeap 'non-profiled nmethods': size=120000Kb used=6110Kb max_used=6110Kb free=113889Kb
 bounds [0x000002519c0b0000, 0x000002519c6b0000, 0x00000251a35e0000]
CodeHeap 'profiled nmethods': size=120000Kb used=20498Kb max_used=20498Kb free=99501Kb
 bounds [0x00000251945e0000, 0x00000251959f0000, 0x000002519bb10000]
CodeHeap 'non-nmethods': size=5760Kb used=2400Kb max_used=2463Kb free=3360Kb
 bounds [0x000002519bb10000, 0x000002519bd80000, 0x000002519c0b0000]
 total_blobs=11377 nmethods=10453 adapters=836
 compilation: enabled
              stopped_count=0, restarted_count=0
 full_count=0

Compilation events (20 events):
Event: 8.971 Thread 0x00000251ab8bc130 11960       3       org.gradle.api.internal.file.AbstractFileCollection::getFiles (23 bytes)
Event: 8.972 Thread 0x00000251abd8c300 nmethod 11943 0x000002519c6a6810 code [0x000002519c6a6980, 0x000002519c6a6a38]
Event: 8.972 Thread 0x00000251abd8c300 11948       4       org.gradle.internal.fingerprint.impl.DefaultFileSystemLocationFingerprint::<init> (19 bytes)
Event: 8.972 Thread 0x00000251ab8bc130 nmethod 11960 0x00000251959e3790 code [0x00000251959e3980, 0x00000251959e3e18]
Event: 8.972 Thread 0x00000251ab8bc130 11964       2       org.gradle.internal.instantiation.generator.AbstractClassGenerator$DslMixInPropertyType::visitInstanceMethod (104 bytes)
Event: 8.972 Thread 0x00000251ab8bc130 nmethod 11964 0x00000251959e3f90 code [0x00000251959e4180, 0x00000251959e44f8]
Event: 8.972 Thread 0x00000251ab8bc130 11961       3       org.gradle.api.internal.file.AbstractFileCollection$1::<init> (15 bytes)
Event: 8.972 Thread 0x00000251ab8bc130 nmethod 11961 0x00000251959e4710 code [0x00000251959e48c0, 0x00000251959e4ad8]
Event: 8.972 Thread 0x00000251ab8bc130 11962       3       java.lang.StringBuilder::charAt (6 bytes)
Event: 8.972 Thread 0x00000251ab8bc130 nmethod 11962 0x00000251959e4b90 code [0x00000251959e4d20, 0x00000251959e4e68]
Event: 8.972 Thread 0x00000251ab8bc130 11963       3       java.lang.AbstractStringBuilder::charAt (36 bytes)
Event: 8.972 Thread 0x00000251ab8bc130 nmethod 11963 0x00000251959e4f10 code [0x00000251959e5100, 0x00000251959e5538]
Event: 8.973 Thread 0x00000251ab8bc130 11965       1       org.gradle.internal.logging.events.ProgressCompleteEvent::getTimestamp (5 bytes)
Event: 8.973 Thread 0x00000251ab8bc130 nmethod 11965 0x000002519c6a6b10 code [0x000002519c6a6ca0, 0x000002519c6a6d78]
Event: 8.973 Thread 0x00000251ab8bc130 11966       1       org.gradle.internal.logging.events.ProgressCompleteEvent::getStatus (5 bytes)
Event: 8.973 Thread 0x00000251ab8bc130 nmethod 11966 0x000002519c6a6e10 code [0x000002519c6a6fa0, 0x000002519c6a7078]
Event: 8.973 Thread 0x00000251abd8c300 nmethod 11948 0x000002519c6a7110 code [0x000002519c6a72a0, 0x000002519c6a7558]
Event: 8.973 Thread 0x00000251abd8c300 11899       4       com.google.common.collect.RegularImmutableAsList::get (9 bytes)
Event: 8.974 Thread 0x00000251abd8c300 nmethod 11899 0x000002519c6a7690 code [0x000002519c6a7820, 0x000002519c6a7918]
Event: 8.974 Thread 0x00000251abd8c300 11886       4       org.gradle.internal.model.CalculatedValueContainer::getValue (35 bytes)

GC Heap History (20 events):
Event: 7.437 GC heap after
{Heap after GC invocations=30 (full 0):
 garbage-first heap   total 150528K, used 69479K [0x0000000080000000, 0x0000000100000000)
  region size 1024K, 8 young (8192K), 8 survivors (8192K)
 Metaspace       used 89949K, committed 90560K, reserved 1130496K
  class space    used 12226K, committed 12544K, reserved 1048576K
}
Event: 7.688 GC heap before
{Heap before GC invocations=30 (full 0):
 garbage-first heap   total 150528K, used 117607K [0x0000000080000000, 0x0000000100000000)
  region size 1024K, 56 young (57344K), 8 survivors (8192K)
 Metaspace       used 91091K, committed 91776K, reserved 1130496K
  class space    used 12321K, committed 12672K, reserved 1048576K
}
Event: 7.696 GC heap after
{Heap after GC invocations=31 (full 0):
 garbage-first heap   total 150528K, used 78828K [0x0000000080000000, 0x0000000100000000)
  region size 1024K, 7 young (7168K), 7 survivors (7168K)
 Metaspace       used 91091K, committed 91776K, reserved 1130496K
  class space    used 12321K, committed 12672K, reserved 1048576K
}
Event: 7.699 GC heap before
{Heap before GC invocations=31 (full 0):
 garbage-first heap   total 150528K, used 78828K [0x0000000080000000, 0x0000000100000000)
  region size 1024K, 9 young (9216K), 7 survivors (7168K)
 Metaspace       used 91120K, committed 91840K, reserved 1130496K
  class space    used 12324K, committed 12672K, reserved 1048576K
}
Event: 7.702 GC heap after
{Heap after GC invocations=32 (full 0):
 garbage-first heap   total 150528K, used 81174K [0x0000000080000000, 0x0000000100000000)
  region size 1024K, 2 young (2048K), 2 survivors (2048K)
 Metaspace       used 91120K, committed 91840K, reserved 1130496K
  class space    used 12324K, committed 12672K, reserved 1048576K
}
Event: 8.076 GC heap before
{Heap before GC invocations=33 (full 0):
 garbage-first heap   total 150528K, used 120086K [0x0000000080000000, 0x0000000100000000)
  region size 1024K, 40 young (40960K), 2 survivors (2048K)
 Metaspace       used 94079K, committed 94720K, reserved 1138688K
  class space    used 12760K, committed 13056K, reserved 1048576K
}
Event: 8.080 GC heap after
{Heap after GC invocations=34 (full 0):
 garbage-first heap   total 150528K, used 85903K [0x0000000080000000, 0x0000000100000000)
  region size 1024K, 5 young (5120K), 5 survivors (5120K)
 Metaspace       used 94079K, committed 94720K, reserved 1138688K
  class space    used 12760K, committed 13056K, reserved 1048576K
}
Event: 8.085 GC heap before
{Heap before GC invocations=34 (full 0):
 garbage-first heap   total 150528K, used 86927K [0x0000000080000000, 0x0000000100000000)
  region size 1024K, 7 young (7168K), 5 survivors (5120K)
 Metaspace       used 94083K, committed 94720K, reserved 1138688K
  class space    used 12760K, committed 13056K, reserved 1048576K
}
Event: 8.088 GC heap after
{Heap after GC invocations=35 (full 0):
 garbage-first heap   total 181248K, used 86290K [0x0000000080000000, 0x0000000100000000)
  region size 1024K, 1 young (1024K), 1 survivors (1024K)
 Metaspace       used 94083K, committed 94720K, reserved 1138688K
  class space    used 12760K, committed 13056K, reserved 1048576K
}
Event: 8.237 GC heap before
{Heap before GC invocations=35 (full 0):
 garbage-first heap   total 181248K, used 143634K [0x0000000080000000, 0x0000000100000000)
  region size 1024K, 57 young (58368K), 1 survivors (1024K)
 Metaspace       used 94247K, committed 94976K, reserved 1138688K
  class space    used 12765K, committed 13120K, reserved 1048576K
}
Event: 8.240 GC heap after
{Heap after GC invocations=36 (full 0):
 garbage-first heap   total 181248K, used 89575K [0x0000000080000000, 0x0000000100000000)
  region size 1024K, 5 young (5120K), 5 survivors (5120K)
 Metaspace       used 94247K, committed 94976K, reserved 1138688K
  class space    used 12765K, committed 13120K, reserved 1048576K
}
Event: 8.499 GC heap before
{Heap before GC invocations=37 (full 0):
 garbage-first heap   total 181248K, used 142823K [0x0000000080000000, 0x0000000100000000)
  region size 1024K, 58 young (59392K), 5 survivors (5120K)
 Metaspace       used 94741K, committed 95424K, reserved 1138688K
  class space    used 12799K, committed 13120K, reserved 1048576K
}
Event: 8.503 GC heap after
{Heap after GC invocations=38 (full 0):
 garbage-first heap   total 181248K, used 93285K [0x0000000080000000, 0x0000000100000000)
  region size 1024K, 8 young (8192K), 8 survivors (8192K)
 Metaspace       used 94741K, committed 95424K, reserved 1138688K
  class space    used 12799K, committed 13120K, reserved 1048576K
}
Event: 8.506 GC heap before
{Heap before GC invocations=38 (full 0):
 garbage-first heap   total 181248K, used 94309K [0x0000000080000000, 0x0000000100000000)
  region size 1024K, 9 young (9216K), 8 survivors (8192K)
 Metaspace       used 94745K, committed 95424K, reserved 1138688K
  class space    used 12799K, committed 13120K, reserved 1048576K
}
Event: 8.510 GC heap after
{Heap after GC invocations=39 (full 0):
 garbage-first heap   total 181248K, used 91744K [0x0000000080000000, 0x0000000100000000)
  region size 1024K, 2 young (2048K), 2 survivors (2048K)
 Metaspace       used 94745K, committed 95424K, reserved 1138688K
  class space    used 12799K, committed 13120K, reserved 1048576K
}
Event: 8.735 GC heap before
{Heap before GC invocations=39 (full 0):
 garbage-first heap   total 181248K, used 143968K [0x0000000080000000, 0x0000000100000000)
  region size 1024K, 54 young (55296K), 2 survivors (2048K)
 Metaspace       used 95392K, committed 96064K, reserved 1138688K
  class space    used 12882K, committed 13184K, reserved 1048576K
}
Event: 8.738 GC heap after
{Heap after GC invocations=40 (full 0):
 garbage-first heap   total 181248K, used 95857K [0x0000000080000000, 0x0000000100000000)
  region size 1024K, 6 young (6144K), 6 survivors (6144K)
 Metaspace       used 95392K, committed 96064K, reserved 1138688K
  class space    used 12882K, committed 13184K, reserved 1048576K
}
Event: 8.959 GC heap before
{Heap before GC invocations=41 (full 0):
 garbage-first heap   total 181248K, used 145009K [0x0000000080000000, 0x0000000100000000)
  region size 1024K, 55 young (56320K), 6 survivors (6144K)
 Metaspace       used 97273K, committed 97920K, reserved 1138688K
  class space    used 13125K, committed 13440K, reserved 1048576K
}
Event: 8.964 GC heap after
{Heap after GC invocations=42 (full 0):
 garbage-first heap   total 181248K, used 99628K [0x0000000080000000, 0x0000000100000000)
  region size 1024K, 6 young (6144K), 6 survivors (6144K)
 Metaspace       used 97273K, committed 97920K, reserved 1138688K
  class space    used 13125K, committed 13440K, reserved 1048576K
}
Event: 8.974 GC heap before
{Heap before GC invocations=42 (full 0):
 garbage-first heap   total 181248K, used 101676K [0x0000000080000000, 0x0000000100000000)
  region size 1024K, 8 young (8192K), 6 survivors (6144K)
 Metaspace       used 97475K, committed 98112K, reserved 1138688K
  class space    used 13146K, committed 13440K, reserved 1048576K
}

Dll operation events (2 events):
Event: 0.006 Loaded shared library C:\Program Files\Android\Android Studio1\jbr\bin\java.dll
Event: 0.407 Loaded shared library C:\Program Files\Android\Android Studio1\jbr\bin\verify.dll

Deoptimization events (20 events):
Event: 8.973 Thread 0x00000251b0b48070 Uncommon trap: trap_request=0xffffffde fr.pc=0x000002519c2710f8 relative=0x00000000000006d8
Event: 8.973 Thread 0x00000251b0b48070 Uncommon trap: reason=class_check action=maybe_recompile pc=0x000002519c2710f8 method=org.gradle.tooling.internal.provider.runner.ClientBuildEventGenerator.finished(Lorg/gradle/internal/operations/BuildOperationDescriptor;Lorg/gradle/internal/operations/O
Event: 8.973 Thread 0x00000251b0b48070 DEOPT PACKING pc=0x000002519c2710f8 sp=0x00000083d05fe2c0
Event: 8.973 Thread 0x00000251b0b48070 DEOPT UNPACKING pc=0x000002519bb6a1a3 sp=0x00000083d05fe280 mode 2
Event: 8.973 Thread 0x00000251b0b48070 Uncommon trap: trap_request=0xffffffde fr.pc=0x000002519c2710f8 relative=0x00000000000006d8
Event: 8.973 Thread 0x00000251b0b48070 Uncommon trap: reason=class_check action=maybe_recompile pc=0x000002519c2710f8 method=org.gradle.tooling.internal.provider.runner.ClientBuildEventGenerator.finished(Lorg/gradle/internal/operations/BuildOperationDescriptor;Lorg/gradle/internal/operations/O
Event: 8.973 Thread 0x00000251b0b48070 DEOPT PACKING pc=0x000002519c2710f8 sp=0x00000083d05fe2c0
Event: 8.973 Thread 0x00000251b0b48070 DEOPT UNPACKING pc=0x000002519bb6a1a3 sp=0x00000083d05fe280 mode 2
Event: 8.973 Thread 0x00000251b25c1e70 Uncommon trap: trap_request=0xffffff45 fr.pc=0x000002519c628658 relative=0x0000000000001698
Event: 8.973 Thread 0x00000251b25c1e70 Uncommon trap: reason=unstable_if action=reinterpret pc=0x000002519c628658 method=java.util.concurrent.locks.AbstractQueuedSynchronizer.acquire(Ljava/util/concurrent/locks/AbstractQueuedSynchronizer$Node;IZZZJ)I @ 180 c2
Event: 8.973 Thread 0x00000251b25c1e70 DEOPT PACKING pc=0x000002519c628658 sp=0x00000083cfcf9e00
Event: 8.973 Thread 0x00000251b25c1e70 DEOPT UNPACKING pc=0x000002519bb6a1a3 sp=0x00000083cfcf9df0 mode 2
Event: 8.973 Thread 0x00000251b25bdfe0 Uncommon trap: trap_request=0xffffffc6 fr.pc=0x000002519c620548 relative=0x00000000000005a8
Event: 8.973 Thread 0x00000251b25bdfe0 Uncommon trap: reason=bimorphic_or_optimized_type_check action=maybe_recompile pc=0x000002519c620548 method=org.gradle.internal.snapshot.MediumChildMap.withNode(Lorg/gradle/internal/snapshot/VfsRelativePath;Lorg/gradle/internal/snapshot/CaseSensitivity;Lo
Event: 8.973 Thread 0x00000251b25bdfe0 DEOPT PACKING pc=0x000002519c620548 sp=0x00000083d00fbf90
Event: 8.973 Thread 0x00000251b25bdfe0 DEOPT UNPACKING pc=0x000002519bb6a1a3 sp=0x00000083d00fbf48 mode 2
Event: 8.974 Thread 0x00000251b25bdfe0 Uncommon trap: trap_request=0xffffffc6 fr.pc=0x000002519c620548 relative=0x00000000000005a8
Event: 8.974 Thread 0x00000251b25bdfe0 Uncommon trap: reason=bimorphic_or_optimized_type_check action=maybe_recompile pc=0x000002519c620548 method=org.gradle.internal.snapshot.MediumChildMap.withNode(Lorg/gradle/internal/snapshot/VfsRelativePath;Lorg/gradle/internal/snapshot/CaseSensitivity;Lo
Event: 8.974 Thread 0x00000251b25bdfe0 DEOPT PACKING pc=0x000002519c620548 sp=0x00000083d00fbae0
Event: 8.974 Thread 0x00000251b25bdfe0 DEOPT UNPACKING pc=0x000002519bb6a1a3 sp=0x00000083d00fba98 mode 2

Classes unloaded (9 events):
Event: 8.303 Thread 0x00000251ab84d260 Unloading class 0x0000000100cc5c00 'java/lang/invoke/LambdaForm$DMH+0x0000000100cc5c00'
Event: 8.303 Thread 0x00000251ab84d260 Unloading class 0x0000000100cc5800 'java/lang/invoke/LambdaForm$DMH+0x0000000100cc5800'
Event: 8.303 Thread 0x00000251ab84d260 Unloading class 0x0000000100cc5400 'java/lang/invoke/LambdaForm$DMH+0x0000000100cc5400'
Event: 8.303 Thread 0x00000251ab84d260 Unloading class 0x0000000100cc5000 'java/lang/invoke/LambdaForm$DMH+0x0000000100cc5000'
Event: 8.303 Thread 0x00000251ab84d260 Unloading class 0x0000000100cc4c00 'java/lang/invoke/LambdaForm$DMH+0x0000000100cc4c00'
Event: 8.303 Thread 0x00000251ab84d260 Unloading class 0x0000000100cc4800 'java/lang/invoke/LambdaForm$DMH+0x0000000100cc4800'
Event: 8.303 Thread 0x00000251ab84d260 Unloading class 0x0000000100cc4400 'java/lang/invoke/LambdaForm$DMH+0x0000000100cc4400'
Event: 8.807 Thread 0x00000251ab84d260 Unloading class 0x0000000100cd0800 'java/lang/invoke/LambdaForm$DMH+0x0000000100cd0800'
Event: 8.807 Thread 0x00000251ab84d260 Unloading class 0x0000000100cd0400 'java/lang/invoke/LambdaForm$DMH+0x0000000100cd0400'

Classes redefined (0 events):
No events

Internal exceptions (20 events):
Event: 8.054 Thread 0x00000251b1ff9030 Exception <a 'java/lang/NoSuchMethodError'{0x00000000872f8f30}: 'java.lang.Object java.lang.invoke.DirectMethodHandle$Holder.invokeSpecialIFC(java.lang.Object, java.lang.Object, java.lang.Object)'> (0x00000000872f8f30) 
thrown [s\src\hotspot\share\interpreter\linkResolver.cpp, line 771]
Event: 8.054 Thread 0x00000251b19e0230 Exception <a 'java/lang/NoSuchMethodError'{0x0000000087109de0}: 'java.lang.Object java.lang.invoke.DirectMethodHandle$Holder.invokeSpecialIFC(java.lang.Object, java.lang.Object, java.lang.Object)'> (0x0000000087109de0) 
thrown [s\src\hotspot\share\interpreter\linkResolver.cpp, line 771]
Event: 8.054 Thread 0x00000251b1ff8b60 Exception <a 'java/lang/NoSuchMethodError'{0x00000000871353c0}: 'java.lang.Object java.lang.invoke.DirectMethodHandle$Holder.invokeSpecialIFC(java.lang.Object, java.lang.Object, java.lang.Object)'> (0x00000000871353c0) 
thrown [s\src\hotspot\share\interpreter\linkResolver.cpp, line 771]
Event: 8.054 Thread 0x00000251b22eb210 Exception <a 'java/lang/NoSuchMethodError'{0x000000008712e578}: 'java.lang.Object java.lang.invoke.DirectMethodHandle$Holder.invokeSpecialIFC(java.lang.Object, java.lang.Object, java.lang.Object)'> (0x000000008712e578) 
thrown [s\src\hotspot\share\interpreter\linkResolver.cpp, line 771]
Event: 8.054 Thread 0x00000251b19e0bd0 Exception <a 'java/lang/NoSuchMethodError'{0x0000000087115858}: 'java.lang.Object java.lang.invoke.DirectMethodHandle$Holder.invokeSpecialIFC(java.lang.Object, java.lang.Object, java.lang.Object)'> (0x0000000087115858) 
thrown [s\src\hotspot\share\interpreter\linkResolver.cpp, line 771]
Event: 8.054 Thread 0x00000251b25c1e70 Exception <a 'java/lang/NoSuchMethodError'{0x000000008722fed0}: 'java.lang.Object java.lang.invoke.DirectMethodHandle$Holder.invokeSpecialIFC(java.lang.Object, java.lang.Object, java.lang.Object)'> (0x000000008722fed0) 
thrown [s\src\hotspot\share\interpreter\linkResolver.cpp, line 771]
Event: 8.054 Thread 0x00000251b1ffa370 Exception <a 'java/lang/NoSuchMethodError'{0x0000000087120cd0}: 'java.lang.Object java.lang.invoke.DirectMethodHandle$Holder.invokeSpecialIFC(java.lang.Object, java.lang.Object, java.lang.Object)'> (0x0000000087120cd0) 
thrown [s\src\hotspot\share\interpreter\linkResolver.cpp, line 771]
Event: 8.083 Thread 0x00000251b22e6eb0 Implicit null exception at 0x000002519c39794e to 0x000002519c398370
Event: 8.187 Thread 0x00000251b22eb210 Exception <a 'java/lang/NoSuchMethodError'{0x0000000088c10168}: 'void java.lang.invoke.DirectMethodHandle$Holder.invokeVirtual(java.lang.Object, java.lang.Object)'> (0x0000000088c10168) 
thrown [s\src\hotspot\share\interpreter\linkResolver.cpp, line 771]
Event: 8.187 Thread 0x00000251b1ff8b60 Exception <a 'java/lang/NoSuchMethodError'{0x0000000088ecad10}: 'void java.lang.invoke.DirectMethodHandle$Holder.invokeVirtual(java.lang.Object, java.lang.Object)'> (0x0000000088ecad10) 
thrown [s\src\hotspot\share\interpreter\linkResolver.cpp, line 771]
Event: 8.187 Thread 0x00000251b1ff9030 Exception <a 'java/lang/NoSuchMethodError'{0x0000000088c06ff0}: 'void java.lang.invoke.DirectMethodHandle$Holder.invokeVirtual(java.lang.Object, java.lang.Object)'> (0x0000000088c06ff0) 
thrown [s\src\hotspot\share\interpreter\linkResolver.cpp, line 771]
Event: 8.708 Thread 0x00000251b25c1e70 Exception <a 'sun/nio/fs/WindowsException'{0x0000000087eaf9e8}> (0x0000000087eaf9e8) 
thrown [s\src\hotspot\share\prims\jni.cpp, line 517]
Event: 8.708 Thread 0x00000251b25c1e70 Exception <a 'sun/nio/fs/WindowsException'{0x0000000087eafd78}> (0x0000000087eafd78) 
thrown [s\src\hotspot\share\prims\jni.cpp, line 517]
Event: 8.825 Thread 0x00000251b25bc300 Exception <a 'sun/nio/fs/WindowsException'{0x000000008cbc2d08}> (0x000000008cbc2d08) 
thrown [s\src\hotspot\share\prims\jni.cpp, line 517]
Event: 8.837 Thread 0x00000251b25bc300 Exception <a 'java/lang/NoSuchMethodError'{0x000000008ca9d9c0}: 'int java.lang.invoke.DirectMethodHandle$Holder.invokeSpecial(java.lang.Object, java.lang.Object, java.lang.Object, java.lang.Object, java.lang.Object)'> (0x000000008ca9d9c0) 
thrown [s\src\hotspot\share\interpreter\linkResolver.cpp, line 771]
Event: 8.885 Thread 0x00000251b25bc300 Exception <a 'sun/nio/fs/WindowsException'{0x0000000089a0b420}> (0x0000000089a0b420) 
thrown [s\src\hotspot\share\prims\jni.cpp, line 517]
Event: 8.959 Thread 0x00000251b25bc300 Exception <a 'sun/nio/fs/WindowsException'{0x00000000880f8e40}> (0x00000000880f8e40) 
thrown [s\src\hotspot\share\prims\jni.cpp, line 517]
Event: 8.959 Thread 0x00000251b25bc300 Exception <a 'sun/nio/fs/WindowsException'{0x00000000880f9ca8}> (0x00000000880f9ca8) 
thrown [s\src\hotspot\share\prims\jni.cpp, line 517]
Event: 8.959 Thread 0x00000251b25bc300 Exception <a 'sun/nio/fs/WindowsException'{0x00000000880f9d18}> (0x00000000880f9d18) 
thrown [s\src\hotspot\share\prims\jni.cpp, line 517]
Event: 8.959 Thread 0x00000251b25bc300 Exception <a 'sun/nio/fs/WindowsException'{0x00000000880fa060}> (0x00000000880fa060) 
thrown [s\src\hotspot\share\prims\jni.cpp, line 517]

VM Operations (20 events):
Event: 8.686 Executing VM operation: HandshakeAllThreads done
Event: 8.687 Executing VM operation: HandshakeAllThreads
Event: 8.687 Executing VM operation: HandshakeAllThreads done
Event: 8.688 Executing VM operation: HandshakeAllThreads
Event: 8.689 Executing VM operation: HandshakeAllThreads done
Event: 8.691 Executing VM operation: HandshakeAllThreads
Event: 8.691 Executing VM operation: HandshakeAllThreads done
Event: 8.698 Executing VM operation: HandshakeAllThreads
Event: 8.698 Executing VM operation: HandshakeAllThreads done
Event: 8.735 Executing VM operation: G1CollectForAllocation
Event: 8.738 Executing VM operation: G1CollectForAllocation done
Event: 8.806 Executing VM operation: G1Concurrent
Event: 8.814 Executing VM operation: G1Concurrent done
Event: 8.836 Executing VM operation: HandshakeAllThreads
Event: 8.836 Executing VM operation: HandshakeAllThreads done
Event: 8.844 Executing VM operation: G1Concurrent
Event: 8.844 Executing VM operation: G1Concurrent done
Event: 8.959 Executing VM operation: G1CollectForAllocation
Event: 8.964 Executing VM operation: G1CollectForAllocation done
Event: 8.974 Executing VM operation: G1CollectForAllocation

Events (20 events):
Event: 8.928 loading class org/w3c/dom/CDATASection done
Event: 8.928 loading class org/w3c/dom/Comment
Event: 8.928 loading class org/w3c/dom/Comment done
Event: 8.928 loading class org/w3c/dom/DocumentFragment
Event: 8.928 loading class org/w3c/dom/DocumentFragment done
Event: 8.929 loading class org/w3c/dom/ElementTraversal
Event: 8.929 loading class org/w3c/dom/ElementTraversal done
Event: 8.931 loading class org/w3c/dom/events/Event
Event: 8.931 loading class org/w3c/dom/events/Event done
Event: 8.931 loading class org/w3c/dom/traversal/TreeWalker
Event: 8.931 loading class org/w3c/dom/traversal/TreeWalker done
Event: 8.931 loading class org/w3c/dom/traversal/NodeIterator
Event: 8.931 loading class org/w3c/dom/traversal/NodeIterator done
Event: 8.931 loading class org/w3c/dom/events/MutationEvent
Event: 8.931 loading class org/w3c/dom/events/MutationEvent done
Event: 8.931 loading class org/w3c/dom/ranges/Range
Event: 8.931 loading class org/w3c/dom/ranges/Range done
Event: 8.931 loading class org/w3c/dom/events/EventException
Event: 8.932 loading class org/w3c/dom/events/EventException done
Event: 8.971 Thread 0x00000251b0b48ee0 Thread added: 0x00000251b0b48ee0


Dynamic libraries:
0x00007ff753d20000 - 0x00007ff753d2a000 	C:\Program Files\Android\Android Studio1\jbr\bin\java.exe
0x00007ffe194f0000 - 0x00007ffe19707000 	C:\WINDOWS\SYSTEM32\ntdll.dll
0x00007ffe18470000 - 0x00007ffe18534000 	C:\WINDOWS\System32\KERNEL32.DLL
0x00007ffe16ab0000 - 0x00007ffe16e55000 	C:\WINDOWS\System32\KERNELBASE.dll
0x00007ffe17120000 - 0x00007ffe17231000 	C:\WINDOWS\System32\ucrtbase.dll
0x00007ffdfff40000 - 0x00007ffdfff57000 	C:\Program Files\Android\Android Studio1\jbr\bin\jli.dll
0x00007ffe18ab0000 - 0x00007ffe18c5e000 	C:\WINDOWS\System32\USER32.dll
0x00007ffe16f00000 - 0x00007ffe16f26000 	C:\WINDOWS\System32\win32u.dll
0x00007ffe02d30000 - 0x00007ffe02d4b000 	C:\Program Files\Android\Android Studio1\jbr\bin\VCRUNTIME140.dll
0x00007ffddff60000 - 0x00007ffde01f3000 	C:\WINDOWS\WinSxS\amd64_microsoft.windows.common-controls_6595b64144ccf1df_6.0.22621.2506_none_270c5ae97388e100\COMCTL32.dll
0x00007ffe18c60000 - 0x00007ffe18c89000 	C:\WINDOWS\System32\GDI32.dll
0x00007ffe16990000 - 0x00007ffe16aa9000 	C:\WINDOWS\System32\gdi32full.dll
0x00007ffe19310000 - 0x00007ffe193b7000 	C:\WINDOWS\System32\msvcrt.dll
0x00007ffe16e60000 - 0x00007ffe16efa000 	C:\WINDOWS\System32\msvcp_win.dll
0x00007ffe19470000 - 0x00007ffe194a1000 	C:\WINDOWS\System32\IMM32.DLL
0x00007ffe11cd0000 - 0x00007ffe11cdc000 	C:\Program Files\Android\Android Studio1\jbr\bin\vcruntime140_1.dll
0x00007ffddc490000 - 0x00007ffddc51d000 	C:\Program Files\Android\Android Studio1\jbr\bin\msvcp140.dll
0x00007ffd99690000 - 0x00007ffd9a2fe000 	C:\Program Files\Android\Android Studio1\jbr\bin\server\jvm.dll
0x00007ffe19230000 - 0x00007ffe192e1000 	C:\WINDOWS\System32\ADVAPI32.dll
0x00007ffe18ee0000 - 0x00007ffe18f86000 	C:\WINDOWS\System32\sechost.dll
0x00007ffe17aa0000 - 0x00007ffe17bb7000 	C:\WINDOWS\System32\RPCRT4.dll
0x00007ffde8b60000 - 0x00007ffde8b69000 	C:\WINDOWS\SYSTEM32\WSOCK32.dll
0x00007ffe19150000 - 0x00007ffe191c1000 	C:\WINDOWS\System32\WS2_32.dll
0x00007ffe0e980000 - 0x00007ffe0e9b4000 	C:\WINDOWS\SYSTEM32\WINMM.dll
0x00007ffe0f310000 - 0x00007ffe0f31a000 	C:\WINDOWS\SYSTEM32\VERSION.dll
0x00007ffe15860000 - 0x00007ffe15878000 	C:\WINDOWS\SYSTEM32\kernel.appcore.dll
0x00007ffe02d80000 - 0x00007ffe02d8a000 	C:\Program Files\Android\Android Studio1\jbr\bin\jimage.dll
0x00007ffe13a90000 - 0x00007ffe13cc3000 	C:\WINDOWS\SYSTEM32\DBGHELP.DLL
0x00007ffe18720000 - 0x00007ffe18aa9000 	C:\WINDOWS\System32\combase.dll
0x00007ffe18300000 - 0x00007ffe183d7000 	C:\WINDOWS\System32\OLEAUT32.dll
0x00007ffdef880000 - 0x00007ffdef8b2000 	C:\WINDOWS\SYSTEM32\dbgcore.DLL
0x00007ffe16f30000 - 0x00007ffe16faa000 	C:\WINDOWS\System32\bcryptPrimitives.dll
0x00007ffe02ca0000 - 0x00007ffe02cc5000 	C:\Program Files\Android\Android Studio1\jbr\bin\java.dll
0x00007ffe00470000 - 0x00007ffe00488000 	C:\Program Files\Android\Android Studio1\jbr\bin\zip.dll
0x00007ffe17240000 - 0x00007ffe17a99000 	C:\WINDOWS\System32\SHELL32.dll
0x00007ffe14780000 - 0x00007ffe15074000 	C:\WINDOWS\SYSTEM32\windows.storage.dll
0x00007ffe14640000 - 0x00007ffe1477e000 	C:\WINDOWS\SYSTEM32\wintypes.dll
0x00007ffe17bc0000 - 0x00007ffe17cb3000 	C:\WINDOWS\System32\SHCORE.dll
0x00007ffe191d0000 - 0x00007ffe1922e000 	C:\WINDOWS\System32\shlwapi.dll
0x00007ffe16790000 - 0x00007ffe167b6000 	C:\WINDOWS\SYSTEM32\profapi.dll
0x00007ffe00000000 - 0x00007ffe00019000 	C:\Program Files\Android\Android Studio1\jbr\bin\net.dll
0x00007ffe10d70000 - 0x00007ffe10ea7000 	C:\WINDOWS\SYSTEM32\WINHTTP.dll
0x00007ffe15ce0000 - 0x00007ffe15d49000 	C:\WINDOWS\system32\mswsock.dll
0x00007ffdfffe0000 - 0x00007ffdffff6000 	C:\Program Files\Android\Android Studio1\jbr\bin\nio.dll
0x00007ffe02c90000 - 0x00007ffe02ca0000 	C:\Program Files\Android\Android Studio1\jbr\bin\verify.dll
0x00007ffdc5390000 - 0x00007ffdc53b7000 	C:\Users\Acer\.gradle\native\68d5fa5c4cc2d200863cafc0d521ce42e7d3e7ee720ec0a83991735586a16f82\windows-amd64\native-platform.dll
0x00007ffdc4d20000 - 0x00007ffdc4e64000 	C:\Users\Acer\.gradle\native\e376f236ea51e6404a007f0833ffe2c6e607c4080706a723a18a27aeea778392\windows-amd64\native-platform-file-events.dll
0x00007ffe02c20000 - 0x00007ffe02c29000 	C:\Program Files\Android\Android Studio1\jbr\bin\management.dll
0x00007ffe02960000 - 0x00007ffe0296b000 	C:\Program Files\Android\Android Studio1\jbr\bin\management_ext.dll
0x00007ffe17cd0000 - 0x00007ffe17cd8000 	C:\WINDOWS\System32\PSAPI.DLL
0x00007ffe15f30000 - 0x00007ffe15f4b000 	C:\WINDOWS\SYSTEM32\CRYPTSP.dll
0x00007ffe157c0000 - 0x00007ffe157f5000 	C:\WINDOWS\system32\rsaenh.dll
0x00007ffe15dd0000 - 0x00007ffe15dfc000 	C:\WINDOWS\SYSTEM32\USERENV.dll
0x00007ffe16170000 - 0x00007ffe16198000 	C:\WINDOWS\SYSTEM32\bcrypt.dll
0x00007ffe15f50000 - 0x00007ffe15f5c000 	C:\WINDOWS\SYSTEM32\CRYPTBASE.dll
0x00007ffe15320000 - 0x00007ffe1534d000 	C:\WINDOWS\SYSTEM32\IPHLPAPI.DLL
0x00007ffe183e0000 - 0x00007ffe183e9000 	C:\WINDOWS\System32\NSI.dll
0x00007ffe0ecb0000 - 0x00007ffe0ecc9000 	C:\WINDOWS\SYSTEM32\dhcpcsvc6.DLL
0x00007ffe0e960000 - 0x00007ffe0e97f000 	C:\WINDOWS\SYSTEM32\dhcpcsvc.DLL
0x00007ffe153a0000 - 0x00007ffe15499000 	C:\WINDOWS\SYSTEM32\DNSAPI.dll
0x00007ffde3bb0000 - 0x00007ffde3bb8000 	C:\WINDOWS\system32\wshunix.dll

dbghelp: loaded successfully - version: 4.0.5 - missing functions: none
symbol engine: initialized successfully - sym options: 0x614 - pdb path: .;C:\Program Files\Android\Android Studio1\jbr\bin;C:\WINDOWS\SYSTEM32;C:\WINDOWS\WinSxS\amd64_microsoft.windows.common-controls_6595b64144ccf1df_6.0.22621.2506_none_270c5ae97388e100;C:\Program Files\Android\Android Studio1\jbr\bin\server;C:\Users\Acer\.gradle\native\68d5fa5c4cc2d200863cafc0d521ce42e7d3e7ee720ec0a83991735586a16f82\windows-amd64;C:\Users\Acer\.gradle\native\e376f236ea51e6404a007f0833ffe2c6e607c4080706a723a18a27aeea778392\windows-amd64

VM Arguments:
jvm_args: --add-opens=java.base/java.util=ALL-UNNAMED --add-opens=java.base/java.lang=ALL-UNNAMED --add-opens=java.base/java.lang.invoke=ALL-UNNAMED --add-opens=java.prefs/java.util.prefs=ALL-UNNAMED --add-opens=java.base/java.nio.charset=ALL-UNNAMED --add-opens=java.base/java.net=ALL-UNNAMED --add-opens=java.base/java.util.concurrent.atomic=ALL-UNNAMED -Xmx2048m -Dfile.encoding=UTF-8 -Duser.country=US -Duser.language=en -Duser.variant 
java_command: org.gradle.launcher.daemon.bootstrap.GradleDaemon 8.0
java_class_path (initial): C:\Users\Acer\.gradle\wrapper\dists\gradle-8.0-bin\ca5e32bp14vu59qr306oxotwh\gradle-8.0\lib\gradle-launcher-8.0.jar
Launcher Type: SUN_STANDARD

[Global flags]
     intx CICompilerCount                          = 4                                         {product} {ergonomic}
     uint ConcGCThreads                            = 2                                         {product} {ergonomic}
     uint G1ConcRefinementThreads                  = 8                                         {product} {ergonomic}
   size_t G1HeapRegionSize                         = 1048576                                   {product} {ergonomic}
    uintx GCDrainStackTargetSize                   = 64                                        {product} {ergonomic}
   size_t InitialHeapSize                          = 266338304                                 {product} {ergonomic}
   size_t MarkStackSize                            = 4194304                                   {product} {ergonomic}
   size_t MaxHeapSize                              = 2147483648                                {product} {command line}
   size_t MaxNewSize                               = 1287651328                                {product} {ergonomic}
   size_t MinHeapDeltaBytes                        = 1048576                                   {product} {ergonomic}
   size_t MinHeapSize                              = 8388608                                   {product} {ergonomic}
    uintx NonNMethodCodeHeapSize                   = 5839372                                {pd product} {ergonomic}
    uintx NonProfiledCodeHeapSize                  = 122909434                              {pd product} {ergonomic}
    uintx ProfiledCodeHeapSize                     = 122909434                              {pd product} {ergonomic}
    uintx ReservedCodeCacheSize                    = 251658240                              {pd product} {ergonomic}
     bool SegmentedCodeCache                       = true                                      {product} {ergonomic}
   size_t SoftMaxHeapSize                          = 2147483648                             {manageable} {ergonomic}
     bool UseCompressedClassPointers               = true                           {product lp64_product} {ergonomic}
     bool UseCompressedOops                        = true                           {product lp64_product} {ergonomic}
     bool UseG1GC                                  = true                                      {product} {ergonomic}
     bool UseLargePagesIndividualAllocation        = false                                  {pd product} {ergonomic}

Logging:
Log output configuration:
 #0: stdout all=warning uptime,level,tags
 #1: stderr all=off uptime,level,tags

Environment Variables:
PATH=C:\Program Files\Common Files\Oracle\Java\javapath;C:\Program Files\Microsoft\jdk-11.0.16.101-hotspot\bin;C:\WINDOWS\system32;C:\WINDOWS;C:\WINDOWS\System32\Wbem;C:\WINDOWS\System32\WindowsPowerShell\v1.0\;C:\WINDOWS\System32\OpenSSH\;C:\Program Files\Git\cmd;C:\Users\Acer\AppData\Local\Programs\Python\Python39;C:\Users\Acer\AppData\Local\Programs\Python\Python39\Scripts;C:\Program Files\nodejs\;C:\Program Files\dotnet\;C:\Program Files\Microsoft SQL Server\150\Tools\Binn\;C:\Program Files\Microsoft SQL Server\Client SDK\ODBC\170\Tools\Binn\;C:\ProgramData\chocolatey\bin;C:\Program Files\Maven\apache-maven-3.9.5\bin;C:\Users\Acer\AppData\Local\Microsoft\WindowsApps;C:\Users\Acer\AppData\Local\Programs\Microsoft VS Code\bin;C:\Program Files\JetBrains\PyCharm Community Edition 2023.1\bin;;C:\Users\Acer\AppData\Local\GitHubDesktop\bin;C:\Users\Acer\AppData\Roaming\npm;C:\Users\Acer\.dotnet\tools;C:\Program Files\JetBrains\IntelliJ IDEA Community Edition 2023.2.5\bin;
USERNAME=Acer
OS=Windows_NT
PROCESSOR_IDENTIFIER=Intel64 Family 6 Model 140 Stepping 1, GenuineIntel
TMP=C:\Users\Acer\AppData\Local\Temp
TEMP=C:\Users\Acer\AppData\Local\Temp


JNI global refs:
JNI global refs: 27, weak refs: 4

JNI global refs memory usage: 843, weak refs: 841


---------------  S Y S T E M  ---------------

OS:
 Windows 11 , 64 bit Build 22621 (10.0.22621.2506)
OS uptime: 3 days 1:53 hours

CPU: total 8 (initial active 8) (4 cores per cpu, 2 threads per core) family 6 model 140 stepping 1 microcode 0xa4, cx8, cmov, fxsr, ht, mmx, 3dnowpref, sse, sse2, sse3, ssse3, sse4.1, sse4.2, popcnt, lzcnt, tsc, tscinvbit, avx, avx2, aes, erms, clmul, bmi1, bmi2, adx, avx512f, avx512dq, avx512cd, avx512bw, avx512vl, sha, fma, vzeroupper, avx512_vpopcntdq, avx512_vpclmulqdq, avx512_vaes, avx512_vnni, clflush, clflushopt, clwb, avx512_vbmi2, avx512_vbmi

Memory: 4k page, system-wide physical 16179M (857M free)
TotalPageFile size 19097M (AvailPageFile size 249M)
current process WorkingSet (physical memory assigned to process): 458M, peak: 458M
current process commit charge ("private bytes"): 572M, peak: 832M

vm_info: OpenJDK 64-Bit Server VM (17.0.6+0-b2043.56-10027231) for windows-amd64 JRE (17.0.6+0-b2043.56-10027231), built on Apr 28 2023 00:43:19 by "androidbuild" with MS VC++ 16.10 / 16.11 (VS2019)

END.
