#
# There is insufficient memory for the Java Runtime Environment to continue.
# Native memory allocation (malloc) failed to allocate 1245136 bytes for Chunk::new
# Possible reasons:
#   The system is out of physical RAM or swap space
#   The process is running with CompressedOops enabled, and the Java Heap may be blocking the growth of the native heap
# Possible solutions:
#   Reduce memory load on the system
#   Increase physical memory or swap space
#   Check if swap backing store is full
#   Decrease Java heap size (-Xmx/-Xms)
#   Decrease number of Java threads
#   Decrease Java thread stack sizes (-Xss)
#   Set larger code cache with -XX:ReservedCodeCacheSize=
#   JVM is running with Unscaled Compressed Oops mode in which the Java heap is
#     placed in the first 4GB address space. The Java Heap base address is the
#     maximum limit for the native heap growth. Please use -XX:HeapBaseMinAddress
#     to set the Java Heap base and to place the Java Heap above 4GB virtual address.
# This output file may be truncated or incomplete.
#
#  Out of Memory Error (arena.cpp:189), pid=4968, tid=13456
#
# JRE version: OpenJDK Runtime Environment (17.0.6) (build 17.0.6+0-b2043.56-10027231)
# Java VM: OpenJDK 64-Bit Server VM (17.0.6+0-b2043.56-10027231, mixed mode, tiered, compressed oops, compressed class ptrs, g1 gc, windows-amd64)
# No core dump will be written. Minidumps are not enabled by default on client versions of Windows
#

---------------  S U M M A R Y ------------

Command Line: --add-opens=java.base/java.util=ALL-UNNAMED --add-opens=java.base/java.lang=ALL-UNNAMED --add-opens=java.base/java.lang.invoke=ALL-UNNAMED --add-opens=java.prefs/java.util.prefs=ALL-UNNAMED --add-opens=java.base/java.nio.charset=ALL-UNNAMED --add-opens=java.base/java.net=ALL-UNNAMED --add-opens=java.base/java.util.concurrent.atomic=ALL-UNNAMED -Xmx2048m -Dfile.encoding=UTF-8 -Duser.country=US -Duser.language=en -Duser.variant org.gradle.launcher.daemon.bootstrap.GradleDaemon 8.0

Host: 11th Gen Intel(R) Core(TM) i5-1135G7 @ 2.40GHz, 8 cores, 15G,  Windows 11 , 64 bit Build 22621 (10.0.22621.2506)
Time: Wed Nov 29 16:06:33 2023 SE Asia Standard Time elapsed time: 2.895898 seconds (0d 0h 0m 2s)

---------------  T H R E A D  ---------------

Current thread (0x000001e13e15c070):  JavaThread "C2 CompilerThread2" daemon [_thread_in_native, id=13456, stack(0x00000038bb500000,0x00000038bb600000)]


Current CompileTask:
C2:   2895 2712   !   4       java.lang.reflect.Executable::declaredAnnotations (85 bytes)

Stack: [0x00000038bb500000,0x00000038bb600000]
Native frames: (J=compiled Java code, j=interpreted, Vv=VM code, C=native code)
V  [jvm.dll+0x683c9a]
V  [jvm.dll+0x8427a4]
V  [jvm.dll+0x843f9e]
V  [jvm.dll+0x844603]
V  [jvm.dll+0x249b75]
V  [jvm.dll+0xabcac]
V  [jvm.dll+0xac27c]
V  [jvm.dll+0x368802]
V  [jvm.dll+0x332f31]
V  [jvm.dll+0x3323da]
V  [jvm.dll+0x21c201]
V  [jvm.dll+0x21b621]
V  [jvm.dll+0x1a4fdd]
V  [jvm.dll+0x22b098]
V  [jvm.dll+0x229159]
V  [jvm.dll+0x7f81ec]
V  [jvm.dll+0x7f274a]
V  [jvm.dll+0x682ad5]
C  [ucrtbase.dll+0x29363]
C  [KERNEL32.DLL+0x1257d]
C  [ntdll.dll+0x5aa58]


---------------  P R O C E S S  ---------------

Threads class SMR info:
_java_thread_list=0x000001e14291fd80, length=37, elements={
0x000001e121fd9090, 0x000001e13c836260, 0x000001e13c8377c0, 0x000001e13c87efe0,
0x000001e13c87fcb0, 0x000001e13c880860, 0x000001e13c88bbb0, 0x000001e13c892450,
0x000001e13c894110, 0x000001e13c895ed0, 0x000001e13ca09f60, 0x000001e13ca0a430,
0x000001e13cc424d0, 0x000001e13e15c070, 0x000001e13ef6d2f0, 0x000001e13ecdd970,
0x000001e13f25a6c0, 0x000001e13ec4f520, 0x000001e13d7a9130, 0x000001e13ed7b5a0,
0x000001e13f73aa90, 0x000001e13ef25a10, 0x000001e13ef27220, 0x000001e13ef26d50,
0x000001e13ef246d0, 0x000001e13ef276f0, 0x000001e13ef24200, 0x000001e13ef25ee0,
0x000001e13ef25540, 0x000001e13ef263b0, 0x000001e13ef26880, 0x000001e13ef24ba0,
0x000001e13ef27bc0, 0x000001e13ef25070, 0x000001e142b595c0, 0x000001e142b590f0,
0x000001e142b543f0
}

Java Threads: ( => current thread )
  0x000001e121fd9090 JavaThread "main" [_thread_blocked, id=2948, stack(0x00000038b9c00000,0x00000038b9d00000)]
  0x000001e13c836260 JavaThread "Reference Handler" daemon [_thread_blocked, id=15692, stack(0x00000038ba300000,0x00000038ba400000)]
  0x000001e13c8377c0 JavaThread "Finalizer" daemon [_thread_blocked, id=14900, stack(0x00000038ba400000,0x00000038ba500000)]
  0x000001e13c87efe0 JavaThread "Signal Dispatcher" daemon [_thread_blocked, id=18604, stack(0x00000038ba500000,0x00000038ba600000)]
  0x000001e13c87fcb0 JavaThread "Attach Listener" daemon [_thread_blocked, id=10596, stack(0x00000038ba600000,0x00000038ba700000)]
  0x000001e13c880860 JavaThread "Service Thread" daemon [_thread_blocked, id=11268, stack(0x00000038ba700000,0x00000038ba800000)]
  0x000001e13c88bbb0 JavaThread "Monitor Deflation Thread" daemon [_thread_blocked, id=6828, stack(0x00000038ba800000,0x00000038ba900000)]
  0x000001e13c892450 JavaThread "C2 CompilerThread0" daemon [_thread_in_native, id=6684, stack(0x00000038ba900000,0x00000038baa00000)]
  0x000001e13c894110 JavaThread "C1 CompilerThread0" daemon [_thread_in_native, id=6572, stack(0x00000038baa00000,0x00000038bab00000)]
  0x000001e13c895ed0 JavaThread "Sweeper thread" daemon [_thread_blocked, id=2868, stack(0x00000038bab00000,0x00000038bac00000)]
  0x000001e13ca09f60 JavaThread "Common-Cleaner" daemon [_thread_blocked, id=18100, stack(0x00000038bac00000,0x00000038bad00000)]
  0x000001e13ca0a430 JavaThread "Notification Thread" daemon [_thread_blocked, id=1304, stack(0x00000038bad00000,0x00000038bae00000)]
  0x000001e13cc424d0 JavaThread "C2 CompilerThread1" daemon [_thread_in_native, id=8992, stack(0x00000038baf00000,0x00000038bb000000)]
=>0x000001e13e15c070 JavaThread "C2 CompilerThread2" daemon [_thread_in_native, id=13456, stack(0x00000038bb500000,0x00000038bb600000)]
  0x000001e13ef6d2f0 JavaThread "Daemon health stats" [_thread_blocked, id=14352, stack(0x00000038bb600000,0x00000038bb700000)]
  0x000001e13ecdd970 JavaThread "Incoming local TCP Connector on port 55976" [_thread_in_native, id=14200, stack(0x00000038bb700000,0x00000038bb800000)]
  0x000001e13f25a6c0 JavaThread "Daemon periodic checks" [_thread_blocked, id=19000, stack(0x00000038bb800000,0x00000038bb900000)]
  0x000001e13ec4f520 JavaThread "Daemon" [_thread_blocked, id=6444, stack(0x00000038bb900000,0x00000038bba00000)]
  0x000001e13d7a9130 JavaThread "Handler for socket connection from /127.0.0.1:55976 to /127.0.0.1:55977" [_thread_in_native, id=4016, stack(0x00000038bba00000,0x00000038bbb00000)]
  0x000001e13ed7b5a0 JavaThread "Cancel handler" [_thread_blocked, id=9172, stack(0x00000038bbb00000,0x00000038bbc00000)]
  0x000001e13f73aa90 JavaThread "Daemon worker" [_thread_in_vm, id=13540, stack(0x00000038bbc00000,0x00000038bbd00000)]
  0x000001e13ef25a10 JavaThread "Asynchronous log dispatcher for DefaultDaemonConnection: socket connection from /127.0.0.1:55976 to /127.0.0.1:55977" [_thread_blocked, id=17156, stack(0x00000038bbd00000,0x00000038bbe00000)]
  0x000001e13ef27220 JavaThread "Stdin handler" [_thread_blocked, id=17016, stack(0x00000038bbe00000,0x00000038bbf00000)]
  0x000001e13ef26d50 JavaThread "Daemon client event forwarder" [_thread_blocked, id=16732, stack(0x00000038bbf00000,0x00000038bc000000)]
  0x000001e13ef246d0 JavaThread "Cache worker for journal cache (C:\Users\Acer\.gradle\caches\journal-1)" [_thread_blocked, id=12776, stack(0x00000038bc300000,0x00000038bc400000)]
  0x000001e13ef276f0 JavaThread "File lock request listener" [_thread_in_native, id=1656, stack(0x00000038bc400000,0x00000038bc500000)]
  0x000001e13ef24200 JavaThread "Cache worker for file hash cache (C:\Users\Acer\.gradle\caches\8.0\fileHashes)" [_thread_blocked, id=5588, stack(0x00000038bc500000,0x00000038bc600000)]
  0x000001e13ef25ee0 JavaThread "File watcher server" daemon [_thread_in_native, id=7692, stack(0x00000038bc600000,0x00000038bc700000)]
  0x000001e13ef25540 JavaThread "File watcher consumer" daemon [_thread_blocked, id=11984, stack(0x00000038bc700000,0x00000038bc800000)]
  0x000001e13ef263b0 JavaThread "Cache worker for checksums cache (D:\mon_hoc\mobile\Mob_Todo\client\.gradle\8.0\checksums)" [_thread_blocked, id=15752, stack(0x00000038bc800000,0x00000038bc900000)]
  0x000001e13ef26880 JavaThread "Cache worker for cache directory md-rule (C:\Users\Acer\.gradle\caches\8.0\md-rule)" [_thread_blocked, id=12780, stack(0x00000038bc900000,0x00000038bca00000)]
  0x000001e13ef24ba0 JavaThread "Cache worker for file content cache (C:\Users\Acer\.gradle\caches\8.0\fileContent)" [_thread_blocked, id=5816, stack(0x00000038bca00000,0x00000038bcb00000)]
  0x000001e13ef27bc0 JavaThread "Cache worker for file hash cache (D:\mon_hoc\mobile\Mob_Todo\client\.gradle\8.0\fileHashes)" [_thread_blocked, id=9084, stack(0x00000038bcb00000,0x00000038bcc00000)]
  0x000001e13ef25070 JavaThread "Cache worker for cache directory md-supplier (C:\Users\Acer\.gradle\caches\8.0\md-supplier)" [_thread_blocked, id=17096, stack(0x00000038bcc00000,0x00000038bcd00000)]
  0x000001e142b595c0 JavaThread "Cache worker for execution history cache (C:\Users\Acer\.gradle\caches\8.0\executionHistory)" [_thread_blocked, id=9236, stack(0x00000038bcd00000,0x00000038bce00000)]
  0x000001e142b590f0 JavaThread "jar transforms" [_thread_blocked, id=6592, stack(0x00000038bce00000,0x00000038bcf00000)]
  0x000001e142b543f0 JavaThread "jar transforms Thread 2" [_thread_blocked, id=11108, stack(0x00000038bcf00000,0x00000038bd000000)]

Other Threads:
  0x000001e13be4ecc0 VMThread "VM Thread" [stack: 0x00000038ba200000,0x00000038ba300000] [id=14748]
  0x000001e13ca0a900 WatcherThread [stack: 0x00000038bae00000,0x00000038baf00000] [id=7996]
  0x000001e122036720 GCTaskThread "GC Thread#0" [stack: 0x00000038b9d00000,0x00000038b9e00000] [id=13304]
  0x000001e13d7aa060 GCTaskThread "GC Thread#1" [stack: 0x00000038bb000000,0x00000038bb100000] [id=14000]
  0x000001e13d7aa310 GCTaskThread "GC Thread#2" [stack: 0x00000038bb100000,0x00000038bb200000] [id=4804]
  0x000001e13d851740 GCTaskThread "GC Thread#3" [stack: 0x00000038bb200000,0x00000038bb300000] [id=7272]
  0x000001e13d8519f0 GCTaskThread "GC Thread#4" [stack: 0x00000038bb300000,0x00000038bb400000] [id=18840]
  0x000001e13d5152a0 GCTaskThread "GC Thread#5" [stack: 0x00000038bb400000,0x00000038bb500000] [id=13124]
  0x000001e13ed4cd10 GCTaskThread "GC Thread#6" [stack: 0x00000038bc000000,0x00000038bc100000] [id=4336]
  0x000001e13ef6aff0 GCTaskThread "GC Thread#7" [stack: 0x00000038bc100000,0x00000038bc200000] [id=18152]
  0x000001e122047660 ConcurrentGCThread "G1 Main Marker" [stack: 0x00000038b9e00000,0x00000038b9f00000] [id=7220]
  0x000001e122048070 ConcurrentGCThread "G1 Conc#0" [stack: 0x00000038b9f00000,0x00000038ba000000] [id=17588]
  0x000001e13f1f3070 ConcurrentGCThread "G1 Conc#1" [stack: 0x00000038bc200000,0x00000038bc300000] [id=7228]
  0x000001e12209d940 ConcurrentGCThread "G1 Refine#0" [stack: 0x00000038ba000000,0x00000038ba100000] [id=4036]
  0x000001e12209e360 ConcurrentGCThread "G1 Service" [stack: 0x00000038ba100000,0x00000038ba200000] [id=17436]

Threads with active compile tasks:
C2 CompilerThread0     2910 2729       4       java.lang.invoke.MethodType::makeImpl (109 bytes)
C2 CompilerThread2     2910 2712   !   4       java.lang.reflect.Executable::declaredAnnotations (85 bytes)

VM state: not at safepoint (normal execution)

VM Mutex/Monitor currently owned by a thread: None

Heap address: 0x0000000080000000, size: 2048 MB, Compressed Oops mode: 32-bit

CDS archive(s) not mapped
Compressed class space mapped at: 0x0000000100000000-0x0000000140000000, reserved size: 1073741824
Narrow klass base: 0x0000000000000000, Narrow klass shift: 3, Narrow klass range: 0x140000000

GC Precious Log:
 CPUs: 8 total, 8 available
 Memory: 16179M
 Large Page Support: Disabled
 NUMA Support: Disabled
 Compressed Oops: Enabled (32-bit)
 Heap Region Size: 1M
 Heap Min Capacity: 8M
 Heap Initial Capacity: 254M
 Heap Max Capacity: 2G
 Pre-touch: Disabled
 Parallel Workers: 8
 Concurrent Workers: 2
 Concurrent Refinement Workers: 8
 Periodic GC: Disabled

Heap:
 garbage-first heap   total 68608K, used 41276K [0x0000000080000000, 0x0000000100000000)
  region size 1024K, 23 young (23552K), 2 survivors (2048K)
 Metaspace       used 34142K, committed 34496K, reserved 1081344K
  class space    used 4710K, committed 4864K, reserved 1048576K

Heap Regions: E=young(eden), S=young(survivor), O=old, HS=humongous(starts), HC=humongous(continues), CS=collection set, F=free, OA=open archive, CA=closed archive, TAMS=top-at-mark-start (previous, next)
|   0|0x0000000080000000, 0x0000000080100000, 0x0000000080100000|100%|HS|  |TAMS 0x0000000080100000, 0x0000000080000000| Complete 
|   1|0x0000000080100000, 0x0000000080200000, 0x0000000080200000|100%|HC|  |TAMS 0x0000000080200000, 0x0000000080100000| Complete 
|   2|0x0000000080200000, 0x0000000080300000, 0x0000000080300000|100%|HC|  |TAMS 0x0000000080300000, 0x0000000080200000| Complete 
|   3|0x0000000080300000, 0x0000000080400000, 0x0000000080400000|100%|HC|  |TAMS 0x0000000080400000, 0x0000000080300000| Complete 
|   4|0x0000000080400000, 0x0000000080500000, 0x0000000080500000|100%| O|  |TAMS 0x0000000080500000, 0x0000000080400000| Untracked 
|   5|0x0000000080500000, 0x0000000080600000, 0x0000000080600000|100%| O|  |TAMS 0x0000000080600000, 0x0000000080500000| Untracked 
|   6|0x0000000080600000, 0x0000000080700000, 0x0000000080700000|100%| O|  |TAMS 0x0000000080700000, 0x0000000080600000| Untracked 
|   7|0x0000000080700000, 0x0000000080800000, 0x0000000080800000|100%| O|  |TAMS 0x0000000080800000, 0x0000000080700000| Untracked 
|   8|0x0000000080800000, 0x0000000080900000, 0x0000000080900000|100%| O|  |TAMS 0x0000000080800000, 0x0000000080800000| Untracked 
|   9|0x0000000080900000, 0x0000000080a00000, 0x0000000080a00000|100%| O|  |TAMS 0x0000000080a00000, 0x0000000080900000| Untracked 
|  10|0x0000000080a00000, 0x0000000080b00000, 0x0000000080b00000|100%| O|  |TAMS 0x0000000080b00000, 0x0000000080a00000| Untracked 
|  11|0x0000000080b00000, 0x0000000080b00000, 0x0000000080c00000|  0%| F|  |TAMS 0x0000000080b00000, 0x0000000080b00000| Untracked 
|  12|0x0000000080c00000, 0x0000000080d00000, 0x0000000080d00000|100%| O|  |TAMS 0x0000000080c00000, 0x0000000080c00000| Untracked 
|  13|0x0000000080d00000, 0x0000000080e00000, 0x0000000080e00000|100%| O|  |TAMS 0x0000000080d00000, 0x0000000080d00000| Untracked 
|  14|0x0000000080e00000, 0x0000000080f00000, 0x0000000080f00000|100%| O|  |TAMS 0x0000000080e00000, 0x0000000080e00000| Untracked 
|  15|0x0000000080f00000, 0x0000000081000000, 0x0000000081000000|100%| O|  |TAMS 0x0000000080f00000, 0x0000000080f00000| Untracked 
|  16|0x0000000081000000, 0x0000000081100000, 0x0000000081100000|100%| O|  |TAMS 0x0000000081000000, 0x0000000081000000| Untracked 
|  17|0x0000000081100000, 0x0000000081200000, 0x0000000081200000|100%| O|  |TAMS 0x0000000081100000, 0x0000000081100000| Untracked 
|  18|0x0000000081200000, 0x0000000081300000, 0x0000000081300000|100%| O|  |TAMS 0x0000000081200000, 0x0000000081200000| Untracked 
|  19|0x0000000081300000, 0x0000000081400000, 0x0000000081400000|100%| O|  |TAMS 0x0000000081300000, 0x0000000081300000| Untracked 
|  20|0x0000000081400000, 0x00000000814c6000, 0x0000000081500000| 77%| O|  |TAMS 0x0000000081400000, 0x0000000081400000| Untracked 
|  21|0x0000000081500000, 0x0000000081500000, 0x0000000081600000|  0%| F|  |TAMS 0x0000000081500000, 0x0000000081500000| Untracked 
|  22|0x0000000081600000, 0x0000000081600000, 0x0000000081700000|  0%| F|  |TAMS 0x0000000081600000, 0x0000000081600000| Untracked 
|  23|0x0000000081700000, 0x0000000081700000, 0x0000000081800000|  0%| F|  |TAMS 0x0000000081700000, 0x0000000081700000| Untracked 
|  24|0x0000000081800000, 0x0000000081800000, 0x0000000081900000|  0%| F|  |TAMS 0x0000000081800000, 0x0000000081800000| Untracked 
|  25|0x0000000081900000, 0x0000000081900000, 0x0000000081a00000|  0%| F|  |TAMS 0x0000000081900000, 0x0000000081900000| Untracked 
|  26|0x0000000081a00000, 0x0000000081a00000, 0x0000000081b00000|  0%| F|  |TAMS 0x0000000081a00000, 0x0000000081a00000| Untracked 
|  27|0x0000000081b00000, 0x0000000081b00000, 0x0000000081c00000|  0%| F|  |TAMS 0x0000000081b00000, 0x0000000081b00000| Untracked 
|  28|0x0000000081c00000, 0x0000000081c00000, 0x0000000081d00000|  0%| F|  |TAMS 0x0000000081c00000, 0x0000000081c00000| Untracked 
|  29|0x0000000081d00000, 0x0000000081d00000, 0x0000000081e00000|  0%| F|  |TAMS 0x0000000081d00000, 0x0000000081d00000| Untracked 
|  30|0x0000000081e00000, 0x0000000081e00000, 0x0000000081f00000|  0%| F|  |TAMS 0x0000000081e00000, 0x0000000081e00000| Untracked 
|  31|0x0000000081f00000, 0x0000000081f00000, 0x0000000082000000|  0%| F|  |TAMS 0x0000000081f00000, 0x0000000081f00000| Untracked 
|  32|0x0000000082000000, 0x0000000082000000, 0x0000000082100000|  0%| F|  |TAMS 0x0000000082000000, 0x0000000082000000| Untracked 
|  33|0x0000000082100000, 0x0000000082100000, 0x0000000082200000|  0%| F|  |TAMS 0x0000000082100000, 0x0000000082100000| Untracked 
|  34|0x0000000082200000, 0x0000000082200000, 0x0000000082300000|  0%| F|  |TAMS 0x0000000082200000, 0x0000000082200000| Untracked 
|  35|0x0000000082300000, 0x0000000082300000, 0x0000000082400000|  0%| F|  |TAMS 0x0000000082300000, 0x0000000082300000| Untracked 
|  36|0x0000000082400000, 0x0000000082400000, 0x0000000082500000|  0%| F|  |TAMS 0x0000000082400000, 0x0000000082400000| Untracked 
|  37|0x0000000082500000, 0x0000000082500000, 0x0000000082600000|  0%| F|  |TAMS 0x0000000082500000, 0x0000000082500000| Untracked 
|  38|0x0000000082600000, 0x00000000826892c0, 0x0000000082700000| 53%| S|CS|TAMS 0x0000000082600000, 0x0000000082600000| Complete 
|  39|0x0000000082700000, 0x0000000082800000, 0x0000000082800000|100%| S|CS|TAMS 0x0000000082700000, 0x0000000082700000| Complete 
|  40|0x0000000082800000, 0x0000000082800000, 0x0000000082900000|  0%| F|  |TAMS 0x0000000082800000, 0x0000000082800000| Untracked 
|  41|0x0000000082900000, 0x0000000082900000, 0x0000000082a00000|  0%| F|  |TAMS 0x0000000082900000, 0x0000000082900000| Untracked 
|  42|0x0000000082a00000, 0x0000000082a00000, 0x0000000082b00000|  0%| F|  |TAMS 0x0000000082a00000, 0x0000000082a00000| Untracked 
|  43|0x0000000082b00000, 0x0000000082b00000, 0x0000000082c00000|  0%| F|  |TAMS 0x0000000082b00000, 0x0000000082b00000| Untracked 
|  44|0x0000000082c00000, 0x0000000082c00000, 0x0000000082d00000|  0%| F|  |TAMS 0x0000000082c00000, 0x0000000082c00000| Untracked 
|  45|0x0000000082d00000, 0x0000000082d00000, 0x0000000082e00000|  0%| F|  |TAMS 0x0000000082d00000, 0x0000000082d00000| Untracked 
|  46|0x0000000082e00000, 0x0000000082f00000, 0x0000000082f00000|100%| E|  |TAMS 0x0000000082e00000, 0x0000000082e00000| Complete 
|  47|0x0000000082f00000, 0x0000000083000000, 0x0000000083000000|100%| E|CS|TAMS 0x0000000082f00000, 0x0000000082f00000| Complete 
|  48|0x0000000083000000, 0x0000000083100000, 0x0000000083100000|100%| E|CS|TAMS 0x0000000083000000, 0x0000000083000000| Complete 
|  49|0x0000000083100000, 0x0000000083200000, 0x0000000083200000|100%| E|CS|TAMS 0x0000000083100000, 0x0000000083100000| Complete 
|  50|0x0000000083200000, 0x0000000083300000, 0x0000000083300000|100%| E|CS|TAMS 0x0000000083200000, 0x0000000083200000| Complete 
|  51|0x0000000083300000, 0x0000000083400000, 0x0000000083400000|100%| E|CS|TAMS 0x0000000083300000, 0x0000000083300000| Complete 
|  52|0x0000000083400000, 0x0000000083500000, 0x0000000083500000|100%| E|CS|TAMS 0x0000000083400000, 0x0000000083400000| Complete 
|  53|0x0000000083500000, 0x0000000083600000, 0x0000000083600000|100%| E|CS|TAMS 0x0000000083500000, 0x0000000083500000| Complete 
|  54|0x0000000083600000, 0x0000000083700000, 0x0000000083700000|100%| E|  |TAMS 0x0000000083600000, 0x0000000083600000| Complete 
|  55|0x0000000083700000, 0x0000000083800000, 0x0000000083800000|100%| E|CS|TAMS 0x0000000083700000, 0x0000000083700000| Complete 
|  56|0x0000000083800000, 0x0000000083900000, 0x0000000083900000|100%| E|CS|TAMS 0x0000000083800000, 0x0000000083800000| Complete 
|  57|0x0000000083900000, 0x0000000083a00000, 0x0000000083a00000|100%| E|CS|TAMS 0x0000000083900000, 0x0000000083900000| Complete 
| 205|0x000000008cd00000, 0x000000008ce00000, 0x000000008ce00000|100%| E|CS|TAMS 0x000000008cd00000, 0x000000008cd00000| Complete 
| 206|0x000000008ce00000, 0x000000008cf00000, 0x000000008cf00000|100%| E|CS|TAMS 0x000000008ce00000, 0x000000008ce00000| Complete 
| 207|0x000000008cf00000, 0x000000008d000000, 0x000000008d000000|100%| E|CS|TAMS 0x000000008cf00000, 0x000000008cf00000| Complete 
| 208|0x000000008d000000, 0x000000008d100000, 0x000000008d100000|100%| E|CS|TAMS 0x000000008d000000, 0x000000008d000000| Complete 
| 209|0x000000008d100000, 0x000000008d200000, 0x000000008d200000|100%| E|CS|TAMS 0x000000008d100000, 0x000000008d100000| Complete 
| 210|0x000000008d200000, 0x000000008d300000, 0x000000008d300000|100%| E|CS|TAMS 0x000000008d200000, 0x000000008d200000| Complete 
| 211|0x000000008d300000, 0x000000008d400000, 0x000000008d400000|100%| E|CS|TAMS 0x000000008d300000, 0x000000008d300000| Complete 
| 212|0x000000008d400000, 0x000000008d500000, 0x000000008d500000|100%| E|CS|TAMS 0x000000008d400000, 0x000000008d400000| Complete 
| 253|0x000000008fd00000, 0x000000008fe00000, 0x000000008fe00000|100%| E|CS|TAMS 0x000000008fd00000, 0x000000008fd00000| Complete 

Card table byte_map: [0x000001e134bd0000,0x000001e134fd0000] _byte_map_base: 0x000001e1347d0000

Marking Bits (Prev, Next): (CMBitMap*) 0x000001e122036d70, (CMBitMap*) 0x000001e122036d30
 Prev Bits: [0x000001e1373d0000, 0x000001e1393d0000)
 Next Bits: [0x000001e1353d0000, 0x000001e1373d0000)

Polling page: 0x000001e1217a0000

Metaspace:

Usage:
  Non-class:     28.76 MB used.
      Class:      4.60 MB used.
       Both:     33.36 MB used.

Virtual space:
  Non-class space:       32.00 MB reserved,      28.94 MB ( 90%) committed,  4 nodes.
      Class space:        1.00 GB reserved,       4.75 MB ( <1%) committed,  1 nodes.
             Both:        1.03 GB reserved,      33.69 MB (  3%) committed. 

Chunk freelists:
   Non-Class:  2.84 MB
       Class:  3.12 MB
        Both:  5.97 MB

MaxMetaspaceSize: unlimited
CompressedClassSpaceSize: 1.00 GB
Initial GC threshold: 21.00 MB
Current GC threshold: 35.12 MB
CDS: off
MetaspaceReclaimPolicy: balanced
 - commit_granule_bytes: 65536.
 - commit_granule_words: 8192.
 - virtual_space_node_default_size: 1048576.
 - enlarge_chunks_in_place: 1.
 - new_chunks_are_fully_committed: 0.
 - uncommit_free_chunks: 1.
 - use_allocation_guard: 0.
 - handle_deallocations: 1.


Internal statistics:

num_allocs_failed_limit: 3.
num_arena_births: 274.
num_arena_deaths: 0.
num_vsnodes_births: 5.
num_vsnodes_deaths: 0.
num_space_committed: 539.
num_space_uncommitted: 0.
num_chunks_returned_to_freelist: 3.
num_chunks_taken_from_freelist: 1224.
num_chunk_merges: 3.
num_chunk_splits: 811.
num_chunks_enlarged: 589.
num_purges: 0.
num_inconsistent_stats: 0.

CodeHeap 'non-profiled nmethods': size=120000Kb used=1610Kb max_used=1610Kb free=118389Kb
 bounds [0x000001e12cf70000, 0x000001e12d1e0000, 0x000001e1344a0000]
CodeHeap 'profiled nmethods': size=120000Kb used=5820Kb max_used=5820Kb free=114180Kb
 bounds [0x000001e1254a0000, 0x000001e125a50000, 0x000001e12c9d0000]
CodeHeap 'non-nmethods': size=5760Kb used=1244Kb max_used=1283Kb free=4515Kb
 bounds [0x000001e12c9d0000, 0x000001e12cc40000, 0x000001e12cf70000]
 total_blobs=3379 nmethods=2838 adapters=453
 compilation: enabled
              stopped_count=0, restarted_count=0
 full_count=0

Compilation events (20 events):
Event: 2.885 Thread 0x000001e13c894110 nmethod 2808 0x000001e125a3d690 code [0x000001e125a3d820, 0x000001e125a3d978]
Event: 2.885 Thread 0x000001e13c894110 2804       3       java.lang.invoke.MethodHandles$Lookup::getDirectConstructor (10 bytes)
Event: 2.886 Thread 0x000001e13c894110 nmethod 2804 0x000001e125a3da10 code [0x000001e125a3dba0, 0x000001e125a3dce8]
Event: 2.886 Thread 0x000001e13c894110 2806       3       java.lang.invoke.DirectMethodHandle$Constructor::viewAsType (49 bytes)
Event: 2.886 Thread 0x000001e13c894110 nmethod 2806 0x000001e125a3dd90 code [0x000001e125a3df40, 0x000001e125a3e108]
Event: 2.886 Thread 0x000001e13cc424d0 nmethod 2809 0x000001e12d0fd810 code [0x000001e12d0fd980, 0x000001e12d0fda58]
Event: 2.887 Thread 0x000001e13c894110 2810       3       java.util.concurrent.atomic.AtomicReferenceArray::length (6 bytes)
Event: 2.887 Thread 0x000001e13c894110 nmethod 2810 0x000001e125a3e210 code [0x000001e125a3e3a0, 0x000001e125a3e4b8]
Event: 2.888 Thread 0x000001e13cc424d0 2811       4       java.io.DataInputStream::readFully (59 bytes)
Event: 2.889 Thread 0x000001e13cc424d0 nmethod 2811 0x000001e12d0fdb90 code [0x000001e12d0fdd20, 0x000001e12d0fde78]
Event: 2.889 Thread 0x000001e13cc424d0 2813  s    4       java.io.BufferedInputStream::read (113 bytes)
Event: 2.892 Thread 0x000001e13c894110 2816   !   3       java.lang.invoke.MethodHandles$Lookup::revealDirect (196 bytes)
Event: 2.893 Thread 0x000001e13c894110 nmethod 2816 0x000001e125a3e590 code [0x000001e125a3e8e0, 0x000001e125a3fc68]
Event: 2.893 Thread 0x000001e13c894110 2820       3       java.lang.invoke.AbstractValidatingLambdaMetafactory::checkDescriptor (133 bytes)
Event: 2.894 Thread 0x000001e13c894110 nmethod 2820 0x000001e125a40390 code [0x000001e125a407c0, 0x000001e125a42b18]
Event: 2.894 Thread 0x000001e13c894110 2817       3       java.lang.invoke.InfoFromMemberName::<init> (72 bytes)
Event: 2.894 Thread 0x000001e13c894110 nmethod 2817 0x000001e125a43690 code [0x000001e125a43840, 0x000001e125a43a18]
Event: 2.894 Thread 0x000001e13c894110 2818       3       java.lang.invoke.InnerClassLambdaMetafactory::lambdaClassName (57 bytes)
Event: 2.895 Thread 0x000001e13c894110 nmethod 2818 0x000001e125a43b10 code [0x000001e125a43da0, 0x000001e125a445c8]
Event: 2.895 Thread 0x000001e13c894110 2819       3       java.lang.invoke.AbstractValidatingLambdaMetafactory::isAdaptableToAsReturn (36 bytes)

GC Heap History (12 events):
Event: 0.523 GC heap before
{Heap before GC invocations=0 (full 0):
 garbage-first heap   total 260096K, used 27648K [0x0000000080000000, 0x0000000100000000)
  region size 1024K, 23 young (23552K), 0 survivors (0K)
 Metaspace       used 10256K, committed 10432K, reserved 1064960K
  class space    used 1058K, committed 1152K, reserved 1048576K
}
Event: 0.525 GC heap after
{Heap after GC invocations=1 (full 0):
 garbage-first heap   total 260096K, used 10276K [0x0000000080000000, 0x0000000100000000)
  region size 1024K, 3 young (3072K), 3 survivors (3072K)
 Metaspace       used 10256K, committed 10432K, reserved 1064960K
  class space    used 1058K, committed 1152K, reserved 1048576K
}
Event: 0.799 GC heap before
{Heap before GC invocations=1 (full 0):
 garbage-first heap   total 260096K, used 40996K [0x0000000080000000, 0x0000000100000000)
  region size 1024K, 32 young (32768K), 3 survivors (3072K)
 Metaspace       used 11200K, committed 11456K, reserved 1064960K
  class space    used 1161K, committed 1280K, reserved 1048576K
}
Event: 0.802 GC heap after
{Heap after GC invocations=2 (full 0):
 garbage-first heap   total 260096K, used 14638K [0x0000000080000000, 0x0000000100000000)
  region size 1024K, 4 young (4096K), 4 survivors (4096K)
 Metaspace       used 11200K, committed 11456K, reserved 1064960K
  class space    used 1161K, committed 1280K, reserved 1048576K
}
Event: 1.415 GC heap before
{Heap before GC invocations=2 (full 0):
 garbage-first heap   total 260096K, used 51502K [0x0000000080000000, 0x0000000100000000)
  region size 1024K, 41 young (41984K), 4 survivors (4096K)
 Metaspace       used 21296K, committed 21504K, reserved 1073152K
  class space    used 2601K, committed 2688K, reserved 1048576K
}
Event: 1.419 GC heap after
{Heap after GC invocations=3 (full 0):
 garbage-first heap   total 260096K, used 18255K [0x0000000080000000, 0x0000000100000000)
  region size 1024K, 8 young (8192K), 8 survivors (8192K)
 Metaspace       used 21296K, committed 21504K, reserved 1073152K
  class space    used 2601K, committed 2688K, reserved 1048576K
}
Event: 2.052 GC heap before
{Heap before GC invocations=4 (full 0):
 garbage-first heap   total 68608K, used 49999K [0x0000000080000000, 0x0000000100000000)
  region size 1024K, 40 young (40960K), 8 survivors (8192K)
 Metaspace       used 26216K, committed 26560K, reserved 1073152K
  class space    used 3450K, committed 3584K, reserved 1048576K
}
Event: 2.058 GC heap after
{Heap after GC invocations=5 (full 0):
 garbage-first heap   total 68608K, used 20448K [0x0000000080000000, 0x0000000100000000)
  region size 1024K, 3 young (3072K), 3 survivors (3072K)
 Metaspace       used 26216K, committed 26560K, reserved 1073152K
  class space    used 3450K, committed 3584K, reserved 1048576K
}
Event: 2.076 GC heap before
{Heap before GC invocations=5 (full 0):
 garbage-first heap   total 68608K, used 21472K [0x0000000080000000, 0x0000000100000000)
  region size 1024K, 4 young (4096K), 3 survivors (3072K)
 Metaspace       used 26414K, committed 26752K, reserved 1073152K
  class space    used 3484K, committed 3648K, reserved 1048576K
}
Event: 2.078 GC heap after
{Heap after GC invocations=6 (full 0):
 garbage-first heap   total 68608K, used 20647K [0x0000000080000000, 0x0000000100000000)
  region size 1024K, 1 young (1024K), 1 survivors (1024K)
 Metaspace       used 26414K, committed 26752K, reserved 1073152K
  class space    used 3484K, committed 3648K, reserved 1048576K
}
Event: 2.551 GC heap before
{Heap before GC invocations=6 (full 0):
 garbage-first heap   total 68608K, used 47271K [0x0000000080000000, 0x0000000100000000)
  region size 1024K, 27 young (27648K), 1 survivors (1024K)
 Metaspace       used 30602K, committed 30912K, reserved 1081344K
  class space    used 4163K, committed 4288K, reserved 1048576K
}
Event: 2.552 GC heap after
{Heap after GC invocations=7 (full 0):
 garbage-first heap   total 68608K, used 21820K [0x0000000080000000, 0x0000000100000000)
  region size 1024K, 2 young (2048K), 2 survivors (2048K)
 Metaspace       used 30602K, committed 30912K, reserved 1081344K
  class space    used 4163K, committed 4288K, reserved 1048576K
}

Dll operation events (2 events):
Event: 0.005 Loaded shared library C:\Program Files\Android\Android Studio1\jbr\bin\java.dll
Event: 0.311 Loaded shared library C:\Program Files\Android\Android Studio1\jbr\bin\verify.dll

Deoptimization events (20 events):
Event: 1.502 Thread 0x000001e13f73aa90 DEOPT PACKING pc=0x000001e12cfddb1c sp=0x00000038bbcfce40
Event: 1.502 Thread 0x000001e13f73aa90 DEOPT UNPACKING pc=0x000001e12ca2a1a3 sp=0x00000038bbcfce10 mode 2
Event: 1.878 Thread 0x000001e13f73aa90 Uncommon trap: trap_request=0xffffff45 fr.pc=0x000001e12d0663d0 relative=0x0000000000000310
Event: 1.878 Thread 0x000001e13f73aa90 Uncommon trap: reason=unstable_if action=reinterpret pc=0x000001e12d0663d0 method=java.util.HashMap.getNode(Ljava/lang/Object;)Ljava/util/HashMap$Node; @ 131 c2
Event: 1.878 Thread 0x000001e13f73aa90 DEOPT PACKING pc=0x000001e12d0663d0 sp=0x00000038bbcfaef0
Event: 1.879 Thread 0x000001e13f73aa90 DEOPT UNPACKING pc=0x000001e12ca2a1a3 sp=0x00000038bbcfae10 mode 2
Event: 2.062 Thread 0x000001e13f73aa90 Uncommon trap: trap_request=0xffffff45 fr.pc=0x000001e12cf9adf4 relative=0x00000000000000d4
Event: 2.062 Thread 0x000001e13f73aa90 Uncommon trap: reason=unstable_if action=reinterpret pc=0x000001e12cf9adf4 method=java.util.HashMap.hash(Ljava/lang/Object;)I @ 1 c2
Event: 2.062 Thread 0x000001e13f73aa90 DEOPT PACKING pc=0x000001e12cf9adf4 sp=0x00000038bbcf9e20
Event: 2.062 Thread 0x000001e13f73aa90 DEOPT UNPACKING pc=0x000001e12ca2a1a3 sp=0x00000038bbcf9d60 mode 2
Event: 2.200 Thread 0x000001e13f73aa90 Uncommon trap: trap_request=0xffffff76 fr.pc=0x000001e12d0c6d18 relative=0x0000000000000178
Event: 2.200 Thread 0x000001e13f73aa90 Uncommon trap: reason=predicate action=maybe_recompile pc=0x000001e12d0c6d18 method=com.google.common.base.CharMatcher.indexIn(Ljava/lang/CharSequence;I)I @ 19 c2
Event: 2.200 Thread 0x000001e13f73aa90 DEOPT PACKING pc=0x000001e12d0c6d18 sp=0x00000038bbcfb760
Event: 2.200 Thread 0x000001e13f73aa90 DEOPT UNPACKING pc=0x000001e12ca2a1a3 sp=0x00000038bbcfb6f0 mode 2
Event: 2.518 Thread 0x000001e13f73aa90 Uncommon trap: trap_request=0xffffff45 fr.pc=0x000001e12cfbcf6c relative=0x00000000000005ac
Event: 2.518 Thread 0x000001e13f73aa90 Uncommon trap: reason=unstable_if action=reinterpret pc=0x000001e12cfbcf6c method=java.util.HashMap.hash(Ljava/lang/Object;)I @ 1 c2
Event: 2.518 Thread 0x000001e13f73aa90 DEOPT PACKING pc=0x000001e12cfbcf6c sp=0x00000038bbcf7c20
Event: 2.518 Thread 0x000001e13f73aa90 DEOPT UNPACKING pc=0x000001e12ca2a1a3 sp=0x00000038bbcf7ac8 mode 2
Event: 2.677 Thread 0x000001e13f73aa90 DEOPT PACKING pc=0x000001e125813c54 sp=0x00000038bbcf4a10
Event: 2.677 Thread 0x000001e13f73aa90 DEOPT UNPACKING pc=0x000001e12ca2ace3 sp=0x00000038bbcf3f68 mode 0

Classes unloaded (0 events):
No events

Classes redefined (0 events):
No events

Internal exceptions (20 events):
Event: 2.242 Thread 0x000001e13f73aa90 Exception <a 'java/lang/NoSuchMethodError'{0x0000000083850be0}: 'int java.lang.invoke.DirectMethodHandle$Holder.invokeVirtual(java.lang.Object, java.lang.Object, java.lang.Object)'> (0x0000000083850be0) 
thrown [s\src\hotspot\share\interpreter\linkResolver.cpp, line 771]
Event: 2.435 Thread 0x000001e13f73aa90 Exception <a 'java/lang/NoSuchMethodError'{0x0000000082fa2bf8}: 'java.lang.Object java.lang.invoke.DirectMethodHandle$Holder.invokeSpecialIFC(java.lang.Object, java.lang.Object, java.lang.Object, java.lang.Object)'> (0x0000000082fa2bf8) 
thrown [s\src\hotspot\share\interpreter\linkResolver.cpp, line 771]
Event: 2.518 Thread 0x000001e13f73aa90 Implicit null exception at 0x000001e12cfbca0c to 0x000001e12cfbcf4c
Event: 2.547 Thread 0x000001e13f73aa90 Exception <a 'java/lang/NoSuchMethodError'{0x00000000828b2eb8}: 'java.lang.Object java.lang.invoke.DirectMethodHandle$Holder.invokeSpecial(java.lang.Object, java.lang.Object, java.lang.Object, java.lang.Object, java.lang.Object, java.lang.Object, java.lang.Object, java.lang.Object, java.lang.Object, java.lang.Object, java.lang.Object, java.lang.Object, java.lang.Object)'> (0x00000000828b2eb8) 
thrown [s\src\hotspot\share\interpreter\linkResolver.cpp, line 771]
Event: 2.548 Thread 0x000001e13f73aa90 Exception <a 'java/lang/NoSuchMethodError'{0x00000000828c44b0}: 'java.lang.Object java.lang.invoke.DirectMethodHandle$Holder.newInvokeSpecial(java.lang.Object, java.lang.Object, java.lang.Object, java.lang.Object, java.lang.Object, java.lang.Object, java.lang.Object, java.lang.Object, java.lang.Object, java.lang.Object, java.lang.Object)'> (0x00000000828c44b0) 
thrown [s\src\hotspot\share\interpreter\linkResolver.cpp, line 771]
Event: 2.548 Thread 0x000001e13f73aa90 Exception <a 'java/lang/NoSuchMethodError'{0x00000000828c9548}: 'java.lang.Object java.lang.invoke.Invokers$Holder.linkToTargetMethod(java.lang.Object, java.lang.Object, java.lang.Object, java.lang.Object, java.lang.Object, java.lang.Object, java.lang.Object, java.lang.Object, java.lang.Object, java.lang.Object, java.lang.Object)'> (0x00000000828c9548) 
thrown [s\src\hotspot\share\interpreter\linkResolver.cpp, line 771]
Event: 2.554 Thread 0x000001e13f73aa90 Exception <a 'java/lang/NoSuchMethodError'{0x000000008fd0ef80}: 'java.lang.Object java.lang.invoke.DirectMethodHandle$Holder.invokeSpecial(java.lang.Object, java.lang.Object, java.lang.Object, java.lang.Object, java.lang.Object, java.lang.Object, java.lang.Object, java.lang.Object, java.lang.Object, java.lang.Object, java.lang.Object, java.lang.Object, java.lang.Object, java.lang.Object)'> (0x000000008fd0ef80) 
thrown [s\src\hotspot\share\interpreter\linkResolver.cpp, line 771]
Event: 2.555 Thread 0x000001e13f73aa90 Exception <a 'java/lang/NoSuchMethodError'{0x000000008fd21300}: 'java.lang.Object java.lang.invoke.DirectMethodHandle$Holder.newInvokeSpecial(java.lang.Object, java.lang.Object, java.lang.Object, java.lang.Object, java.lang.Object, java.lang.Object, java.lang.Object, java.lang.Object, java.lang.Object, java.lang.Object, java.lang.Object, java.lang.Object)'> (0x000000008fd21300) 
thrown [s\src\hotspot\share\interpreter\linkResolver.cpp, line 771]
Event: 2.565 Thread 0x000001e13f73aa90 Exception <a 'java/lang/NoSuchMethodError'{0x000000008fd26c98}: 'java.lang.Object java.lang.invoke.Invokers$Holder.linkToTargetMethod(java.lang.Object, java.lang.Object, java.lang.Object, java.lang.Object, java.lang.Object, java.lang.Object, java.lang.Object, java.lang.Object, java.lang.Object, java.lang.Object, java.lang.Object, java.lang.Object)'> (0x000000008fd26c98) 
thrown [s\src\hotspot\share\interpreter\linkResolver.cpp, line 771]
Event: 2.657 Thread 0x000001e13f73aa90 Exception <a 'java/lang/NoSuchMethodError'{0x000000008fdbb2e8}: 'java.lang.Object java.lang.invoke.DirectMethodHandle$Holder.invokeStaticInit(java.lang.Object, java.lang.Object, java.lang.Object, java.lang.Object)'> (0x000000008fdbb2e8) 
thrown [s\src\hotspot\share\interpreter\linkResolver.cpp, line 771]
Event: 2.764 Thread 0x000001e13f73aa90 Exception <a 'java/lang/NoSuchMethodError'{0x0000000083811240}: 'java.lang.Object java.lang.invoke.DirectMethodHandle$Holder.newInvokeSpecial(java.lang.Object, java.lang.Object, java.lang.Object, java.lang.Object, java.lang.Object, java.lang.Object, java.lang.Object, java.lang.Object)'> (0x0000000083811240) 
thrown [s\src\hotspot\share\interpreter\linkResolver.cpp, line 771]
Event: 2.764 Thread 0x000001e13f73aa90 Exception <a 'java/lang/NoSuchMethodError'{0x0000000083817020}: 'java.lang.Object java.lang.invoke.Invokers$Holder.linkToTargetMethod(java.lang.Object, java.lang.Object, java.lang.Object, java.lang.Object, java.lang.Object, java.lang.Object, java.lang.Object, java.lang.Object)'> (0x0000000083817020) 
thrown [s\src\hotspot\share\interpreter\linkResolver.cpp, line 771]
Event: 2.769 Thread 0x000001e13f73aa90 Exception <a 'java/lang/IncompatibleClassChangeError'{0x00000000838792a0}: Found class java.lang.Object, but interface was expected> (0x00000000838792a0) 
thrown [s\src\hotspot\share\interpreter\linkResolver.cpp, line 838]
Event: 2.843 Thread 0x000001e13f73aa90 Exception <a 'java/lang/NoSuchMethodError'{0x0000000083297348}: 'int java.lang.invoke.DirectMethodHandle$Holder.invokeStaticInit(java.lang.Object, java.lang.Object, java.lang.Object)'> (0x0000000083297348) 
thrown [s\src\hotspot\share\interpreter\linkResolver.cpp, line 771]
Event: 2.844 Thread 0x000001e13f73aa90 Exception <a 'java/lang/NoSuchMethodError'{0x00000000832ac380}: 'java.lang.Object java.lang.invoke.DirectMethodHandle$Holder.newInvokeSpecial(java.lang.Object, java.lang.Object, long)'> (0x00000000832ac380) 
thrown [s\src\hotspot\share\interpreter\linkResolver.cpp, line 771]
Event: 2.844 Thread 0x000001e13f73aa90 Exception <a 'java/lang/NoSuchMethodError'{0x00000000832b0990}: 'java.lang.Object java.lang.invoke.Invokers$Holder.linkToTargetMethod(java.lang.Object, long, java.lang.Object)'> (0x00000000832b0990) 
thrown [s\src\hotspot\share\interpreter\linkResolver.cpp, line 771]
Event: 2.859 Thread 0x000001e13f73aa90 Exception <a 'java/lang/NoSuchMethodError'{0x00000000831acc10}: 'int java.lang.invoke.DirectMethodHandle$Holder.invokeInterface(java.lang.Object, java.lang.Object)'> (0x00000000831acc10) 
thrown [s\src\hotspot\share\interpreter\linkResolver.cpp, line 771]
Event: 2.861 Thread 0x000001e13f73aa90 Exception <a 'java/lang/NoSuchMethodError'{0x00000000831d07c8}: 'java.lang.Object java.lang.invoke.DirectMethodHandle$Holder.invokeStatic(java.lang.Object, java.lang.Object, int, java.lang.Object)'> (0x00000000831d07c8) 
thrown [s\src\hotspot\share\interpreter\linkResolver.cpp, line 771]
Event: 2.861 Thread 0x000001e13f73aa90 Exception <a 'java/lang/NoSuchMethodError'{0x00000000831d8380}: 'java.lang.Object java.lang.invoke.DirectMethodHandle$Holder.newInvokeSpecial(java.lang.Object, java.lang.Object, int, java.lang.Object)'> (0x00000000831d8380) 
thrown [s\src\hotspot\share\interpreter\linkResolver.cpp, line 771]
Event: 2.862 Thread 0x000001e13f73aa90 Exception <a 'java/lang/NoSuchMethodError'{0x00000000831dcec8}: 'java.lang.Object java.lang.invoke.DirectMethodHandle$Holder.invokeSpecial(java.lang.Object, java.lang.Object, java.lang.Object, int, java.lang.Object)'> (0x00000000831dcec8) 
thrown [s\src\hotspot\share\interpreter\linkResolver.cpp, line 771]

VM Operations (20 events):
Event: 1.424 Executing VM operation: G1Concurrent
Event: 1.425 Executing VM operation: G1Concurrent done
Event: 1.426 Executing VM operation: G1Concurrent
Event: 1.427 Executing VM operation: G1Concurrent done
Event: 1.518 Executing VM operation: HandshakeAllThreads
Event: 1.518 Executing VM operation: HandshakeAllThreads done
Event: 1.518 Executing VM operation: HandshakeAllThreads
Event: 1.518 Executing VM operation: HandshakeAllThreads done
Event: 2.052 Executing VM operation: G1CollectForAllocation
Event: 2.058 Executing VM operation: G1CollectForAllocation done
Event: 2.076 Executing VM operation: G1CollectForAllocation
Event: 2.078 Executing VM operation: G1CollectForAllocation done
Event: 2.520 Executing VM operation: HandshakeAllThreads
Event: 2.520 Executing VM operation: HandshakeAllThreads done
Event: 2.551 Executing VM operation: G1CollectForAllocation
Event: 2.552 Executing VM operation: G1CollectForAllocation done
Event: 2.760 Executing VM operation: HandshakeAllThreads
Event: 2.760 Executing VM operation: HandshakeAllThreads done
Event: 2.870 Executing VM operation: HandshakeAllThreads
Event: 2.870 Executing VM operation: HandshakeAllThreads done

Events (20 events):
Event: 2.833 loading class java/lang/ProcessBuilder
Event: 2.834 loading class java/lang/ProcessBuilder done
Event: 2.849 loading class java/nio/file/FileTreeWalker
Event: 2.849 loading class java/nio/file/FileTreeWalker done
Event: 2.850 loading class java/nio/file/FileTreeWalker$DirectoryNode
Event: 2.850 loading class java/nio/file/FileTreeWalker$DirectoryNode done
Event: 2.850 loading class java/nio/file/FileTreeWalker$Event
Event: 2.850 loading class java/nio/file/FileTreeWalker$Event done
Event: 2.850 loading class java/nio/file/FileTreeWalker$EventType
Event: 2.850 loading class java/nio/file/FileTreeWalker$EventType done
Event: 2.850 loading class java/nio/file/Files$3
Event: 2.850 loading class java/nio/file/Files$3 done
Event: 2.851 loading class java/nio/file/FileVisitResult
Event: 2.851 loading class java/nio/file/FileVisitResult done
Event: 2.862 Thread 0x000001e142b590f0 Thread added: 0x000001e142b590f0
Event: 2.863 loading class sun/nio/fs/WindowsPath$1
Event: 2.863 loading class sun/nio/fs/WindowsPath$1 done
Event: 2.879 loading class java/nio/charset/CharacterCodingException
Event: 2.879 loading class java/nio/charset/CharacterCodingException done
Event: 2.893 Thread 0x000001e142b543f0 Thread added: 0x000001e142b543f0


Dynamic libraries:
0x00007ff753d20000 - 0x00007ff753d2a000 	C:\Program Files\Android\Android Studio1\jbr\bin\java.exe
0x00007ffe194f0000 - 0x00007ffe19707000 	C:\WINDOWS\SYSTEM32\ntdll.dll
0x00007ffe18470000 - 0x00007ffe18534000 	C:\WINDOWS\System32\KERNEL32.DLL
0x00007ffe16ab0000 - 0x00007ffe16e55000 	C:\WINDOWS\System32\KERNELBASE.dll
0x00007ffe17120000 - 0x00007ffe17231000 	C:\WINDOWS\System32\ucrtbase.dll
0x00007ffdfff40000 - 0x00007ffdfff57000 	C:\Program Files\Android\Android Studio1\jbr\bin\jli.dll
0x00007ffe18ab0000 - 0x00007ffe18c5e000 	C:\WINDOWS\System32\USER32.dll
0x00007ffe16f00000 - 0x00007ffe16f26000 	C:\WINDOWS\System32\win32u.dll
0x00007ffe02d30000 - 0x00007ffe02d4b000 	C:\Program Files\Android\Android Studio1\jbr\bin\VCRUNTIME140.dll
0x00007ffddff60000 - 0x00007ffde01f3000 	C:\WINDOWS\WinSxS\amd64_microsoft.windows.common-controls_6595b64144ccf1df_6.0.22621.2506_none_270c5ae97388e100\COMCTL32.dll
0x00007ffe18c60000 - 0x00007ffe18c89000 	C:\WINDOWS\System32\GDI32.dll
0x00007ffe19310000 - 0x00007ffe193b7000 	C:\WINDOWS\System32\msvcrt.dll
0x00007ffe16990000 - 0x00007ffe16aa9000 	C:\WINDOWS\System32\gdi32full.dll
0x00007ffe16e60000 - 0x00007ffe16efa000 	C:\WINDOWS\System32\msvcp_win.dll
0x00007ffe19470000 - 0x00007ffe194a1000 	C:\WINDOWS\System32\IMM32.DLL
0x00007ffe02d90000 - 0x00007ffe02d9c000 	C:\Program Files\Android\Android Studio1\jbr\bin\vcruntime140_1.dll
0x00007ffdd2c60000 - 0x00007ffdd2ced000 	C:\Program Files\Android\Android Studio1\jbr\bin\msvcp140.dll
0x00007ffd99690000 - 0x00007ffd9a2fe000 	C:\Program Files\Android\Android Studio1\jbr\bin\server\jvm.dll
0x00007ffe19230000 - 0x00007ffe192e1000 	C:\WINDOWS\System32\ADVAPI32.dll
0x00007ffe18ee0000 - 0x00007ffe18f86000 	C:\WINDOWS\System32\sechost.dll
0x00007ffe17aa0000 - 0x00007ffe17bb7000 	C:\WINDOWS\System32\RPCRT4.dll
0x00007ffde8b60000 - 0x00007ffde8b69000 	C:\WINDOWS\SYSTEM32\WSOCK32.dll
0x00007ffe0e980000 - 0x00007ffe0e9b4000 	C:\WINDOWS\SYSTEM32\WINMM.dll
0x00007ffe19150000 - 0x00007ffe191c1000 	C:\WINDOWS\System32\WS2_32.dll
0x00007ffe0f310000 - 0x00007ffe0f31a000 	C:\WINDOWS\SYSTEM32\VERSION.dll
0x00007ffe15860000 - 0x00007ffe15878000 	C:\WINDOWS\SYSTEM32\kernel.appcore.dll
0x00007ffe02d80000 - 0x00007ffe02d8a000 	C:\Program Files\Android\Android Studio1\jbr\bin\jimage.dll
0x00007ffe13a90000 - 0x00007ffe13cc3000 	C:\WINDOWS\SYSTEM32\DBGHELP.DLL
0x00007ffe18720000 - 0x00007ffe18aa9000 	C:\WINDOWS\System32\combase.dll
0x00007ffe18300000 - 0x00007ffe183d7000 	C:\WINDOWS\System32\OLEAUT32.dll
0x00007ffdef880000 - 0x00007ffdef8b2000 	C:\WINDOWS\SYSTEM32\dbgcore.DLL
0x00007ffe16f30000 - 0x00007ffe16faa000 	C:\WINDOWS\System32\bcryptPrimitives.dll
0x00007ffe02ca0000 - 0x00007ffe02cc5000 	C:\Program Files\Android\Android Studio1\jbr\bin\java.dll
0x00007ffe00470000 - 0x00007ffe00488000 	C:\Program Files\Android\Android Studio1\jbr\bin\zip.dll
0x00007ffe17240000 - 0x00007ffe17a99000 	C:\WINDOWS\System32\SHELL32.dll
0x00007ffe14780000 - 0x00007ffe15074000 	C:\WINDOWS\SYSTEM32\windows.storage.dll
0x00007ffe14640000 - 0x00007ffe1477e000 	C:\WINDOWS\SYSTEM32\wintypes.dll
0x00007ffe17bc0000 - 0x00007ffe17cb3000 	C:\WINDOWS\System32\SHCORE.dll
0x00007ffe191d0000 - 0x00007ffe1922e000 	C:\WINDOWS\System32\shlwapi.dll
0x00007ffe16790000 - 0x00007ffe167b6000 	C:\WINDOWS\SYSTEM32\profapi.dll
0x00007ffe00000000 - 0x00007ffe00019000 	C:\Program Files\Android\Android Studio1\jbr\bin\net.dll
0x00007ffe10d70000 - 0x00007ffe10ea7000 	C:\WINDOWS\SYSTEM32\WINHTTP.dll
0x00007ffe15ce0000 - 0x00007ffe15d49000 	C:\WINDOWS\system32\mswsock.dll
0x00007ffdfffe0000 - 0x00007ffdffff6000 	C:\Program Files\Android\Android Studio1\jbr\bin\nio.dll
0x00007ffe02c90000 - 0x00007ffe02ca0000 	C:\Program Files\Android\Android Studio1\jbr\bin\verify.dll
0x00007ffdc5390000 - 0x00007ffdc53b7000 	C:\Users\Acer\.gradle\native\68d5fa5c4cc2d200863cafc0d521ce42e7d3e7ee720ec0a83991735586a16f82\windows-amd64\native-platform.dll
0x00007ffdbdf00000 - 0x00007ffdbe044000 	C:\Users\Acer\.gradle\native\e376f236ea51e6404a007f0833ffe2c6e607c4080706a723a18a27aeea778392\windows-amd64\native-platform-file-events.dll
0x00007ffe02c20000 - 0x00007ffe02c29000 	C:\Program Files\Android\Android Studio1\jbr\bin\management.dll
0x00007ffe02960000 - 0x00007ffe0296b000 	C:\Program Files\Android\Android Studio1\jbr\bin\management_ext.dll
0x00007ffe17cd0000 - 0x00007ffe17cd8000 	C:\WINDOWS\System32\PSAPI.DLL
0x00007ffe15f30000 - 0x00007ffe15f4b000 	C:\WINDOWS\SYSTEM32\CRYPTSP.dll
0x00007ffe157c0000 - 0x00007ffe157f5000 	C:\WINDOWS\system32\rsaenh.dll
0x00007ffe15dd0000 - 0x00007ffe15dfc000 	C:\WINDOWS\SYSTEM32\USERENV.dll
0x00007ffe16170000 - 0x00007ffe16198000 	C:\WINDOWS\SYSTEM32\bcrypt.dll
0x00007ffe15f50000 - 0x00007ffe15f5c000 	C:\WINDOWS\SYSTEM32\CRYPTBASE.dll
0x00007ffe15320000 - 0x00007ffe1534d000 	C:\WINDOWS\SYSTEM32\IPHLPAPI.DLL
0x00007ffe183e0000 - 0x00007ffe183e9000 	C:\WINDOWS\System32\NSI.dll
0x00007ffe0ecb0000 - 0x00007ffe0ecc9000 	C:\WINDOWS\SYSTEM32\dhcpcsvc6.DLL
0x00007ffe0e960000 - 0x00007ffe0e97f000 	C:\WINDOWS\SYSTEM32\dhcpcsvc.DLL
0x00007ffe153a0000 - 0x00007ffe15499000 	C:\WINDOWS\SYSTEM32\DNSAPI.dll
0x00007ffde3bb0000 - 0x00007ffde3bb8000 	C:\WINDOWS\system32\wshunix.dll

dbghelp: loaded successfully - version: 4.0.5 - missing functions: none
symbol engine: initialized successfully - sym options: 0x614 - pdb path: .;C:\Program Files\Android\Android Studio1\jbr\bin;C:\WINDOWS\SYSTEM32;C:\WINDOWS\WinSxS\amd64_microsoft.windows.common-controls_6595b64144ccf1df_6.0.22621.2506_none_270c5ae97388e100;C:\Program Files\Android\Android Studio1\jbr\bin\server;C:\Users\Acer\.gradle\native\68d5fa5c4cc2d200863cafc0d521ce42e7d3e7ee720ec0a83991735586a16f82\windows-amd64;C:\Users\Acer\.gradle\native\e376f236ea51e6404a007f0833ffe2c6e607c4080706a723a18a27aeea778392\windows-amd64

VM Arguments:
jvm_args: --add-opens=java.base/java.util=ALL-UNNAMED --add-opens=java.base/java.lang=ALL-UNNAMED --add-opens=java.base/java.lang.invoke=ALL-UNNAMED --add-opens=java.prefs/java.util.prefs=ALL-UNNAMED --add-opens=java.base/java.nio.charset=ALL-UNNAMED --add-opens=java.base/java.net=ALL-UNNAMED --add-opens=java.base/java.util.concurrent.atomic=ALL-UNNAMED -Xmx2048m -Dfile.encoding=UTF-8 -Duser.country=US -Duser.language=en -Duser.variant 
java_command: org.gradle.launcher.daemon.bootstrap.GradleDaemon 8.0
java_class_path (initial): C:\Users\Acer\.gradle\wrapper\dists\gradle-8.0-bin\ca5e32bp14vu59qr306oxotwh\gradle-8.0\lib\gradle-launcher-8.0.jar
Launcher Type: SUN_STANDARD

[Global flags]
     intx CICompilerCount                          = 4                                         {product} {ergonomic}
     uint ConcGCThreads                            = 2                                         {product} {ergonomic}
     uint G1ConcRefinementThreads                  = 8                                         {product} {ergonomic}
   size_t G1HeapRegionSize                         = 1048576                                   {product} {ergonomic}
    uintx GCDrainStackTargetSize                   = 64                                        {product} {ergonomic}
   size_t InitialHeapSize                          = 266338304                                 {product} {ergonomic}
   size_t MarkStackSize                            = 4194304                                   {product} {ergonomic}
   size_t MaxHeapSize                              = 2147483648                                {product} {command line}
   size_t MaxNewSize                               = 1287651328                                {product} {ergonomic}
   size_t MinHeapDeltaBytes                        = 1048576                                   {product} {ergonomic}
   size_t MinHeapSize                              = 8388608                                   {product} {ergonomic}
    uintx NonNMethodCodeHeapSize                   = 5839372                                {pd product} {ergonomic}
    uintx NonProfiledCodeHeapSize                  = 122909434                              {pd product} {ergonomic}
    uintx ProfiledCodeHeapSize                     = 122909434                              {pd product} {ergonomic}
    uintx ReservedCodeCacheSize                    = 251658240                              {pd product} {ergonomic}
     bool SegmentedCodeCache                       = true                                      {product} {ergonomic}
   size_t SoftMaxHeapSize                          = 2147483648                             {manageable} {ergonomic}
     bool UseCompressedClassPointers               = true                           {product lp64_product} {ergonomic}
     bool UseCompressedOops                        = true                           {product lp64_product} {ergonomic}
     bool UseG1GC                                  = true                                      {product} {ergonomic}
     bool UseLargePagesIndividualAllocation        = false                                  {pd product} {ergonomic}

Logging:
Log output configuration:
 #0: stdout all=warning uptime,level,tags
 #1: stderr all=off uptime,level,tags

Environment Variables:
PATH=C:\Program Files\Common Files\Oracle\Java\javapath;C:\Program Files\Microsoft\jdk-11.0.16.101-hotspot\bin;C:\WINDOWS\system32;C:\WINDOWS;C:\WINDOWS\System32\Wbem;C:\WINDOWS\System32\WindowsPowerShell\v1.0\;C:\WINDOWS\System32\OpenSSH\;C:\Program Files\Git\cmd;C:\Users\Acer\AppData\Local\Programs\Python\Python39;C:\Users\Acer\AppData\Local\Programs\Python\Python39\Scripts;C:\Program Files\nodejs\;C:\Program Files\dotnet\;C:\Program Files\Microsoft SQL Server\150\Tools\Binn\;C:\Program Files\Microsoft SQL Server\Client SDK\ODBC\170\Tools\Binn\;C:\ProgramData\chocolatey\bin;C:\Program Files\Maven\apache-maven-3.9.5\bin;C:\Users\Acer\AppData\Local\Microsoft\WindowsApps;C:\Users\Acer\AppData\Local\Programs\Microsoft VS Code\bin;C:\Program Files\JetBrains\PyCharm Community Edition 2023.1\bin;;C:\Users\Acer\AppData\Local\GitHubDesktop\bin;C:\Users\Acer\AppData\Roaming\npm;C:\Users\Acer\.dotnet\tools;C:\Program Files\JetBrains\IntelliJ IDEA Community Edition 2023.2.5\bin;
USERNAME=Acer
OS=Windows_NT
PROCESSOR_IDENTIFIER=Intel64 Family 6 Model 140 Stepping 1, GenuineIntel
TMP=C:\Users\Acer\AppData\Local\Temp
TEMP=C:\Users\Acer\AppData\Local\Temp


JNI global refs:
JNI global refs: 23, weak refs: 0

JNI global refs memory usage: 843, weak refs: 841


---------------  S Y S T E M  ---------------

OS:
 Windows 11 , 64 bit Build 22621 (10.0.22621.2506)
OS uptime: 3 days 1:53 hours

CPU: total 8 (initial active 8) (4 cores per cpu, 2 threads per core) family 6 model 140 stepping 1 microcode 0xa4, cx8, cmov, fxsr, ht, mmx, 3dnowpref, sse, sse2, sse3, ssse3, sse4.1, sse4.2, popcnt, lzcnt, tsc, tscinvbit, avx, avx2, aes, erms, clmul, bmi1, bmi2, adx, avx512f, avx512dq, avx512cd, avx512bw, avx512vl, sha, fma, vzeroupper, avx512_vpopcntdq, avx512_vpclmulqdq, avx512_vaes, avx512_vnni, clflush, clflushopt, clwb, avx512_vbmi2, avx512_vbmi

Memory: 4k page, system-wide physical 16179M (726M free)
TotalPageFile size 19097M (AvailPageFile size 9M)
current process WorkingSet (physical memory assigned to process): 210M, peak: 214M
current process commit charge ("private bytes"): 253M, peak: 396M

vm_info: OpenJDK 64-Bit Server VM (17.0.6+0-b2043.56-10027231) for windows-amd64 JRE (17.0.6+0-b2043.56-10027231), built on Apr 28 2023 00:43:19 by "androidbuild" with MS VC++ 16.10 / 16.11 (VS2019)

END.
